{"meta": {"format": 3, "version": "7.13.0", "timestamp": "2026-01-06T09:33:52.980215", "branch_coverage": true, "show_contexts": false}, "files": {"src/m2py/analysis/semantic_analyzer.py": {"executed_lines": [1, 23, 24, 26, 43, 115, 116, 124, 132, 133, 134, 139, 140, 141, 142, 145, 146, 147, 148, 151, 152, 153, 155, 156, 157, 158, 159, 160, 161, 171, 172, 185, 186, 187, 188, 190, 196, 199, 202, 203, 204, 207, 208, 215, 218, 221, 222, 224, 225, 226, 227, 229, 236, 242, 250, 256, 260, 263, 279, 285, 287, 342, 358, 382, 415, 516, 532, 570, 573, 575, 599, 607, 615, 632, 651, 670, 702, 723, 730, 737, 746, 759, 800, 813, 902, 924, 930, 989, 1024, 1056, 1073, 1143, 1222, 1236, 1275, 1286, 1335, 1387, 1433, 1477, 1500, 1508, 1516, 1545, 1592, 1625, 1664, 1685, 1716, 1753, 1781, 1818, 1924, 1938, 1954, 1960, 2003, 2018, 2045, 2053, 2057, 2068, 2079, 2095, 2116, 2127, 2147, 2168, 2174, 2175, 2176, 2178, 2179, 2180, 2181, 2182, 2183, 2185, 2187, 2195, 2197, 2205, 2206, 2207, 2208, 2209, 2211, 2218, 2219, 2220, 2221, 2222, 2223, 2225, 2248, 2265, 2288, 2306, 2324, 2339, 2364, 2397, 2430, 2449, 2467, 2494, 2512, 2530, 2548, 2566, 2584, 2599, 2610, 2616, 2622, 2639, 2650, 2655, 2690, 2711, 2730, 2737, 2746, 2747, 2762, 2767, 2773, 2782, 2791, 2797, 2807, 2808, 2811, 2856], "summary": {"covered_lines": 190, "num_statements": 1382, "percent_covered": 10.328638497652582, "percent_covered_display": "10", "missing_lines": 1192, "excluded_lines": 1, "percent_statements_covered": 13.748191027496382, "percent_statements_covered_display": "14", "num_branches": 748, "num_partial_branches": 14, "covered_branches": 30, "missing_branches": 718, "percent_branches_covered": 4.010695187165775, "percent_branches_covered_display": "4"}, "missing_lines": [197, 213, 230, 231, 232, 233, 234, 237, 238, 239, 240, 243, 244, 245, 246, 247, 248, 251, 252, 253, 254, 257, 258, 261, 264, 266, 267, 268, 270, 271, 275, 277, 281, 282, 283, 304, 305, 307, 308, 309, 315, 316, 317, 319, 320, 327, 328, 329, 336, 354, 355, 356, 370, 371, 374, 375, 379, 380, 391, 394, 395, 396, 398, 401, 402, 403, 404, 405, 406, 407, 409, 410, 411, 413, 429, 430, 433, 434, 435, 438, 447, 449, 450, 452, 453, 454, 457, 462, 465, 468, 472, 473, 476, 477, 478, 479, 482, 483, 485, 486, 487, 489, 493, 494, 496, 497, 498, 500, 501, 503, 504, 505, 507, 509, 514, 521, 522, 524, 525, 526, 527, 528, 530, 534, 537, 538, 540, 541, 543, 544, 545, 546, 548, 549, 552, 555, 556, 561, 562, 563, 564, 565, 567, 584, 585, 586, 589, 590, 591, 592, 593, 594, 596, 597, 605, 613, 626, 646, 647, 648, 649, 658, 660, 661, 662, 664, 665, 666, 668, 678, 681, 682, 685, 686, 689, 690, 695, 696, 700, 711, 713, 714, 715, 717, 725, 726, 727, 728, 732, 733, 734, 735, 739, 740, 741, 742, 743, 744, 748, 749, 750, 751, 752, 753, 761, 762, 763, 765, 766, 768, 769, 770, 773, 774, 776, 778, 779, 780, 781, 783, 784, 785, 788, 789, 790, 791, 793, 794, 796, 798, 802, 803, 804, 806, 807, 808, 809, 811, 829, 830, 831, 833, 834, 836, 839, 842, 843, 844, 847, 850, 851, 852, 858, 859, 864, 865, 866, 869, 870, 871, 874, 880, 883, 884, 887, 888, 889, 891, 892, 893, 896, 897, 898, 900, 908, 909, 912, 913, 917, 919, 920, 922, 926, 927, 928, 932, 933, 936, 938, 939, 940, 943, 944, 947, 948, 950, 951, 952, 954, 955, 957, 958, 959, 960, 961, 963, 965, 966, 968, 971, 974, 975, 978, 979, 982, 983, 984, 985, 987, 998, 1001, 1002, 1003, 1004, 1006, 1007, 1008, 1011, 1013, 1014, 1015, 1019, 1020, 1022, 1033, 1034, 1035, 1036, 1038, 1039, 1042, 1045, 1046, 1047, 1048, 1049, 1051, 1052, 1053, 1054, 1058, 1059, 1061, 1063, 1064, 1066, 1067, 1068, 1069, 1071, 1075, 1076, 1077, 1079, 1080, 1081, 1083, 1084, 1087, 1088, 1089, 1090, 1093, 1094, 1097, 1098, 1101, 1102, 1105, 1106, 1107, 1111, 1114, 1115, 1117, 1118, 1119, 1122, 1123, 1124, 1128, 1131, 1132, 1134, 1135, 1137, 1139, 1141, 1145, 1146, 1147, 1149, 1150, 1151, 1153, 1154, 1157, 1158, 1159, 1160, 1163, 1164, 1167, 1168, 1171, 1172, 1175, 1176, 1177, 1181, 1184, 1185, 1188, 1189, 1193, 1194, 1195, 1198, 1199, 1200, 1204, 1207, 1208, 1210, 1211, 1213, 1215, 1216, 1218, 1220, 1228, 1231, 1232, 1234, 1242, 1243, 1246, 1247, 1248, 1252, 1253, 1254, 1255, 1256, 1257, 1258, 1260, 1263, 1265, 1269, 1270, 1271, 1273, 1277, 1278, 1279, 1281, 1282, 1284, 1296, 1297, 1298, 1300, 1301, 1302, 1303, 1304, 1306, 1307, 1308, 1309, 1310, 1312, 1314, 1315, 1316, 1317, 1318, 1320, 1321, 1322, 1324, 1325, 1326, 1327, 1328, 1329, 1331, 1333, 1345, 1346, 1347, 1350, 1351, 1352, 1354, 1356, 1358, 1361, 1362, 1363, 1365, 1368, 1369, 1370, 1373, 1374, 1377, 1378, 1379, 1380, 1383, 1385, 1400, 1401, 1402, 1404, 1405, 1406, 1408, 1409, 1410, 1413, 1414, 1415, 1416, 1418, 1419, 1420, 1421, 1422, 1424, 1425, 1426, 1427, 1429, 1431, 1444, 1445, 1446, 1448, 1449, 1450, 1452, 1453, 1454, 1457, 1458, 1459, 1460, 1462, 1463, 1464, 1465, 1466, 1468, 1469, 1470, 1471, 1473, 1475, 1479, 1480, 1481, 1484, 1485, 1486, 1487, 1488, 1490, 1491, 1493, 1494, 1495, 1496, 1498, 1502, 1503, 1504, 1506, 1510, 1511, 1512, 1514, 1518, 1519, 1520, 1522, 1523, 1524, 1525, 1527, 1530, 1531, 1532, 1533, 1534, 1536, 1537, 1539, 1540, 1541, 1543, 1559, 1560, 1561, 1564, 1565, 1567, 1568, 1569, 1570, 1571, 1572, 1573, 1574, 1575, 1578, 1579, 1580, 1581, 1585, 1586, 1587, 1588, 1590, 1603, 1606, 1607, 1609, 1612, 1613, 1616, 1617, 1618, 1620, 1621, 1623, 1634, 1637, 1638, 1640, 1643, 1644, 1647, 1648, 1651, 1652, 1653, 1655, 1656, 1659, 1660, 1662, 1670, 1671, 1672, 1674, 1675, 1676, 1677, 1678, 1679, 1680, 1681, 1683, 1691, 1692, 1693, 1697, 1698, 1699, 1700, 1703, 1704, 1706, 1707, 1709, 1710, 1712, 1714, 1727, 1728, 1729, 1732, 1733, 1734, 1735, 1737, 1738, 1740, 1741, 1745, 1746, 1749, 1751, 1762, 1764, 1766, 1769, 1771, 1772, 1773, 1774, 1776, 1777, 1779, 1792, 1793, 1794, 1797, 1798, 1799, 1800, 1802, 1803, 1805, 1806, 1810, 1811, 1814, 1816, 1833, 1834, 1835, 1838, 1839, 1840, 1842, 1843, 1846, 1847, 1848, 1849, 1852, 1853, 1856, 1857, 1860, 1861, 1864, 1865, 1866, 1870, 1873, 1874, 1877, 1878, 1882, 1883, 1884, 1887, 1888, 1889, 1893, 1896, 1897, 1899, 1900, 1902, 1904, 1905, 1908, 1911, 1912, 1917, 1918, 1920, 1922, 1926, 1927, 1928, 1932, 1933, 1934, 1936, 1949, 1950, 1952, 1956, 1957, 1958, 1967, 1968, 1969, 1972, 1973, 1975, 1976, 1977, 1978, 1979, 1980, 1981, 1986, 1987, 1988, 1989, 1991, 1993, 1994, 1998, 1999, 2001, 2005, 2006, 2007, 2009, 2011, 2014, 2016, 2026, 2029, 2030, 2031, 2032, 2033, 2034, 2035, 2036, 2038, 2040, 2041, 2042, 2043, 2047, 2048, 2049, 2050, 2051, 2055, 2063, 2064, 2065, 2066, 2074, 2075, 2076, 2077, 2085, 2086, 2087, 2090, 2091, 2093, 2102, 2103, 2105, 2106, 2107, 2108, 2111, 2112, 2113, 2114, 2122, 2123, 2124, 2125, 2133, 2134, 2135, 2138, 2139, 2141, 2153, 2154, 2155, 2157, 2158, 2159, 2160, 2161, 2162, 2163, 2164, 2166, 2231, 2232, 2233, 2235, 2236, 2237, 2238, 2239, 2240, 2241, 2242, 2243, 2244, 2246, 2254, 2255, 2256, 2258, 2259, 2260, 2261, 2263, 2271, 2272, 2273, 2275, 2276, 2277, 2278, 2279, 2280, 2281, 2282, 2283, 2284, 2286, 2294, 2295, 2296, 2298, 2299, 2300, 2301, 2302, 2304, 2312, 2313, 2314, 2316, 2317, 2318, 2319, 2320, 2322, 2330, 2331, 2332, 2334, 2335, 2337, 2345, 2346, 2347, 2349, 2350, 2351, 2352, 2354, 2355, 2357, 2358, 2360, 2362, 2371, 2372, 2373, 2376, 2377, 2379, 2380, 2381, 2382, 2383, 2384, 2385, 2388, 2389, 2390, 2392, 2393, 2395, 2406, 2407, 2408, 2411, 2412, 2414, 2415, 2416, 2417, 2418, 2421, 2422, 2423, 2425, 2426, 2428, 2437, 2438, 2439, 2441, 2442, 2443, 2444, 2445, 2447, 2455, 2456, 2457, 2459, 2460, 2461, 2462, 2463, 2465, 2473, 2474, 2475, 2477, 2478, 2479, 2480, 2481, 2482, 2483, 2484, 2485, 2486, 2487, 2488, 2489, 2490, 2492, 2500, 2501, 2502, 2504, 2505, 2506, 2507, 2508, 2510, 2518, 2519, 2520, 2522, 2523, 2524, 2525, 2526, 2528, 2536, 2537, 2538, 2540, 2541, 2542, 2543, 2544, 2546, 2554, 2555, 2556, 2558, 2559, 2560, 2561, 2562, 2564, 2572, 2573, 2574, 2576, 2577, 2578, 2579, 2580, 2582, 2590, 2591, 2592, 2593, 2601, 2602, 2603, 2604, 2605, 2606, 2607, 2608, 2614, 2618, 2619, 2620, 2625, 2626, 2628, 2629, 2630, 2631, 2632, 2633, 2634, 2635, 2637, 2641, 2642, 2643, 2644, 2645, 2646, 2647, 2648, 2653, 2663, 2666, 2667, 2670, 2671, 2674, 2675, 2676, 2677, 2680, 2681, 2682, 2685, 2686, 2688, 2692, 2693, 2694, 2695, 2696, 2697, 2698, 2699, 2700, 2701, 2702, 2703, 2704, 2705, 2718, 2727, 2728, 2732, 2733, 2734, 2735, 2749, 2750, 2754, 2755, 2756, 2757, 2758, 2759, 2760, 2764, 2765, 2769, 2770, 2771, 2783, 2793, 2794, 2834, 2835, 2838, 2840, 2844, 2845, 2848, 2849, 2850, 2853, 2862, 2863, 2866, 2867, 2870, 2872, 2873, 2874, 2875, 2877, 2880, 2881, 2882, 2883, 2884, 2887, 2888, 2890], "excluded_lines": [627], "executed_branches": [[196, 199], [203, 204], [203, 207], [207, 208], [221, 222], [221, 229], [225, 226], [225, 227], [229, 236], [236, 242], [242, 250], [250, 256], [256, 260], [260, 263], [263, 279], [279, 285], [2178, 2179], [2179, 2180], [2179, 2185], [2181, 2182], [2205, 2206], [2205, 2207], [2207, 2208], [2207, 2209], [2218, 2219], [2218, 2223], [2220, 2221], [2220, 2222], [2746, 2747], [2782, -2773]], "missing_branches": [[196, 197], [207, 213], [229, 230], [232, 233], [232, 234], [236, 237], [238, 239], [238, 240], [242, 243], [244, 245], [244, 246], [247, 248], [247, 285], [250, 251], [252, 253], [252, 254], [256, 257], [260, 261], [263, 264], [266, 267], [266, 270], [270, 271], [270, 277], [279, 281], [281, 282], [281, 285], [304, 305], [304, 327], [307, 308], [307, 315], [315, 316], [315, 327], [327, 328], [327, 336], [354, 355], [354, 356], [370, 371], [370, 374], [375, -358], [375, 379], [395, 396], [395, 398], [398, 401], [398, 413], [402, 403], [402, 411], [429, 430], [429, 514], [433, 434], [433, 509], [434, 435], [434, 507], [447, 449], [447, 489], [457, 462], [457, 472], [476, 477], [476, 485], [489, 434], [489, 493], [521, 522], [521, 524], [525, 526], [525, 530], [526, 527], [526, 530], [537, 538], [537, 555], [541, 543], [541, 546], [546, 548], [546, 549], [549, 552], [549, 555], [555, 556], [555, 561], [561, 562], [561, 563], [563, 564], [563, 567], [590, 591], [590, 594], [591, 592], [591, 594], [592, 593], [592, 594], [660, 661], [660, 664], [664, 665], [664, 668], [681, 682], [681, 700], [685, 686], [685, 689], [689, 690], [689, 695], [695, 696], [695, 700], [713, 714], [713, 717], [742, 743], [742, 744], [751, 752], [751, 753], [765, 766], [765, 798], [766, 768], [766, 798], [768, 766], [768, 769], [770, 773], [770, 788], [774, 776], [774, 778], [778, 766], [778, 779], [783, 784], [783, 785], [790, 791], [790, 793], [793, 794], [793, 796], [806, 807], [806, 811], [807, 808], [807, 811], [808, 807], [808, 809], [833, 834], [833, 900], [834, 836], [834, 900], [842, 843], [842, 887], [850, 851], [850, 858], [865, 866], [865, 869], [870, 871], [870, 874], [883, 834], [883, 884], [887, 888], [887, 891], [891, 892], [891, 896], [897, 834], [897, 898], [912, 913], [912, 922], [919, 920], [919, 922], [936, 938], [936, 940], [940, 943], [940, 950], [943, 944], [943, 947], [950, 951], [950, 971], [951, 952], [951, 971], [954, 955], [954, 957], [957, 958], [957, 965], [959, 960], [959, 963], [974, 975], [974, 978], [978, 979], [978, 987], [979, 978], [979, 982], [983, 978], [983, 984], [1001, 1002], [1001, 1011], [1002, 1003], [1002, 1006], [1013, 1014], [1013, 1019], [1034, 1035], [1034, 1045], [1035, 1036], [1035, 1038], [1038, 1039], [1038, 1042], [1045, 1046], [1045, 1051], [1058, 1059], [1058, 1061], [1063, 1064], [1063, 1066], [1066, 1067], [1066, 1068], [1068, 1069], [1068, 1071], [1079, 1080], [1079, 1141], [1080, 1081], [1080, 1141], [1083, 1084], [1083, 1087], [1087, 1088], [1087, 1117], [1093, 1094], [1093, 1101], [1101, 1102], [1101, 1105], [1105, 1106], [1105, 1107], [1107, 1111], [1107, 1139], [1117, 1118], [1117, 1139], [1122, 1123], [1122, 1124], [1124, 1128], [1124, 1134], [1134, 1135], [1134, 1137], [1149, 1150], [1149, 1220], [1150, 1151], [1150, 1220], [1153, 1154], [1153, 1157], [1157, 1158], [1157, 1193], [1163, 1164], [1163, 1171], [1171, 1172], [1171, 1175], [1175, 1176], [1175, 1177], [1177, 1181], [1177, 1188], [1188, 1189], [1188, 1215], [1193, 1194], [1193, 1215], [1198, 1199], [1198, 1200], [1200, 1204], [1200, 1210], [1210, 1211], [1210, 1213], [1215, 1216], [1215, 1218], [1246, 1247], [1246, 1252], [1252, 1253], [1252, 1254], [1254, 1255], [1254, 1256], [1256, 1257], [1256, 1258], [1258, 1260], [1258, 1265], [1269, 1270], [1269, 1273], [1281, 1282], [1281, 1284], [1300, 1301], [1300, 1316], [1304, 1306], [1304, 1333], [1307, 1308], [1307, 1315], [1308, 1309], [1308, 1310], [1310, 1312], [1310, 1314], [1316, 1317], [1316, 1333], [1317, 1318], [1317, 1333], [1318, 1320], [1318, 1322], [1322, 1324], [1322, 1326], [1326, 1327], [1326, 1331], [1350, 1351], [1350, 1385], [1354, 1356], [1354, 1368], [1356, 1358], [1356, 1363], [1361, 1354], [1361, 1362], [1363, 1354], [1363, 1365], [1368, 1369], [1368, 1383], [1373, 1374], [1373, 1377], [1378, 1379], [1378, 1380], [1404, 1405], [1404, 1431], [1408, 1409], [1408, 1418], [1409, 1410], [1409, 1415], [1413, 1408], [1413, 1414], [1415, 1408], [1415, 1416], [1418, 1419], [1418, 1429], [1421, 1422], [1421, 1424], [1425, 1426], [1425, 1427], [1448, 1449], [1448, 1475], [1452, 1453], [1452, 1462], [1453, 1454], [1453, 1459], [1457, 1452], [1457, 1458], [1459, 1452], [1459, 1460], [1462, 1463], [1462, 1473], [1465, 1466], [1465, 1468], [1469, 1470], [1469, 1471], [1484, 1485], [1484, 1493], [1485, 1486], [1485, 1490], [1487, 1485], [1487, 1488], [1490, 1491], [1490, 1498], [1493, 1494], [1493, 1498], [1495, 1496], [1495, 1498], [1522, 1523], [1522, 1530], [1523, 1524], [1523, 1530], [1524, 1525], [1524, 1527], [1532, 1533], [1532, 1539], [1533, 1534], [1533, 1536], [1539, 1540], [1539, 1543], [1564, 1565], [1564, 1578], [1568, 1569], [1568, 1570], [1570, 1571], [1570, 1574], [1571, 1572], [1571, 1574], [1574, 1575], [1574, 1578], [1578, 1579], [1578, 1585], [1579, 1580], [1579, 1585], [1585, 1586], [1585, 1590], [1587, 1588], [1587, 1590], [1606, 1607], [1606, 1609], [1612, 1613], [1612, 1620], [1620, 1621], [1620, 1623], [1637, 1638], [1637, 1640], [1643, 1644], [1643, 1647], [1647, 1648], [1647, 1655], [1655, 1656], [1655, 1659], [1659, 1660], [1659, 1662], [1674, 1675], [1674, 1683], [1675, 1676], [1675, 1683], [1677, 1678], [1677, 1679], [1679, 1680], [1679, 1681], [1697, 1698], [1697, 1714], [1699, 1700], [1699, 1714], [1703, 1704], [1703, 1706], [1706, 1707], [1706, 1709], [1709, 1710], [1709, 1712], [1732, 1733], [1732, 1751], [1734, 1735], [1734, 1751], [1737, 1738], [1737, 1740], [1740, 1741], [1740, 1745], [1745, 1746], [1745, 1749], [1762, 1764], [1762, 1776], [1764, 1766], [1764, 1769], [1776, 1777], [1776, 1779], [1797, 1798], [1797, 1816], [1799, 1800], [1799, 1816], [1802, 1803], [1802, 1805], [1805, 1806], [1805, 1810], [1810, 1811], [1810, 1814], [1838, 1839], [1838, 1922], [1839, 1840], [1839, 1922], [1842, 1843], [1842, 1846], [1846, 1847], [1846, 1882], [1852, 1853], [1852, 1860], [1860, 1861], [1860, 1864], [1864, 1865], [1864, 1866], [1866, 1870], [1866, 1877], [1877, 1878], [1877, 1904], [1882, 1883], [1882, 1904], [1887, 1888], [1887, 1889], [1889, 1893], [1889, 1899], [1899, 1900], [1899, 1902], [1904, 1905], [1904, 1908], [1911, 1912], [1911, 1917], [1917, 1918], [1917, 1920], [1932, 1933], [1932, 1936], [1949, 1950], [1949, 1952], [1956, 1957], [1956, 1958], [1972, 1973], [1972, 1986], [1975, 1976], [1975, 1977], [1977, 1978], [1977, 1986], [1979, 1980], [1979, 1981], [1986, 1987], [1986, 2001], [1989, 1991], [1989, 1999], [1991, 1993], [1991, 1998], [1993, 1989], [1993, 1994], [2005, 2006], [2005, 2007], [2007, 2009], [2007, 2014], [2026, 2029], [2026, 2035], [2032, 2033], [2032, 2034], [2035, 2036], [2035, 2038], [2041, 2042], [2041, 2043], [2049, 2050], [2049, 2051], [2090, 2091], [2090, 2093], [2103, 2105], [2103, 2111], [2138, 2139], [2138, 2141], [2157, 2158], [2157, 2166], [2158, 2159], [2158, 2166], [2160, 2161], [2160, 2162], [2162, 2163], [2162, 2164], [2178, 2185], [2181, 2183], [2235, 2236], [2235, 2246], [2236, 2237], [2236, 2246], [2238, 2239], [2238, 2240], [2240, 2241], [2240, 2242], [2242, 2243], [2242, 2244], [2258, 2259], [2258, 2260], [2260, 2261], [2260, 2263], [2275, 2276], [2275, 2286], [2276, 2277], [2276, 2286], [2278, 2279], [2278, 2280], [2280, 2281], [2280, 2282], [2282, 2283], [2282, 2284], [2298, 2299], [2298, 2304], [2299, 2300], [2299, 2304], [2301, 2299], [2301, 2302], [2316, 2317], [2316, 2322], [2317, 2318], [2317, 2322], [2319, 2317], [2319, 2320], [2334, 2335], [2334, 2337], [2349, 2350], [2349, 2362], [2350, 2351], [2350, 2362], [2354, 2355], [2354, 2357], [2357, 2358], [2357, 2360], [2376, 2377], [2376, 2388], [2380, 2381], [2380, 2384], [2381, 2382], [2381, 2384], [2384, 2385], [2384, 2388], [2388, 2389], [2388, 2395], [2389, 2390], [2389, 2395], [2411, 2412], [2411, 2421], [2415, 2416], [2415, 2421], [2416, 2417], [2416, 2421], [2421, 2422], [2421, 2428], [2422, 2423], [2422, 2428], [2441, 2442], [2441, 2447], [2442, 2443], [2442, 2447], [2444, 2442], [2444, 2445], [2459, 2460], [2459, 2465], [2460, 2461], [2460, 2465], [2462, 2460], [2462, 2463], [2477, 2478], [2477, 2492], [2478, 2479], [2478, 2492], [2480, 2481], [2480, 2482], [2482, 2483], [2482, 2484], [2484, 2485], [2484, 2486], [2486, 2487], [2486, 2488], [2488, 2489], [2488, 2490], [2504, 2505], [2504, 2510], [2505, 2506], [2505, 2510], [2507, 2505], [2507, 2508], [2522, 2523], [2522, 2528], [2523, 2524], [2523, 2528], [2525, 2523], [2525, 2526], [2540, 2541], [2540, 2546], [2541, 2542], [2541, 2546], [2543, 2541], [2543, 2544], [2558, 2559], [2558, 2564], [2559, 2560], [2559, 2564], [2561, 2559], [2561, 2562], [2576, 2577], [2576, 2582], [2577, 2578], [2577, 2582], [2579, 2577], [2579, 2580], [2602, 2603], [2602, 2604], [2604, 2605], [2604, 2606], [2606, 2607], [2606, 2608], [2628, 2629], [2628, 2630], [2630, 2631], [2630, 2632], [2632, 2633], [2632, 2634], [2634, 2635], [2634, 2637], [2642, 2643], [2642, 2644], [2644, 2645], [2644, 2646], [2646, 2647], [2646, 2648], [2666, 2667], [2666, 2670], [2670, 2671], [2670, 2674], [2674, 2675], [2674, 2676], [2676, 2677], [2676, 2685], [2685, 2686], [2685, 2688], [2693, 2694], [2693, 2695], [2695, 2696], [2695, 2697], [2697, 2698], [2697, 2699], [2699, 2700], [2699, 2701], [2701, 2702], [2701, 2703], [2703, 2704], [2703, 2705], [2733, 2734], [2733, 2735], [2746, 2749], [2749, 2750], [2749, 2754], [2755, 2756], [2755, 2757], [2757, 2758], [2757, 2759], [2759, -2737], [2759, 2760], [2764, -2762], [2764, 2765], [2769, -2767], [2769, 2770], [2782, 2783], [2838, 2840], [2838, 2844], [2849, 2850], [2849, 2853], [2862, 2863], [2862, 2866], [2866, 2867], [2866, 2870], [2870, 2872], [2870, 2880], [2874, 2875], [2874, 2877], [2880, 2881], [2880, 2887], [2883, 2884], [2883, 2887], [2887, 2888], [2887, 2890]], "functions": {"SemanticAnalyzer.__init__": {"executed_lines": [186, 187, 188], "summary": {"covered_lines": 3, "num_statements": 3, "percent_covered": 100.0, "percent_covered_display": "100", "missing_lines": 0, "excluded_lines": 0, "percent_statements_covered": 100.0, "percent_statements_covered_display": "100", "num_branches": 0, "num_partial_branches": 0, "covered_branches": 0, "missing_branches": 0, "percent_branches_covered": 100.0, "percent_branches_covered_display": "100"}, "missing_lines": [], "excluded_lines": [], "executed_branches": [], "missing_branches": []}, "SemanticAnalyzer.analyze": {"executed_lines": [196, 199, 202, 203, 204, 207, 208], "summary": {"covered_lines": 7, "num_statements": 9, "percent_covered": 73.33333333333333, "percent_covered_display": "73", "missing_lines": 2, "excluded_lines": 0, "percent_statements_covered": 77.77777777777777, "percent_statements_covered_display": "78", "num_branches": 6, "num_partial_branches": 2, "covered_branches": 4, "missing_branches": 2, "percent_branches_covered": 66.66666666666667, "percent_branches_covered_display": "67"}, "missing_lines": [197, 213], "excluded_lines": [], "executed_branches": [[196, 199], [203, 204], [203, 207], [207, 208]], "missing_branches": [[196, 197], [207, 213]]}, "SemanticAnalyzer._analyze_expression": {"executed_lines": [218, 221, 222, 224, 225, 226, 227, 229, 236, 242, 250, 256, 260, 263, 279, 285], "summary": {"covered_lines": 16, "num_statements": 49, "percent_covered": 32.94117647058823, "percent_covered_display": "33", "missing_lines": 33, "excluded_lines": 0, "percent_statements_covered": 32.6530612244898, "percent_statements_covered_display": "33", "num_branches": 36, "num_partial_branches": 8, "covered_branches": 12, "missing_branches": 24, "percent_branches_covered": 33.333333333333336, "percent_branches_covered_display": "33"}, "missing_lines": [230, 231, 232, 233, 234, 237, 238, 239, 240, 243, 244, 245, 246, 247, 248, 251, 252, 253, 254, 257, 258, 261, 264, 266, 267, 268, 270, 271, 275, 277, 281, 282, 283], "excluded_lines": [], "executed_branches": [[221, 222], [221, 229], [225, 226], [225, 227], [229, 236], [236, 242], [242, 250], [250, 256], [256, 260], [260, 263], [263, 279], [279, 285]], "missing_branches": [[229, 230], [232, 233], [232, 234], [236, 237], [238, 239], [238, 240], [242, 243], [244, 245], [244, 246], [247, 248], [247, 285], [250, 251], [252, 253], [252, 254], [256, 257], [260, 261], [263, 264], [266, 267], [266, 270], [270, 271], [270, 277], [279, 281], [281, 282], [281, 285]]}, "SemanticAnalyzer._analyze_function_arg": {"executed_lines": [], "summary": {"covered_lines": 0, "num_statements": 14, "percent_covered": 0.0, "percent_covered_display": "0", "missing_lines": 14, "excluded_lines": 0, "percent_statements_covered": 0.0, "percent_statements_covered_display": "0", "num_branches": 8, "num_partial_branches": 0, "covered_branches": 0, "missing_branches": 8, "percent_branches_covered": 0.0, "percent_branches_covered_display": "0"}, "missing_lines": [304, 305, 307, 308, 309, 315, 316, 317, 319, 320, 327, 328, 329, 336], "excluded_lines": [], "executed_branches": [], "missing_branches": [[304, 305], [304, 327], [307, 308], [307, 315], [315, 316], [315, 327], [327, 328], [327, 336]]}, "SemanticAnalyzer._analyze_function_args": {"executed_lines": [], "summary": {"covered_lines": 0, "num_statements": 3, "percent_covered": 0.0, "percent_covered_display": "0", "missing_lines": 3, "excluded_lines": 0, "percent_statements_covered": 0.0, "percent_statements_covered_display": "0", "num_branches": 2, "num_partial_branches": 0, "covered_branches": 0, "missing_branches": 2, "percent_branches_covered": 0.0, "percent_branches_covered_display": "0"}, "missing_lines": [354, 355, 356], "excluded_lines": [], "executed_branches": [], "missing_branches": [[354, 355], [354, 356]]}, "SemanticAnalyzer._classify_indirection": {"executed_lines": [], "summary": {"covered_lines": 0, "num_statements": 6, "percent_covered": 0.0, "percent_covered_display": "0", "missing_lines": 6, "excluded_lines": 0, "percent_statements_covered": 0.0, "percent_statements_covered_display": "0", "num_branches": 4, "num_partial_branches": 0, "covered_branches": 0, "missing_branches": 4, "percent_branches_covered": 0.0, "percent_branches_covered_display": "0"}, "missing_lines": [370, 371, 374, 375, 379, 380], "excluded_lines": [], "executed_branches": [], "missing_branches": [[370, 371], [370, 374], [375, -358], [375, 379]]}, "SemanticAnalyzer._analyze_UnaryExpr": {"executed_lines": [], "summary": {"covered_lines": 0, "num_statements": 16, "percent_covered": 0.0, "percent_covered_display": "0", "missing_lines": 16, "excluded_lines": 0, "percent_statements_covered": 0.0, "percent_statements_covered_display": "0", "num_branches": 6, "num_partial_branches": 0, "covered_branches": 0, "missing_branches": 6, "percent_branches_covered": 0.0, "percent_branches_covered_display": "0"}, "missing_lines": [391, 394, 395, 396, 398, 401, 402, 403, 404, 405, 406, 407, 409, 410, 411, 413], "excluded_lines": [], "executed_branches": [], "missing_branches": [[395, 396], [395, 398], [398, 401], [398, 413], [402, 403], [402, 411]]}, "SemanticAnalyzer._analyze_Expr": {"executed_lines": [], "summary": {"covered_lines": 0, "num_statements": 41, "percent_covered": 0.0, "percent_covered_display": "0", "missing_lines": 41, "excluded_lines": 0, "percent_statements_covered": 0.0, "percent_statements_covered_display": "0", "num_branches": 14, "num_partial_branches": 0, "covered_branches": 0, "missing_branches": 14, "percent_branches_covered": 0.0, "percent_branches_covered_display": "0"}, "missing_lines": [429, 430, 433, 434, 435, 438, 447, 449, 450, 452, 453, 454, 457, 462, 465, 468, 472, 473, 476, 477, 478, 479, 482, 483, 485, 486, 487, 489, 493, 494, 496, 497, 498, 500, 501, 503, 504, 505, 507, 509, 514], "excluded_lines": [], "executed_branches": [], "missing_branches": [[429, 430], [429, 514], [433, 434], [433, 509], [434, 435], [434, 507], [447, 449], [447, 489], [457, 462], [457, 472], [476, 477], [476, 485], [489, 434], [489, 493]]}, "SemanticAnalyzer._pattern_to_string": {"executed_lines": [], "summary": {"covered_lines": 0, "num_statements": 8, "percent_covered": 0.0, "percent_covered_display": "0", "missing_lines": 8, "excluded_lines": 0, "percent_statements_covered": 0.0, "percent_statements_covered_display": "0", "num_branches": 6, "num_partial_branches": 0, "covered_branches": 0, "missing_branches": 6, "percent_branches_covered": 0.0, "percent_branches_covered_display": "0"}, "missing_lines": [521, 522, 524, 525, 526, 527, 528, 530], "excluded_lines": [], "executed_branches": [], "missing_branches": [[521, 522], [521, 524], [525, 526], [525, 530], [526, 527], [526, 530]]}, "SemanticAnalyzer._pattern_atom_to_string": {"executed_lines": [], "summary": {"covered_lines": 0, "num_statements": 20, "percent_covered": 0.0, "percent_covered_display": "0", "missing_lines": 20, "excluded_lines": 0, "percent_statements_covered": 0.0, "percent_statements_covered_display": "0", "num_branches": 14, "num_partial_branches": 0, "covered_branches": 0, "missing_branches": 14, "percent_branches_covered": 0.0, "percent_branches_covered_display": "0"}, "missing_lines": [534, 537, 538, 540, 541, 543, 544, 545, 546, 548, 549, 552, 555, 556, 561, 562, 563, 564, 565, 567], "excluded_lines": [], "executed_branches": [], "missing_branches": [[537, 538], [537, 555], [541, 543], [541, 546], [546, 548], [546, 549], [549, 552], [549, 555], [555, 556], [555, 561], [561, 562], [561, 563], [563, 564], [563, 567]]}, "SemanticAnalyzer._analyze_SubscriptedGlobal": {"executed_lines": [], "summary": {"covered_lines": 0, "num_statements": 11, "percent_covered": 0.0, "percent_covered_display": "0", "missing_lines": 11, "excluded_lines": 0, "percent_statements_covered": 0.0, "percent_statements_covered_display": "0", "num_branches": 6, "num_partial_branches": 0, "covered_branches": 0, "missing_branches": 6, "percent_branches_covered": 0.0, "percent_branches_covered_display": "0"}, "missing_lines": [584, 585, 586, 589, 590, 591, 592, 593, 594, 596, 597], "excluded_lines": [], "executed_branches": [], "missing_branches": [[590, 591], [590, 594], [591, 592], [591, 594], [592, 593], [592, 594]]}, "SemanticAnalyzer._analyze_ParenExpr": {"executed_lines": [], "summary": {"covered_lines": 0, "num_statements": 1, "percent_covered": 0.0, "percent_covered_display": "0", "missing_lines": 1, "excluded_lines": 0, "percent_statements_covered": 0.0, "percent_statements_covered_display": "0", "num_branches": 0, "num_partial_branches": 0, "covered_branches": 0, "missing_branches": 0, "percent_branches_covered": 100.0, "percent_branches_covered_display": "100"}, "missing_lines": [605], "excluded_lines": [], "executed_branches": [], "missing_branches": []}, "SemanticAnalyzer._analyze_OffsetParenExpr": {"executed_lines": [], "summary": {"covered_lines": 0, "num_statements": 1, "percent_covered": 0.0, "percent_covered_display": "0", "missing_lines": 1, "excluded_lines": 0, "percent_statements_covered": 0.0, "percent_statements_covered_display": "0", "num_branches": 0, "num_partial_branches": 0, "covered_branches": 0, "missing_branches": 0, "percent_branches_covered": 100.0, "percent_branches_covered_display": "100"}, "missing_lines": [613], "excluded_lines": [], "executed_branches": [], "missing_branches": []}, "SemanticAnalyzer._analyze_generic": {"executed_lines": [], "summary": {"covered_lines": 0, "num_statements": 1, "percent_covered": 0.0, "percent_covered_display": "0", "missing_lines": 1, "excluded_lines": 1, "percent_statements_covered": 0.0, "percent_statements_covered_display": "0", "num_branches": 0, "num_partial_branches": 0, "covered_branches": 0, "missing_branches": 0, "percent_branches_covered": 100.0, "percent_branches_covered_display": "100"}, "missing_lines": [626], "excluded_lines": [627], "executed_branches": [], "missing_branches": []}, "SemanticAnalyzer._analyze_str": {"executed_lines": [], "summary": {"covered_lines": 0, "num_statements": 4, "percent_covered": 0.0, "percent_covered_display": "0", "missing_lines": 4, "excluded_lines": 0, "percent_statements_covered": 0.0, "percent_statements_covered_display": "0", "num_branches": 0, "num_partial_branches": 0, "covered_branches": 0, "missing_branches": 0, "percent_branches_covered": 100.0, "percent_branches_covered_display": "100"}, "missing_lines": [646, 647, 648, 649], "excluded_lines": [], "executed_branches": [], "missing_branches": []}, "SemanticAnalyzer._analyze_MSelectArg": {"executed_lines": [], "summary": {"covered_lines": 0, "num_statements": 8, "percent_covered": 0.0, "percent_covered_display": "0", "missing_lines": 8, "excluded_lines": 0, "percent_statements_covered": 0.0, "percent_statements_covered_display": "0", "num_branches": 4, "num_partial_branches": 0, "covered_branches": 0, "missing_branches": 4, "percent_branches_covered": 0.0, "percent_branches_covered_display": "0"}, "missing_lines": [658, 660, 661, 662, 664, 665, 666, 668], "excluded_lines": [], "executed_branches": [], "missing_branches": [[660, 661], [660, 664], [664, 665], [664, 668]]}, "SemanticAnalyzer._analyze_TextFunction": {"executed_lines": [], "summary": {"covered_lines": 0, "num_statements": 10, "percent_covered": 0.0, "percent_covered_display": "0", "missing_lines": 10, "excluded_lines": 0, "percent_statements_covered": 0.0, "percent_statements_covered_display": "0", "num_branches": 8, "num_partial_branches": 0, "covered_branches": 0, "missing_branches": 8, "percent_branches_covered": 0.0, "percent_branches_covered_display": "0"}, "missing_lines": [678, 681, 682, 685, 686, 689, 690, 695, 696, 700], "excluded_lines": [], "executed_branches": [], "missing_branches": [[681, 682], [681, 700], [685, 686], [685, 689], [689, 690], [689, 695], [695, 696], [695, 700]]}, "SemanticAnalyzer._analyze_MActualParameter": {"executed_lines": [], "summary": {"covered_lines": 0, "num_statements": 5, "percent_covered": 0.0, "percent_covered_display": "0", "missing_lines": 5, "excluded_lines": 0, "percent_statements_covered": 0.0, "percent_statements_covered_display": "0", "num_branches": 2, "num_partial_branches": 0, "covered_branches": 0, "missing_branches": 2, "percent_branches_covered": 0.0, "percent_branches_covered_display": "0"}, "missing_lines": [711, 713, 714, 715, 717], "excluded_lines": [], "executed_branches": [], "missing_branches": [[713, 714], [713, 717]]}, "SemanticAnalyzer._analyze_Newline": {"executed_lines": [], "summary": {"covered_lines": 0, "num_statements": 4, "percent_covered": 0.0, "percent_covered_display": "0", "missing_lines": 4, "excluded_lines": 0, "percent_statements_covered": 0.0, "percent_statements_covered_display": "0", "num_branches": 0, "num_partial_branches": 0, "covered_branches": 0, "missing_branches": 0, "percent_branches_covered": 100.0, "percent_branches_covered_display": "100"}, "missing_lines": [725, 726, 727, 728], "excluded_lines": [], "executed_branches": [], "missing_branches": []}, "SemanticAnalyzer._analyze_FormFeed": {"executed_lines": [], "summary": {"covered_lines": 0, "num_statements": 4, "percent_covered": 0.0, "percent_covered_display": "0", "missing_lines": 4, "excluded_lines": 0, "percent_statements_covered": 0.0, "percent_statements_covered_display": "0", "num_branches": 0, "num_partial_branches": 0, "covered_branches": 0, "missing_branches": 0, "percent_branches_covered": 100.0, "percent_branches_covered_display": "100"}, "missing_lines": [732, 733, 734, 735], "excluded_lines": [], "executed_branches": [], "missing_branches": []}, "SemanticAnalyzer._analyze_Tab": {"executed_lines": [], "summary": {"covered_lines": 0, "num_statements": 6, "percent_covered": 0.0, "percent_covered_display": "0", "missing_lines": 6, "excluded_lines": 0, "percent_statements_covered": 0.0, "percent_statements_covered_display": "0", "num_branches": 2, "num_partial_branches": 0, "covered_branches": 0, "missing_branches": 2, "percent_branches_covered": 0.0, "percent_branches_covered_display": "0"}, "missing_lines": [739, 740, 741, 742, 743, 744], "excluded_lines": [], "executed_branches": [], "missing_branches": [[742, 743], [742, 744]]}, "SemanticAnalyzer._analyze_CharCode": {"executed_lines": [], "summary": {"covered_lines": 0, "num_statements": 6, "percent_covered": 0.0, "percent_covered_display": "0", "missing_lines": 6, "excluded_lines": 0, "percent_statements_covered": 0.0, "percent_statements_covered_display": "0", "num_branches": 2, "num_partial_branches": 0, "covered_branches": 0, "missing_branches": 2, "percent_branches_covered": 0.0, "percent_branches_covered_display": "0"}, "missing_lines": [748, 749, 750, 751, 752, 753], "excluded_lines": [], "executed_branches": [], "missing_branches": [[751, 752], [751, 753]]}, "SemanticAnalyzer._analyze_SetCommand": {"executed_lines": [], "summary": {"covered_lines": 0, "num_statements": 26, "percent_covered": 0.0, "percent_covered_display": "0", "missing_lines": 26, "excluded_lines": 0, "percent_statements_covered": 0.0, "percent_statements_covered_display": "0", "num_branches": 18, "num_partial_branches": 0, "covered_branches": 0, "missing_branches": 18, "percent_branches_covered": 0.0, "percent_branches_covered_display": "0"}, "missing_lines": [761, 762, 763, 765, 766, 768, 769, 770, 773, 774, 776, 778, 779, 780, 781, 783, 784, 785, 788, 789, 790, 791, 793, 794, 796, 798], "excluded_lines": [], "executed_branches": [], "missing_branches": [[765, 766], [765, 798], [766, 768], [766, 798], [768, 766], [768, 769], [770, 773], [770, 788], [774, 776], [774, 778], [778, 766], [778, 779], [783, 784], [783, 785], [790, 791], [790, 793], [793, 794], [793, 796]]}, "SemanticAnalyzer._analyze_WriteCommand": {"executed_lines": [], "summary": {"covered_lines": 0, "num_statements": 8, "percent_covered": 0.0, "percent_covered_display": "0", "missing_lines": 8, "excluded_lines": 0, "percent_statements_covered": 0.0, "percent_statements_covered_display": "0", "num_branches": 6, "num_partial_branches": 0, "covered_branches": 0, "missing_branches": 6, "percent_branches_covered": 0.0, "percent_branches_covered_display": "0"}, "missing_lines": [802, 803, 804, 806, 807, 808, 809, 811], "excluded_lines": [], "executed_branches": [], "missing_branches": [[806, 807], [806, 811], [807, 808], [807, 811], [808, 807], [808, 809]]}, "SemanticAnalyzer._analyze_ReadCommand": {"executed_lines": [], "summary": {"covered_lines": 0, "num_statements": 36, "percent_covered": 0.0, "percent_covered_display": "0", "missing_lines": 36, "excluded_lines": 0, "percent_statements_covered": 0.0, "percent_statements_covered_display": "0", "num_branches": 20, "num_partial_branches": 0, "covered_branches": 0, "missing_branches": 20, "percent_branches_covered": 0.0, "percent_branches_covered_display": "0"}, "missing_lines": [829, 830, 831, 833, 834, 836, 839, 842, 843, 844, 847, 850, 851, 852, 858, 859, 864, 865, 866, 869, 870, 871, 874, 880, 883, 884, 887, 888, 889, 891, 892, 893, 896, 897, 898, 900], "excluded_lines": [], "executed_branches": [], "missing_branches": [[833, 834], [833, 900], [834, 836], [834, 900], [842, 843], [842, 887], [850, 851], [850, 858], [865, 866], [865, 869], [870, 871], [870, 874], [883, 834], [883, 884], [887, 888], [887, 891], [891, 892], [891, 896], [897, 834], [897, 898]]}, "SemanticAnalyzer._analyze_IfCommand": {"executed_lines": [], "summary": {"covered_lines": 0, "num_statements": 8, "percent_covered": 0.0, "percent_covered_display": "0", "missing_lines": 8, "excluded_lines": 0, "percent_statements_covered": 0.0, "percent_statements_covered_display": "0", "num_branches": 4, "num_partial_branches": 0, "covered_branches": 0, "missing_branches": 4, "percent_branches_covered": 0.0, "percent_branches_covered_display": "0"}, "missing_lines": [908, 909, 912, 913, 917, 919, 920, 922], "excluded_lines": [], "executed_branches": [], "missing_branches": [[912, 913], [912, 922], [919, 920], [919, 922]]}, "SemanticAnalyzer._analyze_ElseCommand": {"executed_lines": [], "summary": {"covered_lines": 0, "num_statements": 3, "percent_covered": 0.0, "percent_covered_display": "0", "missing_lines": 3, "excluded_lines": 0, "percent_statements_covered": 0.0, "percent_statements_covered_display": "0", "num_branches": 0, "num_partial_branches": 0, "covered_branches": 0, "missing_branches": 0, "percent_branches_covered": 100.0, "percent_branches_covered_display": "100"}, "missing_lines": [926, 927, 928], "excluded_lines": [], "executed_branches": [], "missing_branches": []}, "SemanticAnalyzer._analyze_ForCommand": {"executed_lines": [], "summary": {"covered_lines": 0, "num_statements": 34, "percent_covered": 0.0, "percent_covered_display": "0", "missing_lines": 34, "excluded_lines": 0, "percent_statements_covered": 0.0, "percent_statements_covered_display": "0", "num_branches": 24, "num_partial_branches": 0, "covered_branches": 0, "missing_branches": 24, "percent_branches_covered": 0.0, "percent_branches_covered_display": "0"}, "missing_lines": [932, 933, 936, 938, 939, 940, 943, 944, 947, 948, 950, 951, 952, 954, 955, 957, 958, 959, 960, 961, 963, 965, 966, 968, 971, 974, 975, 978, 979, 982, 983, 984, 985, 987], "excluded_lines": [], "executed_branches": [], "missing_branches": [[936, 938], [936, 940], [940, 943], [940, 950], [943, 944], [943, 947], [950, 951], [950, 971], [951, 952], [951, 971], [954, 955], [954, 957], [957, 958], [957, 965], [959, 960], [959, 963], [974, 975], [974, 978], [978, 979], [978, 987], [979, 978], [979, 982], [983, 978], [983, 984]]}, "SemanticAnalyzer._simple_var_to_asg": {"executed_lines": [], "summary": {"covered_lines": 0, "num_statements": 15, "percent_covered": 0.0, "percent_covered_display": "0", "missing_lines": 15, "excluded_lines": 0, "percent_statements_covered": 0.0, "percent_statements_covered_display": "0", "num_branches": 6, "num_partial_branches": 0, "covered_branches": 0, "missing_branches": 6, "percent_branches_covered": 0.0, "percent_branches_covered_display": "0"}, "missing_lines": [998, 1001, 1002, 1003, 1004, 1006, 1007, 1008, 1011, 1013, 1014, 1015, 1019, 1020, 1022], "excluded_lines": [], "executed_branches": [], "missing_branches": [[1001, 1002], [1001, 1011], [1002, 1003], [1002, 1006], [1013, 1014], [1013, 1019]]}, "SemanticAnalyzer._convert_loop_var_subscripts": {"executed_lines": [], "summary": {"covered_lines": 0, "num_statements": 16, "percent_covered": 0.0, "percent_covered_display": "0", "missing_lines": 16, "excluded_lines": 0, "percent_statements_covered": 0.0, "percent_statements_covered_display": "0", "num_branches": 8, "num_partial_branches": 0, "covered_branches": 0, "missing_branches": 8, "percent_branches_covered": 0.0, "percent_branches_covered_display": "0"}, "missing_lines": [1033, 1034, 1035, 1036, 1038, 1039, 1042, 1045, 1046, 1047, 1048, 1049, 1051, 1052, 1053, 1054], "excluded_lines": [], "executed_branches": [], "missing_branches": [[1034, 1035], [1034, 1045], [1035, 1036], [1035, 1038], [1038, 1039], [1038, 1042], [1045, 1046], [1045, 1051]]}, "SemanticAnalyzer._classify_for_params": {"executed_lines": [], "summary": {"covered_lines": 0, "num_statements": 10, "percent_covered": 0.0, "percent_covered_display": "0", "missing_lines": 10, "excluded_lines": 0, "percent_statements_covered": 0.0, "percent_statements_covered_display": "0", "num_branches": 8, "num_partial_branches": 0, "covered_branches": 0, "missing_branches": 8, "percent_branches_covered": 0.0, "percent_branches_covered_display": "0"}, "missing_lines": [1058, 1059, 1061, 1063, 1064, 1066, 1067, 1068, 1069, 1071], "excluded_lines": [], "executed_branches": [], "missing_branches": [[1058, 1059], [1058, 1061], [1063, 1064], [1063, 1066], [1066, 1067], [1066, 1068], [1068, 1069], [1068, 1071]]}, "SemanticAnalyzer._analyze_GotoCommand": {"executed_lines": [], "summary": {"covered_lines": 0, "num_statements": 38, "percent_covered": 0.0, "percent_covered_display": "0", "missing_lines": 38, "excluded_lines": 0, "percent_statements_covered": 0.0, "percent_statements_covered_display": "0", "num_branches": 24, "num_partial_branches": 0, "covered_branches": 0, "missing_branches": 24, "percent_branches_covered": 0.0, "percent_branches_covered_display": "0"}, "missing_lines": [1075, 1076, 1077, 1079, 1080, 1081, 1083, 1084, 1087, 1088, 1089, 1090, 1093, 1094, 1097, 1098, 1101, 1102, 1105, 1106, 1107, 1111, 1114, 1115, 1117, 1118, 1119, 1122, 1123, 1124, 1128, 1131, 1132, 1134, 1135, 1137, 1139, 1141], "excluded_lines": [], "executed_branches": [], "missing_branches": [[1079, 1080], [1079, 1141], [1080, 1081], [1080, 1141], [1083, 1084], [1083, 1087], [1087, 1088], [1087, 1117], [1093, 1094], [1093, 1101], [1101, 1102], [1101, 1105], [1105, 1106], [1105, 1107], [1107, 1111], [1107, 1139], [1117, 1118], [1117, 1139], [1122, 1123], [1122, 1124], [1124, 1128], [1124, 1134], [1134, 1135], [1134, 1137]]}, "SemanticAnalyzer._analyze_DoCommand": {"executed_lines": [], "summary": {"covered_lines": 0, "num_statements": 42, "percent_covered": 0.0, "percent_covered_display": "0", "missing_lines": 42, "excluded_lines": 0, "percent_statements_covered": 0.0, "percent_statements_covered_display": "0", "num_branches": 28, "num_partial_branches": 0, "covered_branches": 0, "missing_branches": 28, "percent_branches_covered": 0.0, "percent_branches_covered_display": "0"}, "missing_lines": [1145, 1146, 1147, 1149, 1150, 1151, 1153, 1154, 1157, 1158, 1159, 1160, 1163, 1164, 1167, 1168, 1171, 1172, 1175, 1176, 1177, 1181, 1184, 1185, 1188, 1189, 1193, 1194, 1195, 1198, 1199, 1200, 1204, 1207, 1208, 1210, 1211, 1213, 1215, 1216, 1218, 1220], "excluded_lines": [], "executed_branches": [], "missing_branches": [[1149, 1150], [1149, 1220], [1150, 1151], [1150, 1220], [1153, 1154], [1153, 1157], [1157, 1158], [1157, 1193], [1163, 1164], [1163, 1171], [1171, 1172], [1171, 1175], [1175, 1176], [1175, 1177], [1177, 1181], [1177, 1188], [1188, 1189], [1188, 1215], [1193, 1194], [1193, 1215], [1198, 1199], [1198, 1200], [1200, 1204], [1200, 1210], [1210, 1211], [1210, 1213], [1215, 1216], [1215, 1218]]}, "SemanticAnalyzer._analyze_IndirectChain": {"executed_lines": [], "summary": {"covered_lines": 0, "num_statements": 4, "percent_covered": 0.0, "percent_covered_display": "0", "missing_lines": 4, "excluded_lines": 0, "percent_statements_covered": 0.0, "percent_statements_covered_display": "0", "num_branches": 0, "num_partial_branches": 0, "covered_branches": 0, "missing_branches": 0, "percent_branches_covered": 100.0, "percent_branches_covered_display": "100"}, "missing_lines": [1228, 1231, 1232, 1234], "excluded_lines": [], "executed_branches": [], "missing_branches": []}, "SemanticAnalyzer._analyze_indirect_chain": {"executed_lines": [], "summary": {"covered_lines": 0, "num_statements": 19, "percent_covered": 0.0, "percent_covered_display": "0", "missing_lines": 19, "excluded_lines": 0, "percent_statements_covered": 0.0, "percent_statements_covered_display": "0", "num_branches": 12, "num_partial_branches": 0, "covered_branches": 0, "missing_branches": 12, "percent_branches_covered": 0.0, "percent_branches_covered_display": "0"}, "missing_lines": [1242, 1243, 1246, 1247, 1248, 1252, 1253, 1254, 1255, 1256, 1257, 1258, 1260, 1263, 1265, 1269, 1270, 1271, 1273], "excluded_lines": [], "executed_branches": [], "missing_branches": [[1246, 1247], [1246, 1252], [1252, 1253], [1252, 1254], [1254, 1255], [1254, 1256], [1256, 1257], [1256, 1258], [1258, 1260], [1258, 1265], [1269, 1270], [1269, 1273]]}, "SemanticAnalyzer._analyze_QuitCommand": {"executed_lines": [], "summary": {"covered_lines": 0, "num_statements": 6, "percent_covered": 0.0, "percent_covered_display": "0", "missing_lines": 6, "excluded_lines": 0, "percent_statements_covered": 0.0, "percent_statements_covered_display": "0", "num_branches": 2, "num_partial_branches": 0, "covered_branches": 0, "missing_branches": 2, "percent_branches_covered": 0.0, "percent_branches_covered_display": "0"}, "missing_lines": [1277, 1278, 1279, 1281, 1282, 1284], "excluded_lines": [], "executed_branches": [], "missing_branches": [[1281, 1282], [1281, 1284]]}, "SemanticAnalyzer._analyze_NewCommand": {"executed_lines": [], "summary": {"covered_lines": 0, "num_statements": 30, "percent_covered": 0.0, "percent_covered_display": "0", "missing_lines": 30, "excluded_lines": 0, "percent_statements_covered": 0.0, "percent_statements_covered_display": "0", "num_branches": 20, "num_partial_branches": 0, "covered_branches": 0, "missing_branches": 20, "percent_branches_covered": 0.0, "percent_branches_covered_display": "0"}, "missing_lines": [1296, 1297, 1298, 1300, 1301, 1302, 1303, 1304, 1306, 1307, 1308, 1309, 1310, 1312, 1314, 1315, 1316, 1317, 1318, 1320, 1321, 1322, 1324, 1325, 1326, 1327, 1328, 1329, 1331, 1333], "excluded_lines": [], "executed_branches": [], "missing_branches": [[1300, 1301], [1300, 1316], [1304, 1306], [1304, 1333], [1307, 1308], [1307, 1315], [1308, 1309], [1308, 1310], [1310, 1312], [1310, 1314], [1316, 1317], [1316, 1333], [1317, 1318], [1317, 1333], [1318, 1320], [1318, 1322], [1322, 1324], [1322, 1326], [1326, 1327], [1326, 1331]]}, "SemanticAnalyzer._analyze_KillCommand": {"executed_lines": [], "summary": {"covered_lines": 0, "num_statements": 24, "percent_covered": 0.0, "percent_covered_display": "0", "missing_lines": 24, "excluded_lines": 0, "percent_statements_covered": 0.0, "percent_statements_covered_display": "0", "num_branches": 16, "num_partial_branches": 0, "covered_branches": 0, "missing_branches": 16, "percent_branches_covered": 0.0, "percent_branches_covered_display": "0"}, "missing_lines": [1345, 1346, 1347, 1350, 1351, 1352, 1354, 1356, 1358, 1361, 1362, 1363, 1365, 1368, 1369, 1370, 1373, 1374, 1377, 1378, 1379, 1380, 1383, 1385], "excluded_lines": [], "executed_branches": [], "missing_branches": [[1350, 1351], [1350, 1385], [1354, 1356], [1354, 1368], [1356, 1358], [1356, 1363], [1361, 1354], [1361, 1362], [1363, 1354], [1363, 1365], [1368, 1369], [1368, 1383], [1373, 1374], [1373, 1377], [1378, 1379], [1378, 1380]]}, "SemanticAnalyzer._analyze_KSubscriptsCommand": {"executed_lines": [], "summary": {"covered_lines": 0, "num_statements": 24, "percent_covered": 0.0, "percent_covered_display": "0", "missing_lines": 24, "excluded_lines": 0, "percent_statements_covered": 0.0, "percent_statements_covered_display": "0", "num_branches": 16, "num_partial_branches": 0, "covered_branches": 0, "missing_branches": 16, "percent_branches_covered": 0.0, "percent_branches_covered_display": "0"}, "missing_lines": [1400, 1401, 1402, 1404, 1405, 1406, 1408, 1409, 1410, 1413, 1414, 1415, 1416, 1418, 1419, 1420, 1421, 1422, 1424, 1425, 1426, 1427, 1429, 1431], "excluded_lines": [], "executed_branches": [], "missing_branches": [[1404, 1405], [1404, 1431], [1408, 1409], [1408, 1418], [1409, 1410], [1409, 1415], [1413, 1408], [1413, 1414], [1415, 1408], [1415, 1416], [1418, 1419], [1418, 1429], [1421, 1422], [1421, 1424], [1425, 1426], [1425, 1427]]}, "SemanticAnalyzer._analyze_KValueCommand": {"executed_lines": [], "summary": {"covered_lines": 0, "num_statements": 24, "percent_covered": 0.0, "percent_covered_display": "0", "missing_lines": 24, "excluded_lines": 0, "percent_statements_covered": 0.0, "percent_statements_covered_display": "0", "num_branches": 16, "num_partial_branches": 0, "covered_branches": 0, "missing_branches": 16, "percent_branches_covered": 0.0, "percent_branches_covered_display": "0"}, "missing_lines": [1444, 1445, 1446, 1448, 1449, 1450, 1452, 1453, 1454, 1457, 1458, 1459, 1460, 1462, 1463, 1464, 1465, 1466, 1468, 1469, 1470, 1471, 1473, 1475], "excluded_lines": [], "executed_branches": [], "missing_branches": [[1448, 1449], [1448, 1475], [1452, 1453], [1452, 1462], [1453, 1454], [1453, 1459], [1457, 1452], [1457, 1458], [1459, 1452], [1459, 1460], [1462, 1463], [1462, 1473], [1465, 1466], [1465, 1468], [1469, 1470], [1469, 1471]]}, "SemanticAnalyzer._analyze_HangCommand": {"executed_lines": [], "summary": {"covered_lines": 0, "num_statements": 15, "percent_covered": 0.0, "percent_covered_display": "0", "missing_lines": 15, "excluded_lines": 0, "percent_statements_covered": 0.0, "percent_statements_covered_display": "0", "num_branches": 12, "num_partial_branches": 0, "covered_branches": 0, "missing_branches": 12, "percent_branches_covered": 0.0, "percent_branches_covered_display": "0"}, "missing_lines": [1479, 1480, 1481, 1484, 1485, 1486, 1487, 1488, 1490, 1491, 1493, 1494, 1495, 1496, 1498], "excluded_lines": [], "executed_branches": [], "missing_branches": [[1484, 1485], [1484, 1493], [1485, 1486], [1485, 1490], [1487, 1485], [1487, 1488], [1490, 1491], [1490, 1498], [1493, 1494], [1493, 1498], [1495, 1496], [1495, 1498]]}, "SemanticAnalyzer._analyze_HaltCommand": {"executed_lines": [], "summary": {"covered_lines": 0, "num_statements": 4, "percent_covered": 0.0, "percent_covered_display": "0", "missing_lines": 4, "excluded_lines": 0, "percent_statements_covered": 0.0, "percent_statements_covered_display": "0", "num_branches": 0, "num_partial_branches": 0, "covered_branches": 0, "missing_branches": 0, "percent_branches_covered": 100.0, "percent_branches_covered_display": "100"}, "missing_lines": [1502, 1503, 1504, 1506], "excluded_lines": [], "executed_branches": [], "missing_branches": []}, "SemanticAnalyzer._analyze_BreakCommand": {"executed_lines": [], "summary": {"covered_lines": 0, "num_statements": 4, "percent_covered": 0.0, "percent_covered_display": "0", "missing_lines": 4, "excluded_lines": 0, "percent_statements_covered": 0.0, "percent_statements_covered_display": "0", "num_branches": 0, "num_partial_branches": 0, "covered_branches": 0, "missing_branches": 0, "percent_branches_covered": 100.0, "percent_branches_covered_display": "100"}, "missing_lines": [1510, 1511, 1512, 1514], "excluded_lines": [], "executed_branches": [], "missing_branches": []}, "SemanticAnalyzer._analyze_XecuteCommand": {"executed_lines": [], "summary": {"covered_lines": 0, "num_statements": 19, "percent_covered": 0.0, "percent_covered_display": "0", "missing_lines": 19, "excluded_lines": 0, "percent_statements_covered": 0.0, "percent_statements_covered_display": "0", "num_branches": 12, "num_partial_branches": 0, "covered_branches": 0, "missing_branches": 12, "percent_branches_covered": 0.0, "percent_branches_covered_display": "0"}, "missing_lines": [1518, 1519, 1520, 1522, 1523, 1524, 1525, 1527, 1530, 1531, 1532, 1533, 1534, 1536, 1537, 1539, 1540, 1541, 1543], "excluded_lines": [], "executed_branches": [], "missing_branches": [[1522, 1523], [1522, 1530], [1523, 1524], [1523, 1530], [1524, 1525], [1524, 1527], [1532, 1533], [1532, 1539], [1533, 1534], [1533, 1536], [1539, 1540], [1539, 1543]]}, "SemanticAnalyzer._analyze_LockCommand": {"executed_lines": [], "summary": {"covered_lines": 0, "num_statements": 23, "percent_covered": 0.0, "percent_covered_display": "0", "missing_lines": 23, "excluded_lines": 0, "percent_statements_covered": 0.0, "percent_statements_covered_display": "0", "num_branches": 18, "num_partial_branches": 0, "covered_branches": 0, "missing_branches": 18, "percent_branches_covered": 0.0, "percent_branches_covered_display": "0"}, "missing_lines": [1559, 1560, 1561, 1564, 1565, 1567, 1568, 1569, 1570, 1571, 1572, 1573, 1574, 1575, 1578, 1579, 1580, 1581, 1585, 1586, 1587, 1588, 1590], "excluded_lines": [], "executed_branches": [], "missing_branches": [[1564, 1565], [1564, 1578], [1568, 1569], [1568, 1570], [1570, 1571], [1570, 1574], [1571, 1572], [1571, 1574], [1574, 1575], [1574, 1578], [1578, 1579], [1578, 1585], [1579, 1580], [1579, 1585], [1585, 1586], [1585, 1590], [1587, 1588], [1587, 1590]]}, "SemanticAnalyzer._analyze_lock_item": {"executed_lines": [], "summary": {"covered_lines": 0, "num_statements": 12, "percent_covered": 0.0, "percent_covered_display": "0", "missing_lines": 12, "excluded_lines": 0, "percent_statements_covered": 0.0, "percent_statements_covered_display": "0", "num_branches": 6, "num_partial_branches": 0, "covered_branches": 0, "missing_branches": 6, "percent_branches_covered": 0.0, "percent_branches_covered_display": "0"}, "missing_lines": [1603, 1606, 1607, 1609, 1612, 1613, 1616, 1617, 1618, 1620, 1621, 1623], "excluded_lines": [], "executed_branches": [], "missing_branches": [[1606, 1607], [1606, 1609], [1612, 1613], [1612, 1620], [1620, 1621], [1620, 1623]]}, "SemanticAnalyzer._analyze_lock_target": {"executed_lines": [], "summary": {"covered_lines": 0, "num_statements": 16, "percent_covered": 0.0, "percent_covered_display": "0", "missing_lines": 16, "excluded_lines": 0, "percent_statements_covered": 0.0, "percent_statements_covered_display": "0", "num_branches": 10, "num_partial_branches": 0, "covered_branches": 0, "missing_branches": 10, "percent_branches_covered": 0.0, "percent_branches_covered_display": "0"}, "missing_lines": [1634, 1637, 1638, 1640, 1643, 1644, 1647, 1648, 1651, 1652, 1653, 1655, 1656, 1659, 1660, 1662], "excluded_lines": [], "executed_branches": [], "missing_branches": [[1637, 1638], [1637, 1640], [1643, 1644], [1643, 1647], [1647, 1648], [1647, 1655], [1655, 1656], [1655, 1659], [1659, 1660], [1659, 1662]]}, "SemanticAnalyzer._analyze_MergeCommand": {"executed_lines": [], "summary": {"covered_lines": 0, "num_statements": 12, "percent_covered": 0.0, "percent_covered_display": "0", "missing_lines": 12, "excluded_lines": 0, "percent_statements_covered": 0.0, "percent_statements_covered_display": "0", "num_branches": 8, "num_partial_branches": 0, "covered_branches": 0, "missing_branches": 8, "percent_branches_covered": 0.0, "percent_branches_covered_display": "0"}, "missing_lines": [1670, 1671, 1672, 1674, 1675, 1676, 1677, 1678, 1679, 1680, 1681, 1683], "excluded_lines": [], "executed_branches": [], "missing_branches": [[1674, 1675], [1674, 1683], [1675, 1676], [1675, 1683], [1677, 1678], [1677, 1679], [1679, 1680], [1679, 1681]]}, "SemanticAnalyzer._analyze_OpenCommand": {"executed_lines": [], "summary": {"covered_lines": 0, "num_statements": 15, "percent_covered": 0.0, "percent_covered_display": "0", "missing_lines": 15, "excluded_lines": 0, "percent_statements_covered": 0.0, "percent_statements_covered_display": "0", "num_branches": 10, "num_partial_branches": 0, "covered_branches": 0, "missing_branches": 10, "percent_branches_covered": 0.0, "percent_branches_covered_display": "0"}, "missing_lines": [1691, 1692, 1693, 1697, 1698, 1699, 1700, 1703, 1704, 1706, 1707, 1709, 1710, 1712, 1714], "excluded_lines": [], "executed_branches": [], "missing_branches": [[1697, 1698], [1697, 1714], [1699, 1700], [1699, 1714], [1703, 1704], [1703, 1706], [1706, 1707], [1706, 1709], [1709, 1710], [1709, 1712]]}, "SemanticAnalyzer._analyze_CloseCommand": {"executed_lines": [], "summary": {"covered_lines": 0, "num_statements": 15, "percent_covered": 0.0, "percent_covered_display": "0", "missing_lines": 15, "excluded_lines": 0, "percent_statements_covered": 0.0, "percent_statements_covered_display": "0", "num_branches": 10, "num_partial_branches": 0, "covered_branches": 0, "missing_branches": 10, "percent_branches_covered": 0.0, "percent_branches_covered_display": "0"}, "missing_lines": [1727, 1728, 1729, 1732, 1733, 1734, 1735, 1737, 1738, 1740, 1741, 1745, 1746, 1749, 1751], "excluded_lines": [], "executed_branches": [], "missing_branches": [[1732, 1733], [1732, 1751], [1734, 1735], [1734, 1751], [1737, 1738], [1737, 1740], [1740, 1741], [1740, 1745], [1745, 1746], [1745, 1749]]}, "SemanticAnalyzer._analyze_device_param": {"executed_lines": [], "summary": {"covered_lines": 0, "num_statements": 11, "percent_covered": 0.0, "percent_covered_display": "0", "missing_lines": 11, "excluded_lines": 0, "percent_statements_covered": 0.0, "percent_statements_covered_display": "0", "num_branches": 6, "num_partial_branches": 0, "covered_branches": 0, "missing_branches": 6, "percent_branches_covered": 0.0, "percent_branches_covered_display": "0"}, "missing_lines": [1762, 1764, 1766, 1769, 1771, 1772, 1773, 1774, 1776, 1777, 1779], "excluded_lines": [], "executed_branches": [], "missing_branches": [[1762, 1764], [1762, 1776], [1764, 1766], [1764, 1769], [1776, 1777], [1776, 1779]]}, "SemanticAnalyzer._analyze_UseCommand": {"executed_lines": [], "summary": {"covered_lines": 0, "num_statements": 15, "percent_covered": 0.0, "percent_covered_display": "0", "missing_lines": 15, "excluded_lines": 0, "percent_statements_covered": 0.0, "percent_statements_covered_display": "0", "num_branches": 10, "num_partial_branches": 0, "covered_branches": 0, "missing_branches": 10, "percent_branches_covered": 0.0, "percent_branches_covered_display": "0"}, "missing_lines": [1792, 1793, 1794, 1797, 1798, 1799, 1800, 1802, 1803, 1805, 1806, 1810, 1811, 1814, 1816], "excluded_lines": [], "executed_branches": [], "missing_branches": [[1797, 1798], [1797, 1816], [1799, 1800], [1799, 1816], [1802, 1803], [1802, 1805], [1805, 1806], [1805, 1810], [1810, 1811], [1810, 1814]]}, "SemanticAnalyzer._analyze_JobCommand": {"executed_lines": [], "summary": {"covered_lines": 0, "num_statements": 47, "percent_covered": 0.0, "percent_covered_display": "0", "missing_lines": 47, "excluded_lines": 0, "percent_statements_covered": 0.0, "percent_statements_covered_display": "0", "num_branches": 32, "num_partial_branches": 0, "covered_branches": 0, "missing_branches": 32, "percent_branches_covered": 0.0, "percent_branches_covered_display": "0"}, "missing_lines": [1833, 1834, 1835, 1838, 1839, 1840, 1842, 1843, 1846, 1847, 1848, 1849, 1852, 1853, 1856, 1857, 1860, 1861, 1864, 1865, 1866, 1870, 1873, 1874, 1877, 1878, 1882, 1883, 1884, 1887, 1888, 1889, 1893, 1896, 1897, 1899, 1900, 1902, 1904, 1905, 1908, 1911, 1912, 1917, 1918, 1920, 1922], "excluded_lines": [], "executed_branches": [], "missing_branches": [[1838, 1839], [1838, 1922], [1839, 1840], [1839, 1922], [1842, 1843], [1842, 1846], [1846, 1847], [1846, 1882], [1852, 1853], [1852, 1860], [1860, 1861], [1860, 1864], [1864, 1865], [1864, 1866], [1866, 1870], [1866, 1877], [1877, 1878], [1877, 1904], [1882, 1883], [1882, 1904], [1887, 1888], [1887, 1889], [1889, 1893], [1889, 1899], [1899, 1900], [1899, 1902], [1904, 1905], [1904, 1908], [1911, 1912], [1911, 1917], [1917, 1918], [1917, 1920]]}, "SemanticAnalyzer._analyze_ViewCommand": {"executed_lines": [], "summary": {"covered_lines": 0, "num_statements": 7, "percent_covered": 0.0, "percent_covered_display": "0", "missing_lines": 7, "excluded_lines": 0, "percent_statements_covered": 0.0, "percent_statements_covered_display": "0", "num_branches": 2, "num_partial_branches": 0, "covered_branches": 0, "missing_branches": 2, "percent_branches_covered": 0.0, "percent_branches_covered_display": "0"}, "missing_lines": [1926, 1927, 1928, 1932, 1933, 1934, 1936], "excluded_lines": [], "executed_branches": [], "missing_branches": [[1932, 1933], [1932, 1936]]}, "SemanticAnalyzer._analyze_ViewArg": {"executed_lines": [], "summary": {"covered_lines": 0, "num_statements": 3, "percent_covered": 0.0, "percent_covered_display": "0", "missing_lines": 3, "excluded_lines": 0, "percent_statements_covered": 0.0, "percent_statements_covered_display": "0", "num_branches": 2, "num_partial_branches": 0, "covered_branches": 0, "missing_branches": 2, "percent_branches_covered": 0.0, "percent_branches_covered_display": "0"}, "missing_lines": [1949, 1950, 1952], "excluded_lines": [], "executed_branches": [], "missing_branches": [[1949, 1950], [1949, 1952]]}, "SemanticAnalyzer._analyze_ViewColonValue": {"executed_lines": [], "summary": {"covered_lines": 0, "num_statements": 3, "percent_covered": 0.0, "percent_covered_display": "0", "missing_lines": 3, "excluded_lines": 0, "percent_statements_covered": 0.0, "percent_statements_covered_display": "0", "num_branches": 2, "num_partial_branches": 0, "covered_branches": 0, "missing_branches": 2, "percent_branches_covered": 0.0, "percent_branches_covered_display": "0"}, "missing_lines": [1956, 1957, 1958], "excluded_lines": [], "executed_branches": [], "missing_branches": [[1956, 1957], [1956, 1958]]}, "SemanticAnalyzer._analyze_TStartCommand": {"executed_lines": [], "summary": {"covered_lines": 0, "num_statements": 22, "percent_covered": 0.0, "percent_covered_display": "0", "missing_lines": 22, "excluded_lines": 0, "percent_statements_covered": 0.0, "percent_statements_covered_display": "0", "num_branches": 16, "num_partial_branches": 0, "covered_branches": 0, "missing_branches": 16, "percent_branches_covered": 0.0, "percent_branches_covered_display": "0"}, "missing_lines": [1967, 1968, 1969, 1972, 1973, 1975, 1976, 1977, 1978, 1979, 1980, 1981, 1986, 1987, 1988, 1989, 1991, 1993, 1994, 1998, 1999, 2001], "excluded_lines": [], "executed_branches": [], "missing_branches": [[1972, 1973], [1972, 1986], [1975, 1976], [1975, 1977], [1977, 1978], [1977, 1986], [1979, 1980], [1979, 1981], [1986, 1987], [1986, 2001], [1989, 1991], [1989, 1999], [1991, 1993], [1991, 1998], [1993, 1989], [1993, 1994]]}, "SemanticAnalyzer._analyze_TStartRestartVar": {"executed_lines": [], "summary": {"covered_lines": 0, "num_statements": 7, "percent_covered": 0.0, "percent_covered_display": "0", "missing_lines": 7, "excluded_lines": 0, "percent_statements_covered": 0.0, "percent_statements_covered_display": "0", "num_branches": 4, "num_partial_branches": 0, "covered_branches": 0, "missing_branches": 4, "percent_branches_covered": 0.0, "percent_branches_covered_display": "0"}, "missing_lines": [2005, 2006, 2007, 2009, 2011, 2014, 2016], "excluded_lines": [], "executed_branches": [], "missing_branches": [[2005, 2006], [2005, 2007], [2007, 2009], [2007, 2014]]}, "SemanticAnalyzer._analyze_TStartParam": {"executed_lines": [], "summary": {"covered_lines": 0, "num_statements": 14, "percent_covered": 0.0, "percent_covered_display": "0", "missing_lines": 14, "excluded_lines": 0, "percent_statements_covered": 0.0, "percent_statements_covered_display": "0", "num_branches": 8, "num_partial_branches": 0, "covered_branches": 0, "missing_branches": 8, "percent_branches_covered": 0.0, "percent_branches_covered_display": "0"}, "missing_lines": [2026, 2029, 2030, 2031, 2032, 2033, 2034, 2035, 2036, 2038, 2040, 2041, 2042, 2043], "excluded_lines": [], "executed_branches": [], "missing_branches": [[2026, 2029], [2026, 2035], [2032, 2033], [2032, 2034], [2035, 2036], [2035, 2038], [2041, 2042], [2041, 2043]]}, "SemanticAnalyzer._analyze_TStartParamInner": {"executed_lines": [], "summary": {"covered_lines": 0, "num_statements": 5, "percent_covered": 0.0, "percent_covered_display": "0", "missing_lines": 5, "excluded_lines": 0, "percent_statements_covered": 0.0, "percent_statements_covered_display": "0", "num_branches": 2, "num_partial_branches": 0, "covered_branches": 0, "missing_branches": 2, "percent_branches_covered": 0.0, "percent_branches_covered_display": "0"}, "missing_lines": [2047, 2048, 2049, 2050, 2051], "excluded_lines": [], "executed_branches": [], "missing_branches": [[2049, 2050], [2049, 2051]]}, "SemanticAnalyzer._analyze_TStartParamName": {"executed_lines": [], "summary": {"covered_lines": 0, "num_statements": 1, "percent_covered": 0.0, "percent_covered_display": "0", "missing_lines": 1, "excluded_lines": 0, "percent_statements_covered": 0.0, "percent_statements_covered_display": "0", "num_branches": 0, "num_partial_branches": 0, "covered_branches": 0, "missing_branches": 0, "percent_branches_covered": 100.0, "percent_branches_covered_display": "100"}, "missing_lines": [2055], "excluded_lines": [], "executed_branches": [], "missing_branches": []}, "SemanticAnalyzer._analyze_TCommitCommand": {"executed_lines": [], "summary": {"covered_lines": 0, "num_statements": 4, "percent_covered": 0.0, "percent_covered_display": "0", "missing_lines": 4, "excluded_lines": 0, "percent_statements_covered": 0.0, "percent_statements_covered_display": "0", "num_branches": 0, "num_partial_branches": 0, "covered_branches": 0, "missing_branches": 0, "percent_branches_covered": 100.0, "percent_branches_covered_display": "100"}, "missing_lines": [2063, 2064, 2065, 2066], "excluded_lines": [], "executed_branches": [], "missing_branches": []}, "SemanticAnalyzer._analyze_TRestartCommand": {"executed_lines": [], "summary": {"covered_lines": 0, "num_statements": 4, "percent_covered": 0.0, "percent_covered_display": "0", "missing_lines": 4, "excluded_lines": 0, "percent_statements_covered": 0.0, "percent_statements_covered_display": "0", "num_branches": 0, "num_partial_branches": 0, "covered_branches": 0, "missing_branches": 0, "percent_branches_covered": 100.0, "percent_branches_covered_display": "100"}, "missing_lines": [2074, 2075, 2076, 2077], "excluded_lines": [], "executed_branches": [], "missing_branches": []}, "SemanticAnalyzer._analyze_TRollbackCommand": {"executed_lines": [], "summary": {"covered_lines": 0, "num_statements": 6, "percent_covered": 0.0, "percent_covered_display": "0", "missing_lines": 6, "excluded_lines": 0, "percent_statements_covered": 0.0, "percent_statements_covered_display": "0", "num_branches": 2, "num_partial_branches": 0, "covered_branches": 0, "missing_branches": 2, "percent_branches_covered": 0.0, "percent_branches_covered_display": "0"}, "missing_lines": [2085, 2086, 2087, 2090, 2091, 2093], "excluded_lines": [], "executed_branches": [], "missing_branches": [[2090, 2091], [2090, 2093]]}, "SemanticAnalyzer._analyze_TRollbackLevel": {"executed_lines": [], "summary": {"covered_lines": 0, "num_statements": 10, "percent_covered": 0.0, "percent_covered_display": "0", "missing_lines": 10, "excluded_lines": 0, "percent_statements_covered": 0.0, "percent_statements_covered_display": "0", "num_branches": 2, "num_partial_branches": 0, "covered_branches": 0, "missing_branches": 2, "percent_branches_covered": 0.0, "percent_branches_covered_display": "0"}, "missing_lines": [2102, 2103, 2105, 2106, 2107, 2108, 2111, 2112, 2113, 2114], "excluded_lines": [], "executed_branches": [], "missing_branches": [[2103, 2105], [2103, 2111]]}, "SemanticAnalyzer._analyze_ZTStartCommand": {"executed_lines": [], "summary": {"covered_lines": 0, "num_statements": 4, "percent_covered": 0.0, "percent_covered_display": "0", "missing_lines": 4, "excluded_lines": 0, "percent_statements_covered": 0.0, "percent_statements_covered_display": "0", "num_branches": 0, "num_partial_branches": 0, "covered_branches": 0, "missing_branches": 0, "percent_branches_covered": 100.0, "percent_branches_covered_display": "100"}, "missing_lines": [2122, 2123, 2124, 2125], "excluded_lines": [], "executed_branches": [], "missing_branches": []}, "SemanticAnalyzer._analyze_ZTCommitCommand": {"executed_lines": [], "summary": {"covered_lines": 0, "num_statements": 6, "percent_covered": 0.0, "percent_covered_display": "0", "missing_lines": 6, "excluded_lines": 0, "percent_statements_covered": 0.0, "percent_statements_covered_display": "0", "num_branches": 2, "num_partial_branches": 0, "covered_branches": 0, "missing_branches": 2, "percent_branches_covered": 0.0, "percent_branches_covered_display": "0"}, "missing_lines": [2133, 2134, 2135, 2138, 2139, 2141], "excluded_lines": [], "executed_branches": [], "missing_branches": [[2138, 2139], [2138, 2141]]}, "SemanticAnalyzer._analyze_ZShowCommand": {"executed_lines": [], "summary": {"covered_lines": 0, "num_statements": 12, "percent_covered": 0.0, "percent_covered_display": "0", "missing_lines": 12, "excluded_lines": 0, "percent_statements_covered": 0.0, "percent_statements_covered_display": "0", "num_branches": 8, "num_partial_branches": 0, "covered_branches": 0, "missing_branches": 8, "percent_branches_covered": 0.0, "percent_branches_covered_display": "0"}, "missing_lines": [2153, 2154, 2155, 2157, 2158, 2159, 2160, 2161, 2162, 2163, 2164, 2166], "excluded_lines": [], "executed_branches": [], "missing_branches": [[2157, 2158], [2157, 2166], [2158, 2159], [2158, 2166], [2160, 2161], [2160, 2162], [2162, 2163], [2162, 2164]]}, "SemanticAnalyzer._analyze_ZWriteCommand": {"executed_lines": [2174, 2175, 2176, 2178, 2179, 2180, 2181, 2182, 2183, 2185], "summary": {"covered_lines": 10, "num_statements": 10, "percent_covered": 87.5, "percent_covered_display": "88", "missing_lines": 0, "excluded_lines": 0, "percent_statements_covered": 100.0, "percent_statements_covered_display": "100", "num_branches": 6, "num_partial_branches": 2, "covered_branches": 4, "missing_branches": 2, "percent_branches_covered": 66.66666666666667, "percent_branches_covered_display": "67"}, "missing_lines": [], "excluded_lines": [], "executed_branches": [[2178, 2179], [2179, 2180], [2179, 2185], [2181, 2182]], "missing_branches": [[2178, 2185], [2181, 2183]]}, "SemanticAnalyzer._analyze_MZWriteSubscriptAll": {"executed_lines": [2195], "summary": {"covered_lines": 1, "num_statements": 1, "percent_covered": 100.0, "percent_covered_display": "100", "missing_lines": 0, "excluded_lines": 0, "percent_statements_covered": 100.0, "percent_statements_covered_display": "100", "num_branches": 0, "num_partial_branches": 0, "covered_branches": 0, "missing_branches": 0, "percent_branches_covered": 100.0, "percent_branches_covered_display": "100"}, "missing_lines": [], "excluded_lines": [], "executed_branches": [], "missing_branches": []}, "SemanticAnalyzer._analyze_MZWriteSubscriptRange": {"executed_lines": [2205, 2206, 2207, 2208, 2209], "summary": {"covered_lines": 5, "num_statements": 5, "percent_covered": 100.0, "percent_covered_display": "100", "missing_lines": 0, "excluded_lines": 0, "percent_statements_covered": 100.0, "percent_statements_covered_display": "100", "num_branches": 4, "num_partial_branches": 0, "covered_branches": 4, "missing_branches": 0, "percent_branches_covered": 100.0, "percent_branches_covered_display": "100"}, "missing_lines": [], "excluded_lines": [], "executed_branches": [[2205, 2206], [2205, 2207], [2207, 2208], [2207, 2209]], "missing_branches": []}, "SemanticAnalyzer._analyze_ZWriteGlobalPattern": {"executed_lines": [2218, 2219, 2220, 2221, 2222, 2223], "summary": {"covered_lines": 6, "num_statements": 6, "percent_covered": 100.0, "percent_covered_display": "100", "missing_lines": 0, "excluded_lines": 0, "percent_statements_covered": 100.0, "percent_statements_covered_display": "100", "num_branches": 4, "num_partial_branches": 0, "covered_branches": 4, "missing_branches": 0, "percent_branches_covered": 100.0, "percent_branches_covered_display": "100"}, "missing_lines": [], "excluded_lines": [], "executed_branches": [[2218, 2219], [2218, 2223], [2220, 2221], [2220, 2222]], "missing_branches": []}, "SemanticAnalyzer._analyze_ZBreakCommand": {"executed_lines": [], "summary": {"covered_lines": 0, "num_statements": 14, "percent_covered": 0.0, "percent_covered_display": "0", "missing_lines": 14, "excluded_lines": 0, "percent_statements_covered": 0.0, "percent_statements_covered_display": "0", "num_branches": 10, "num_partial_branches": 0, "covered_branches": 0, "missing_branches": 10, "percent_branches_covered": 0.0, "percent_branches_covered_display": "0"}, "missing_lines": [2231, 2232, 2233, 2235, 2236, 2237, 2238, 2239, 2240, 2241, 2242, 2243, 2244, 2246], "excluded_lines": [], "executed_branches": [], "missing_branches": [[2235, 2236], [2235, 2246], [2236, 2237], [2236, 2246], [2238, 2239], [2238, 2240], [2240, 2241], [2240, 2242], [2242, 2243], [2242, 2244]]}, "SemanticAnalyzer._analyze_ZStepCommand": {"executed_lines": [], "summary": {"covered_lines": 0, "num_statements": 8, "percent_covered": 0.0, "percent_covered_display": "0", "missing_lines": 8, "excluded_lines": 0, "percent_statements_covered": 0.0, "percent_statements_covered_display": "0", "num_branches": 4, "num_partial_branches": 0, "covered_branches": 0, "missing_branches": 4, "percent_branches_covered": 0.0, "percent_branches_covered_display": "0"}, "missing_lines": [2254, 2255, 2256, 2258, 2259, 2260, 2261, 2263], "excluded_lines": [], "executed_branches": [], "missing_branches": [[2258, 2259], [2258, 2260], [2260, 2261], [2260, 2263]]}, "SemanticAnalyzer._analyze_ZGotoCommand": {"executed_lines": [], "summary": {"covered_lines": 0, "num_statements": 14, "percent_covered": 0.0, "percent_covered_display": "0", "missing_lines": 14, "excluded_lines": 0, "percent_statements_covered": 0.0, "percent_statements_covered_display": "0", "num_branches": 10, "num_partial_branches": 0, "covered_branches": 0, "missing_branches": 10, "percent_branches_covered": 0.0, "percent_branches_covered_display": "0"}, "missing_lines": [2271, 2272, 2273, 2275, 2276, 2277, 2278, 2279, 2280, 2281, 2282, 2283, 2284, 2286], "excluded_lines": [], "executed_branches": [], "missing_branches": [[2275, 2276], [2275, 2286], [2276, 2277], [2276, 2286], [2278, 2279], [2278, 2280], [2280, 2281], [2280, 2282], [2282, 2283], [2282, 2284]]}, "SemanticAnalyzer._analyze_ZKillCommand": {"executed_lines": [], "summary": {"covered_lines": 0, "num_statements": 9, "percent_covered": 0.0, "percent_covered_display": "0", "missing_lines": 9, "excluded_lines": 0, "percent_statements_covered": 0.0, "percent_statements_covered_display": "0", "num_branches": 6, "num_partial_branches": 0, "covered_branches": 0, "missing_branches": 6, "percent_branches_covered": 0.0, "percent_branches_covered_display": "0"}, "missing_lines": [2294, 2295, 2296, 2298, 2299, 2300, 2301, 2302, 2304], "excluded_lines": [], "executed_branches": [], "missing_branches": [[2298, 2299], [2298, 2304], [2299, 2300], [2299, 2304], [2301, 2299], [2301, 2302]]}, "SemanticAnalyzer._analyze_ZWithdrawCommand": {"executed_lines": [], "summary": {"covered_lines": 0, "num_statements": 9, "percent_covered": 0.0, "percent_covered_display": "0", "missing_lines": 9, "excluded_lines": 0, "percent_statements_covered": 0.0, "percent_statements_covered_display": "0", "num_branches": 6, "num_partial_branches": 0, "covered_branches": 0, "missing_branches": 6, "percent_branches_covered": 0.0, "percent_branches_covered_display": "0"}, "missing_lines": [2312, 2313, 2314, 2316, 2317, 2318, 2319, 2320, 2322], "excluded_lines": [], "executed_branches": [], "missing_branches": [[2316, 2317], [2316, 2322], [2317, 2318], [2317, 2322], [2319, 2317], [2319, 2320]]}, "SemanticAnalyzer._analyze_ZHaltCommand": {"executed_lines": [], "summary": {"covered_lines": 0, "num_statements": 6, "percent_covered": 0.0, "percent_covered_display": "0", "missing_lines": 6, "excluded_lines": 0, "percent_statements_covered": 0.0, "percent_statements_covered_display": "0", "num_branches": 2, "num_partial_branches": 0, "covered_branches": 0, "missing_branches": 2, "percent_branches_covered": 0.0, "percent_branches_covered_display": "0"}, "missing_lines": [2330, 2331, 2332, 2334, 2335, 2337], "excluded_lines": [], "executed_branches": [], "missing_branches": [[2334, 2335], [2334, 2337]]}, "SemanticAnalyzer._analyze_ZHelpCommand": {"executed_lines": [], "summary": {"covered_lines": 0, "num_statements": 13, "percent_covered": 0.0, "percent_covered_display": "0", "missing_lines": 13, "excluded_lines": 0, "percent_statements_covered": 0.0, "percent_statements_covered_display": "0", "num_branches": 8, "num_partial_branches": 0, "covered_branches": 0, "missing_branches": 8, "percent_branches_covered": 0.0, "percent_branches_covered_display": "0"}, "missing_lines": [2345, 2346, 2347, 2349, 2350, 2351, 2352, 2354, 2355, 2357, 2358, 2360, 2362], "excluded_lines": [], "executed_branches": [], "missing_branches": [[2349, 2350], [2349, 2362], [2350, 2351], [2350, 2362], [2354, 2355], [2354, 2357], [2357, 2358], [2357, 2360]]}, "SemanticAnalyzer._analyze_ZAllocateCommand": {"executed_lines": [], "summary": {"covered_lines": 0, "num_statements": 18, "percent_covered": 0.0, "percent_covered_display": "0", "missing_lines": 18, "excluded_lines": 0, "percent_statements_covered": 0.0, "percent_statements_covered_display": "0", "num_branches": 12, "num_partial_branches": 0, "covered_branches": 0, "missing_branches": 12, "percent_branches_covered": 0.0, "percent_branches_covered_display": "0"}, "missing_lines": [2371, 2372, 2373, 2376, 2377, 2379, 2380, 2381, 2382, 2383, 2384, 2385, 2388, 2389, 2390, 2392, 2393, 2395], "excluded_lines": [], "executed_branches": [], "missing_branches": [[2376, 2377], [2376, 2388], [2380, 2381], [2380, 2384], [2381, 2382], [2381, 2384], [2384, 2385], [2384, 2388], [2388, 2389], [2388, 2395], [2389, 2390], [2389, 2395]]}, "SemanticAnalyzer._analyze_ZDeallocateCommand": {"executed_lines": [], "summary": {"covered_lines": 0, "num_statements": 16, "percent_covered": 0.0, "percent_covered_display": "0", "missing_lines": 16, "excluded_lines": 0, "percent_statements_covered": 0.0, "percent_statements_covered_display": "0", "num_branches": 10, "num_partial_branches": 0, "covered_branches": 0, "missing_branches": 10, "percent_branches_covered": 0.0, "percent_branches_covered_display": "0"}, "missing_lines": [2406, 2407, 2408, 2411, 2412, 2414, 2415, 2416, 2417, 2418, 2421, 2422, 2423, 2425, 2426, 2428], "excluded_lines": [], "executed_branches": [], "missing_branches": [[2411, 2412], [2411, 2421], [2415, 2416], [2415, 2421], [2416, 2417], [2416, 2421], [2421, 2422], [2421, 2428], [2422, 2423], [2422, 2428]]}, "SemanticAnalyzer._analyze_ZLoadCommand": {"executed_lines": [], "summary": {"covered_lines": 0, "num_statements": 9, "percent_covered": 0.0, "percent_covered_display": "0", "missing_lines": 9, "excluded_lines": 0, "percent_statements_covered": 0.0, "percent_statements_covered_display": "0", "num_branches": 6, "num_partial_branches": 0, "covered_branches": 0, "missing_branches": 6, "percent_branches_covered": 0.0, "percent_branches_covered_display": "0"}, "missing_lines": [2437, 2438, 2439, 2441, 2442, 2443, 2444, 2445, 2447], "excluded_lines": [], "executed_branches": [], "missing_branches": [[2441, 2442], [2441, 2447], [2442, 2443], [2442, 2447], [2444, 2442], [2444, 2445]]}, "SemanticAnalyzer._analyze_ZLinkCommand": {"executed_lines": [], "summary": {"covered_lines": 0, "num_statements": 9, "percent_covered": 0.0, "percent_covered_display": "0", "missing_lines": 9, "excluded_lines": 0, "percent_statements_covered": 0.0, "percent_statements_covered_display": "0", "num_branches": 6, "num_partial_branches": 0, "covered_branches": 0, "missing_branches": 6, "percent_branches_covered": 0.0, "percent_branches_covered_display": "0"}, "missing_lines": [2455, 2456, 2457, 2459, 2460, 2461, 2462, 2463, 2465], "excluded_lines": [], "executed_branches": [], "missing_branches": [[2459, 2460], [2459, 2465], [2460, 2461], [2460, 2465], [2462, 2460], [2462, 2463]]}, "SemanticAnalyzer._analyze_ZPrintCommand": {"executed_lines": [], "summary": {"covered_lines": 0, "num_statements": 18, "percent_covered": 0.0, "percent_covered_display": "0", "missing_lines": 18, "excluded_lines": 0, "percent_statements_covered": 0.0, "percent_statements_covered_display": "0", "num_branches": 14, "num_partial_branches": 0, "covered_branches": 0, "missing_branches": 14, "percent_branches_covered": 0.0, "percent_branches_covered_display": "0"}, "missing_lines": [2473, 2474, 2475, 2477, 2478, 2479, 2480, 2481, 2482, 2483, 2484, 2485, 2486, 2487, 2488, 2489, 2490, 2492], "excluded_lines": [], "executed_branches": [], "missing_branches": [[2477, 2478], [2477, 2492], [2478, 2479], [2478, 2492], [2480, 2481], [2480, 2482], [2482, 2483], [2482, 2484], [2484, 2485], [2484, 2486], [2486, 2487], [2486, 2488], [2488, 2489], [2488, 2490]]}, "SemanticAnalyzer._analyze_ZSystemCommand": {"executed_lines": 
[...]
"percent_covered_display": "100", "missing_lines": 0, "excluded_lines": 0, "percent_statements_covered": 100.0, "percent_statements_covered_display": "100", "num_branches": 0, "num_partial_branches": 0, "covered_branches": 0, "missing_branches": 0, "percent_branches_covered": 100.0, "percent_branches_covered_display": "100"}, "missing_lines": [], "excluded_lines": [], "executed_branches": [], "missing_branches": []}, "SemanticAnalyzer": {"executed_lines": [186, 187, 188, 196, 199, 202, 203, 204, 207, 208, 218, 221, 222, 224, 225, 226, 227, 229, 236, 242, 250, 256, 260, 263, 279, 285, 2174, 2175, 2176, 2178, 2179, 2180, 2181, 2182, 2183, 2185, 2195, 2205, 2206, 2207, 2208, 2209, 2218, 2219, 2220, 2221, 2222, 2223, 2746, 2747, 2782], "summary": {"covered_lines": 51, "num_statements": 1213, "percent_covered": 4.1688111168296444, "percent_covered_display": "4", "missing_lines": 1162, "excluded_lines": 1, "percent_statements_covered": 4.204451772464963, "percent_statements_covered_display": "4", "num_branches": 730, "num_partial_branches": 14, "covered_branches": 30, "missing_branches": 700, "percent_branches_covered": 4.109589041095891, "percent_branches_covered_display": "4"}, "missing_lines": [197, 213, 230, 231, 232, 233, 234, 237, 238, 239, 240, 243, 244, 245, 246, 247, 248, 251, 252, 253, 254, 257, 258, 261, 264, 266, 267, 268, 270, 271, 275, 277, 281, 282, 283, 304, 305, 307, 308, 309, 315, 316, 317, 319, 320, 327, 328, 329, 336, 354, 355, 356, 370, 371, 374, 375, 379, 380, 391, 394, 395, 396, 398, 401, 402, 403, 404, 405, 406, 407, 409, 410, 411, 413, 429, 430, 433, 434, 435, 438, 447, 449, 450, 452, 453, 454, 457, 462, 465, 468, 472, 473, 476, 477, 478, 479, 482, 483, 485, 486, 487, 489, 493, 494, 496, 497, 498, 500, 501, 503, 504, 505, 507, 509, 514, 521, 522, 524, 525, 526, 527, 528, 530, 534, 537, 538, 540, 541, 543, 544, 545, 546, 548, 549, 552, 555, 556, 561, 562, 563, 564, 565, 567, 584, 585, 586, 589, 590, 591, 592, 593, 594, 596, 597, 605, 613, 626, 646, 647, 648, 649, 658, 660, 661, 662, 664, 665, 666, 668, 678, 681, 682, 685, 686, 689, 690, 695, 696, 700, 711, 713, 714, 715, 717, 725, 726, 727, 728, 732, 733, 734, 735, 739, 740, 741, 742, 743, 744, 748, 749, 750, 751, 752, 753, 761, 762, 763, 765, 766, 768, 769, 770, 773, 774, 776, 778, 779, 780, 781, 783, 784, 785, 788, 789, 790, 791, 793, 794, 796, 798, 802, 803, 804, 806, 807, 808, 809, 811, 829, 830, 831, 833, 834, 836, 839, 842, 843, 844, 847, 850, 851, 852, 858, 859, 864, 865, 866, 869, 870, 871, 874, 880, 883, 884, 887, 888, 889, 891, 892, 893, 896, 897, 898, 900, 908, 909, 912, 913, 917, 919, 920, 922, 926, 927, 928, 932, 933, 936, 938, 939, 940, 943, 944, 947, 948, 950, 951, 952, 954, 955, 957, 958, 959, 960, 961, 963, 965, 966, 968, 971, 974, 975, 978, 979, 982, 983, 984, 985, 987, 998, 1001, 1002, 1003, 1004, 1006, 1007, 1008, 1011, 1013, 1014, 1015, 1019, 1020, 1022, 1033, 1034, 1035, 1036, 1038, 1039, 1042, 1045, 1046, 1047, 1048, 1049, 1051, 1052, 1053, 1054, 1058, 1059, 1061, 1063, 1064, 1066, 1067, 1068, 1069, 1071, 1075, 1076, 1077, 1079, 1080, 1081, 1083, 1084, 1087, 1088, 1089, 1090, 1093, 1094, 1097, 1098, 1101, 1102, 1105, 1106, 1107, 1111, 1114, 1115, 1117, 1118, 1119, 1122, 1123, 1124, 1128, 1131, 1132, 1134, 1135, 1137, 1139, 1141, 1145, 1146, 1147, 1149, 1150, 1151, 1153, 1154, 1157, 1158, 1159, 1160, 1163, 1164, 1167, 1168, 1171, 1172, 1175, 1176, 1177, 1181, 1184, 1185, 1188, 1189, 1193, 1194, 1195, 1198, 1199, 1200, 1204, 1207, 1208, 1210, 1211, 1213, 1215, 1216, 1218, 1220, 1228, 1231, 1232, 1234, 1242, 1243, 1246, 1247, 1248, 1252, 1253, 1254, 1255, 1256, 1257, 1258, 1260, 1263, 1265, 1269, 1270, 1271, 1273, 1277, 1278, 1279, 1281, 1282, 1284, 1296, 1297, 1298, 1300, 1301, 1302, 1303, 1304, 1306, 1307, 1308, 1309, 1310, 1312, 1314, 1315, 1316, 1317, 1318, 1320, 1321, 1322, 1324, 1325, 1326, 1327, 1328, 1329, 1331, 1333, 1345, 1346, 1347, 1350, 1351, 1352, 1354, 1356, 1358, 1361, 1362, 1363, 1365, 1368, 1369, 1370, 1373, 1374, 1377, 1378, 1379, 1380, 1383, 1385, 1400, 1401, 1402, 1404, 1405, 1406, 1408, 1409, 1410, 1413, 1414, 1415, 1416, 1418, 1419, 1420, 1421, 1422, 1424, 1425, 1426, 1427, 1429, 1431, 1444, 1445, 1446, 1448, 1449, 1450, 1452, 1453, 1454, 1457, 1458, 1459, 1460, 1462, 1463, 1464, 1465, 1466, 1468, 1469, 1470, 1471, 1473, 1475, 1479, 1480, 1481, 1484, 1485, 1486, 1487, 1488, 1490, 1491, 1493, 1494, 1495, 1496, 1498, 1502, 1503, 1504, 1506, 1510, 1511, 1512, 1514, 1518, 1519, 1520, 1522, 1523, 1524, 1525, 1527, 1530, 1531, 1532, 1533, 1534, 1536, 1537, 1539, 1540, 1541, 1543, 1559, 1560, 1561, 1564, 1565, 1567, 1568, 1569, 1570, 1571, 1572, 1573, 1574, 1575, 1578, 1579, 1580, 1581, 1585, 1586, 1587, 1588, 1590, 1603, 1606, 1607, 1609, 1612, 1613, 1616, 1617, 1618, 1620, 1621, 1623, 1634, 1637, 1638, 1640, 1643, 1644, 1647, 1648, 1651, 1652, 1653, 1655, 1656, 1659, 1660, 1662, 1670, 1671, 1672, 1674, 1675, 1676, 1677, 1678, 1679, 1680, 1681, 1683, 1691, 1692, 1693, 1697, 1698, 1699, 1700, 1703, 1704, 1706, 1707, 1709, 1710, 1712, 1714, 1727, 1728, 1729, 1732, 1733, 1734, 1735, 1737, 1738, 1740, 1741, 1745, 1746, 1749, 1751, 1762, 1764, 1766, 1769, 1771, 1772, 1773, 1774, 1776, 1777, 1779, 1792, 1793, 1794, 1797, 1798, 1799, 1800, 1802, 1803, 1805, 1806, 1810, 1811, 1814, 1816, 1833, 1834, 1835, 1838, 1839, 1840, 1842, 1843, 1846, 1847, 1848, 1849, 1852, 1853, 1856, 1857, 1860, 1861, 1864, 1865, 1866, 1870, 1873, 1874, 1877, 1878, 1882, 1883, 1884, 1887, 1888, 1889, 1893, 1896, 1897, 1899, 1900, 1902, 1904, 1905, 1908, 1911, 1912, 1917, 1918, 1920, 1922, 1926, 1927, 1928, 1932, 1933, 1934, 1936, 1949, 1950, 1952, 1956, 1957, 1958, 1967, 1968, 1969, 1972, 1973, 1975, 1976, 1977, 1978, 1979, 1980, 1981, 1986, 1987, 1988, 1989, 1991, 1993, 1994, 1998, 1999, 2001, 2005, 2006, 2007, 2009, 2011, 2014, 2016, 2026, 2029, 2030, 2031, 2032, 2033, 2034, 2035, 2036, 2038, 2040, 2041, 2042, 2043, 2047, 2048, 2049, 2050, 2051, 2055, 2063, 2064, 2065, 2066, 2074, 2075, 2076, 2077, 2085, 2086, 2087, 2090, 2091, 2093, 2102, 2103, 2105, 2106, 2107, 2108, 2111, 2112, 2113, 2114, 2122, 2123, 2124, 2125, 2133, 2134, 2135, 2138, 2139, 2141, 2153, 2154, 2155, 2157, 2158, 2159, 2160, 2161, 2162, 2163, 2164, 2166, 2231, 2232, 2233, 2235, 2236, 2237, 2238, 2239, 2240, 2241, 2242, 2243, 2244, 2246, 2254, 2255, 2256, 2258, 2259, 2260, 2261, 2263, 2271, 2272, 2273, 2275, 2276, 2277, 2278, 2279, 2280, 2281, 2282, 2283, 2284, 2286, 2294, 2295, 2296, 2298, 2299, 2300, 2301, 2302, 2304, 2312, 2313, 2314, 2316, 2317, 2318, 2319, 2320, 2322, 2330, 2331, 2332, 2334, 2335, 2337, 2345, 2346, 2347, 2349, 2350, 2351, 2352, 2354, 2355, 2357, 2358, 2360, 2362, 2371, 2372, 2373, 2376, 2377, 2379, 2380, 2381, 2382, 2383, 2384, 2385, 2388, 2389, 2390, 2392, 2393, 2395, 2406, 2407, 2408, 2411, 2412, 2414, 2415, 2416, 2417, 2418, 2421, 2422, 2423, 2425, 2426, 2428, 2437, 2438, 2439, 2441, 2442, 2443, 2444, 2445, 2447, 2455, 2456, 2457, 2459, 2460, 2461, 2462, 2463, 2465, 2473, 2474, 2475, 2477, 2478, 2479, 2480, 2481, 2482, 2483, 2484, 2485, 2486, 2487, 2488, 2489, 2490, 2492, 2500, 2501, 2502, 2504, 2505, 2506, 2507, 2508, 2510, 2518, 2519, 2520, 2522, 2523, 2524, 2525, 2526, 2528, 2536, 2537, 2538, 2540, 2541, 2542, 2543, 2544, 2546, 2554, 2555, 2556, 2558, 2559, 2560, 2561, 2562, 2564, 2572, 2573, 2574, 2576, 2577, 2578, 2579, 2580, 2582, 2590, 2591, 2592, 2593, 2601, 2602, 2603, 2604, 2605, 2606, 2607, 2608, 2614, 2618, 2619, 2620, 2625, 2626, 2628, 2629, 2630, 2631, 2632, 2633, 2634, 2635, 2637, 2641, 2642, 2643, 2644, 2645, 2646, 2647, 2648, 2653, 2663, 2666, 2667, 2670, 2671, 2674, 2675, 2676, 2677, 2680, 2681, 2682, 2685, 2686, 2688, 2692, 2693, 2694, 2695, 2696, 2697, 2698, 2699, 2700, 2701, 2702, 2703, 2704, 2705, 2718, 2727, 2728, 2732, 2733, 2734, 2735, 2749, 2750, 2754, 2755, 2756, 2757, 2758, 2759, 2760, 2764, 2765, 2769, 2770, 2771, 2783], "excluded_lines": [627], "executed_branches": [[196, 199], [203, 204], [203, 207], [207, 208], [221, 222], [221, 229], [225, 226], [225, 227], [229, 236], [236, 242], [242, 250], [250, 256], [256, 260], [260, 263], [263, 279], [279, 285], [2178, 2179], [2179, 2180], [2179, 2185], [2181, 2182], [2205, 2206], [2205, 2207], [2207, 2208], [2207, 2209], [2218, 2219], [2218, 2223], [2220, 2221], [2220, 2222], [2746, 2747], [2782, -2773]], "missing_branches": [[196, 197], [207, 213], [229, 230], [232, 233], [232, 234], [236, 237], [238, 239], [238, 240], [242, 243], [244, 245], [244, 246], [247, 248], [247, 285], [250, 251], [252, 253], [252, 254], [256, 257], [260, 261], [263, 264], [266, 267], [266, 270], [270, 271], [270, 277], [279, 281], [281, 282], [281, 285], [304, 305], [304, 327], [307, 308], [307, 315], [315, 316], [315, 327], [327, 328], [327, 336], [354, 355], [354, 356], [370, 371], [370, 374], [375, -358], [375, 379], [395, 396], [395, 398], [398, 401], [398, 413], [402, 403], [402, 411], [429, 430], [429, 514], [433, 434], [433, 509], [434, 435], [434, 507], [447, 449], [447, 489], [457, 462], [457, 472], [476, 477], [476, 485], [489, 434], [489, 493], [521, 522], [521, 524], [525, 526], [525, 530], [526, 527], [526, 530], [537, 538], [537, 555], [541, 543], [541, 546], [546, 548], [546, 549], [549, 552], [549, 555], [555, 556], [555, 561], [561, 562], [561, 563], [563, 564], [563, 567], [590, 591], [590, 594], [591, 592], [591, 594], [592, 593], [592, 594], [660, 661], [660, 664], [664, 665], [664, 668], [681, 682], [681, 700], [685, 686], [685, 689], [689, 690], [689, 695], [695, 696], [695, 700], [713, 714], [713, 717], [742, 743], [742, 744], [751, 752], [751, 753], [765, 766], [765, 798], [766, 768], [766, 798], [768, 766], [768, 769], [770, 773], [770, 788], [774, 776], [774, 778], [778, 766], [778, 779], [783, 784], [783, 785], [790, 791], [790, 793], [793, 794], [793, 796], [806, 807], [806, 811], [807, 808], [807, 811], [808, 807], [808, 809], [833, 834], [833, 900], [834, 836], [834, 900], [842, 843], [842, 887], [850, 851], [850, 858], [865, 866], [865, 869], [870, 871], [870, 874], [883, 834], [883, 884], [887, 888], [887, 891], [891, 892], [891, 896], [897, 834], [897, 898], [912, 913], [912, 922], [919, 920], [919, 922], [936, 938], [936, 940], [940, 943], [940, 950], [943, 944], [943, 947], [950, 951], [950, 971], [951, 952], [951, 971], [954, 955], [954, 957], [957, 958], [957, 965], [959, 960], [959, 963], [974, 975], [974, 978], [978, 979], [978, 987], [979, 978], [979, 982], [983, 978], [983, 984], [1001, 1002], [1001, 1011], [1002, 1003], [1002, 1006], [1013, 1014], [1013, 1019], [1034, 1035], [1034, 1045], [1035, 1036], [1035, 1038], [1038, 1039], [1038, 1042], [1045, 1046], [1045, 1051], [1058, 1059], [1058, 1061], [1063, 1064], [1063, 1066], [1066, 1067], [1066, 1068], [1068, 1069], [1068, 1071], [1079, 1080], [1079, 1141], [1080, 1081], [1080, 1141], [1083, 1084], [1083, 1087], [1087, 1088], [1087, 1117], [1093, 1094], [1093, 1101], [1101, 1102], [1101, 1105], [1105, 1106], [1105, 1107], [1107, 1111], [1107, 1139], [1117, 1118], [1117, 1139], [1122, 1123], [1122, 1124], [1124, 1128], [1124, 1134], [1134, 1135], [1134, 1137], [1149, 1150], [1149, 1220], [1150, 1151], [1150, 1220], [1153, 1154], [1153, 1157], [1157, 1158], [1157, 1193], [1163, 1164], [1163, 1171], [1171, 1172], [1171, 1175], [1175, 1176], [1175, 1177], [1177, 1181], [1177, 1188], [1188, 1189], [1188, 1215], [1193, 1194], [1193, 1215], [1198, 1199], [1198, 1200], [1200, 1204], [1200, 1210], [1210, 1211], [1210, 1213], [1215, 1216], [1215, 1218], [1246, 1247], [1246, 1252], [1252, 1253], [1252, 1254], [1254, 1255], [1254, 1256], [1256, 1257], [1256, 1258], [1258, 1260], [1258, 1265], [1269, 1270], [1269, 1273], [1281, 1282], [1281, 1284], [1300, 1301], [1300, 1316], [1304, 1306], [1304, 1333], [1307, 1308], [1307, 1315], [1308, 1309], [1308, 1310], [1310, 1312], [1310, 1314], [1316, 1317], [1316, 1333], [1317, 1318], [1317, 1333], [1318, 1320], [1318, 1322], [1322, 1324], [1322, 1326], [1326, 1327], [1326, 1331], [1350, 1351], [1350, 1385], [1354, 1356], [1354, 1368], [1356, 1358], [1356, 1363], [1361, 1354], [1361, 1362], [1363, 1354], [1363, 1365], [1368, 1369], [1368, 1383], [1373, 1374], [1373, 1377], [1378, 1379], [1378, 1380], [1404, 1405], [1404, 1431], [1408, 1409], [1408, 1418], [1409, 1410], [1409, 1415], [1413, 1408], [1413, 1414], [1415, 1408], [1415, 1416], [1418, 1419], [1418, 1429], [1421, 1422], [1421, 1424], [1425, 1426], [1425, 1427], [1448, 1449], [1448, 1475], [1452, 1453], [1452, 1462], [1453, 1454], [1453, 1459], [1457, 1452], [1457, 1458], [1459, 1452], [1459, 1460], [1462, 1463], [1462, 1473], [1465, 1466], [1465, 1468], [1469, 1470], [1469, 1471], [1484, 1485], [1484, 1493], [1485, 1486], [1485, 1490], [1487, 1485], [1487, 1488], [1490, 1491], [1490, 1498], [1493, 1494], [1493, 1498], [1495, 1496], [1495, 1498], [1522, 1523], [1522, 1530], [1523, 1524], [1523, 1530], [1524, 1525], [1524, 1527], [1532, 1533], [1532, 1539], [1533, 1534], [1533, 1536], [1539, 1540], [1539, 1543], [1564, 1565], [1564, 1578], [1568, 1569], [1568, 1570], [1570, 1571], [1570, 1574], [1571, 1572], [1571, 1574], [1574, 1575], [1574, 1578], [1578, 1579], [1578, 1585], [1579, 1580], [1579, 1585], [1585, 1586], [1585, 1590], [1587, 1588], [1587, 1590], [1606, 1607], [1606, 1609], [1612, 1613], [1612, 1620], [1620, 1621], [1620, 1623], [1637, 1638], [1637, 1640], [1643, 1644], [1643, 1647], [1647, 1648], [1647, 1655], [1655, 1656], [1655, 1659], [1659, 1660], [1659, 1662], [1674, 1675], [1674, 1683], [1675, 1676], [1675, 1683], [1677, 1678], [1677, 1679], [1679, 1680], [1679, 1681], [1697, 1698], [1697, 1714], [1699, 1700], [1699, 1714], [1703, 1704], [1703, 1706], [1706, 1707], [1706, 1709], [1709, 1710], [1709, 1712], [1732, 1733], [1732, 1751], [1734, 1735], [1734, 1751], [1737, 1738], [1737, 1740], [1740, 1741], [1740, 1745], [1745, 1746], [1745, 1749], [1762, 1764], [1762, 1776], [1764, 1766], [1764, 1769], [1776, 1777], [1776, 1779], [1797, 1798], [1797, 1816], [1799, 1800], [1799, 1816], [1802, 1803], [1802, 1805], [1805, 1806], [1805, 1810], [1810, 1811], [1810, 1814], [1838, 1839], [1838, 1922], [1839, 1840], [1839, 1922], [1842, 1843], [1842, 1846], [1846, 1847], [1846, 1882], [1852, 1853], [1852, 1860], [1860, 1861], [1860, 1864], [1864, 1865], [1864, 1866], [1866, 1870], [1866, 1877], [1877, 1878], [1877, 1904], [1882, 1883], [1882, 1904], [1887, 1888], [1887, 1889], [1889, 1893], [1889, 1899], [1899, 1900], [1899, 1902], [1904, 1905], [1904, 1908], [1911, 1912], [1911, 1917], [1917, 1918], [1917, 1920], [1932, 1933], [1932, 1936], [1949, 1950], [1949, 1952], [1956, 1957], [1956, 1958], [1972, 1973], [1972, 1986], [1975, 1976], [1975, 1977], [1977, 1978], [1977, 1986], [1979, 1980], [1979, 1981], [1986, 1987], [1986, 2001], [1989, 1991], [1989, 1999], [1991, 1993], [1991, 1998], [1993, 1989], [1993, 1994], [2005, 2006], [2005, 2007], [2007, 2009], [2007, 2014], [2026, 2029], [2026, 2035], [2032, 2033], [2032, 2034], [2035, 2036], [2035, 2038], [2041, 2042], [2041, 2043], [2049, 2050], [2049, 2051], [2090, 2091], [2090, 2093], [2103, 2105], [2103, 2111], [2138, 2139], [2138, 2141], [2157, 2158], [2157, 2166], [2158, 2159], [2158, 2166], [2160, 2161], [2160, 2162], [2162, 2163], [2162, 2164], [2178, 2185], [2181, 2183], [2235, 2236], [2235, 2246], [2236, 2237], [2236, 2246], [2238, 2239], [2238, 2240], [2240, 2241], [2240, 2242], [2242, 2243], [2242, 2244], [2258, 2259], [2258, 2260], [2260, 2261], [2260, 2263], [2275, 2276], [2275, 2286], [2276, 2277], [2276, 2286], [2278, 2279], [2278, 2280], [2280, 2281], [2280, 2282], [2282, 2283], [2282, 2284], [2298, 2299], [2298, 2304], [2299, 2300], [2299, 2304], [2301, 2299], [2301, 2302], [2316, 2317], [2316, 2322], [2317, 2318], [2317, 2322], [2319, 2317], [2319, 2320], [2334, 2335], [2334, 2337], [2349, 2350], [2349, 2362], [2350, 2351], [2350, 2362], [2354, 2355], [2354, 2357], [2357, 2358], [2357, 2360], [2376, 2377], [2376, 2388], [2380, 2381], [2380, 2384], [2381, 2382], [2381, 2384], [2384, 2385], [2384, 2388], [2388, 2389], [2388, 2395], [2389, 2390], [2389, 2395], [2411, 2412], [2411, 2421], [2415, 2416], [2415, 2421], [2416, 2417], [2416, 2421], [2421, 2422], [2421, 2428], [2422, 2423], [2422, 2428], [2441, 2442], [2441, 2447], [2442, 2443], [2442, 2447], [2444, 2442], [2444, 2445], [2459, 2460], [2459, 2465], [2460, 2461], [2460, 2465], [2462, 2460], [2462, 2463], [2477, 2478], [2477, 2492], [2478, 2479], [2478, 2492], [2480, 2481], [2480, 2482], [2482, 2483], [2482, 2484], [2484, 2485], [2484, 2486], [2486, 2487], [2486, 2488], [2488, 2489], [2488, 2490], [2504, 2505], [2504, 2510], [2505, 2506], [2505, 2510], [2507, 2505], [2507, 2508], [2522, 2523], [2522, 2528], [2523, 2524], [2523, 2528], [2525, 2523], [2525, 2526], [2540, 2541], [2540, 2546], [2541, 2542], [2541, 2546], [2543, 2541], [2543, 2544], [2558, 2559], [2558, 2564], [2559, 2560], [2559, 2564], [2561, 2559], [2561, 2562], [2576, 2577], [2576, 2582], [2577, 2578], [2577, 2582], [2579, 2577], [2579, 2580], [2602, 2603], [2602, 2604], [2604, 2605], [2604, 2606], [2606, 2607], [2606, 2608], [2628, 2629], [2628, 2630], [2630, 2631], [2630, 2632], [2632, 2633], [2632, 2634], [2634, 2635], [2634, 2637], [2642, 2643], [2642, 2644], [2644, 2645], [2644, 2646], [2646, 2647], [2646, 2648], [2666, 2667], [2666, 2670], [2670, 2671], [2670, 2674], [2674, 2675], [2674, 2676], [2676, 2677], [2676, 2685], [2685, 2686], [2685, 2688], [2693, 2694], [2693, 2695], [2695, 2696], [2695, 2697], [2697, 2698], [2697, 2699], [2699, 2700], [2699, 2701], [2701, 2702], [2701, 2703], [2703, 2704], [2703, 2705], [2733, 2734], [2733, 2735], [2746, 2749], [2749, 2750], [2749, 2754], [2755, 2756], [2755, 2757], [2757, 2758], [2757, 2759], [2759, -2737], [2759, 2760], [2764, -2762], [2764, 2765], [2769, -2767], [2769, 2770], [2782, 2783]]}, "": {"executed_lines": [1, 23, 24, 26, 43, 115, 116, 124, 132, 133, 134, 139, 140, 141, 142, 145, 146, 147, 148, 151, 152, 153, 155, 156, 157, 158, 159, 160, 161, 171, 172, 185, 190, 215, 287, 342, 358, 382, 415, 516, 532, 570, 573, 575, 599, 607, 615, 632, 651, 670, 702, 723, 730, 737, 746, 759, 800, 813, 902, 924, 930, 989, 1024, 1056, 1073, 1143, 1222, 1236, 1275, 1286, 1335, 1387, 1433, 1477, 1500, 1508, 1516, 1545, 1592, 1625, 1664, 1685, 1716, 1753, 1781, 1818, 1924, 1938, 1954, 1960, 2003, 2018, 2045, 2053, 2057, 2068, 2079, 2095, 2116, 2127, 2147, 2168, 2187, 2197, 2211, 2225, 2248, 2265, 2288, 2306, 2324, 2339, 2364, 2397, 2430, 2449, 2467, 2494, 2512, 2530, 2548, 2566, 2584, 2599, 2610, 2616, 2622, 2639, 2650, 2655, 2690, 2711, 2730, 2737, 2762, 2767, 2773, 2791, 2797, 2807, 2808, 2811, 2856], "summary": {"covered_lines": 139, "num_statements": 169, "percent_covered": 74.33155080213903, "percent_covered_display": "74", "missing_lines": 30, "excluded_lines": 0, "percent_statements_covered": 82.24852071005917, "percent_statements_covered_display": "82", "num_branches": 18, "num_partial_branches": 0, "covered_branches": 0, "missing_branches": 18, "percent_branches_covered": 0.0, "percent_branches_covered_display": "0"}, "missing_lines": [2793, 2794, 2834, 2835, 2838, 2840, 2844, 2845, 2848, 2849, 2850, 2853, 2862, 2863, 2866, 2867, 2870, 2872, 2873, 2874, 2875, 2877, 2880, 2881, 2882, 2883, 2884, 2887, 2888, 2890], "excluded_lines": [], "executed_branches": [], "missing_branches": [[2838, 2840], [2838, 2844], [2849, 2850], [2849, 2853], [2862, 2863], [2862, 2866], [2866, 2867], [2866, 2870], [2870, 2872], [2870, 2880], [2874, 2875], [2874, 2877], [2880, 2881], [2880, 2887], [2883, 2884], [2883, 2887], [2887, 2888], [2887, 2890]]}}}}, "totals": {"covered_lines": 190, "num_statements": 1382, "percent_covered": 10.328638497652582, "percent_covered_display": "10", "missing_lines": 1192, "excluded_lines": 1, "percent_statements_covered": 13.748191027496382, "percent_statements_covered_display": "14", "num_branches": 748, "num_partial_branches": 14, "covered_branches": 30, "missing_branches": 718, "percent_branches_covered": 4.010695187165775, "percent_branches_covered_display": "4"}}