{"meta": {"format": 3, "version": "7.13.1", "timestamp": "2026-01-16T21:51:55.751346", "branch_coverage": true, "show_contexts": false}, "files": {"src/m2py/__init__.py": {"executed_lines": [17, 20, 23, 48, 56], "summary": {"covered_lines": 5, "num_statements": 5, "percent_covered": 100.0, "percent_covered_display": "100", "missing_lines": 0, "excluded_lines": 0, "percent_statements_covered": 100.0, "percent_statements_covered_display": "100", "num_branches": 0, "num_partial_branches": 0, "covered_branches": 0, "missing_branches": 0, "percent_branches_covered": 100.0, "percent_branches_covered_display": "100"}, "missing_lines": [], "excluded_lines": [], "executed_branches": [], "missing_branches": [], "functions": {"": {"executed_lines": [17, 20, 23, 48, 56], "summary": {"covered_lines": 5, "num_statements": 5, "percent_covered": 100.0, "percent_covered_display": "100", "missing_lines": 0, "excluded_lines": 0, "percent_statements_covered": 100.0, "percent_statements_covered_display": "100", "num_branches": 0, "num_partial_branches": 0, "covered_branches": 0, "missing_branches": 0, "percent_branches_covered": 100.0, "percent_branches_covered_display": "100"}, "missing_lines": [], "excluded_lines": [], "start_line": 1, "executed_branches": [], "missing_branches": []}}, "classes": {"": {"executed_lines": [17, 20, 23, 48, 56], "summary": {"covered_lines": 5, "num_statements": 5, "percent_covered": 100.0, "percent_covered_display": "100", "missing_lines": 0, "excluded_lines": 0, "percent_statements_covered": 100.0, "percent_statements_covered_display": "100", "num_branches": 0, "num_partial_branches": 0, "covered_branches": 0, "missing_branches": 0, "percent_branches_covered": 100.0, "percent_branches_covered_display": "100"}, "missing_lines": [], "excluded_lines": [], "start_line": 1, "executed_branches": [], "missing_branches": []}}}, "src/m2py/analysis/__init__.py": {"executed_lines": [11, 18, 24, 33, 41, 48, 56], "summary": {"covered_lines": 7, "num_statements": 7, "percent_covered": 100.0, "percent_covered_display": "100", "missing_lines": 0, "excluded_lines": 0, "percent_statements_covered": 100.0, "percent_statements_covered_display": "100", "num_branches": 0, "num_partial_branches": 0, "covered_branches": 0, "missing_branches": 0, "percent_branches_covered": 100.0, "percent_branches_covered_display": "100"}, "missing_lines": [], "excluded_lines": [], "executed_branches": [], "missing_branches": [], "functions": {"": {"executed_lines": [11, 18, 24, 33, 41, 48, 56], "summary": {"covered_lines": 7, "num_statements": 7, "percent_covered": 100.0, "percent_covered_display": "100", "missing_lines": 0, "excluded_lines": 0, "percent_statements_covered": 100.0, "percent_statements_covered_display": "100", "num_branches": 0, "num_partial_branches": 0, "covered_branches": 0, "missing_branches": 0, "percent_branches_covered": 100.0, "percent_branches_covered_display": "100"}, "missing_lines": [], "excluded_lines": [], "start_line": 1, "executed_branches": [], "missing_branches": []}}, "classes": {"": {"executed_lines": [11, 18, 24, 33, 41, 48, 56], "summary": {"covered_lines": 7, "num_statements": 7, "percent_covered": 100.0, "percent_covered_display": "100", "missing_lines": 0, "excluded_lines": 0, "percent_statements_covered": 100.0, "percent_statements_covered_display": "100", "num_branches": 0, "num_partial_branches": 0, "covered_branches": 0, "missing_branches": 0, "percent_branches_covered": 100.0, "percent_branches_covered_display": "100"}, "missing_lines": [], "excluded_lines": [], "start_line": 1, "executed_branches": [], "missing_branches": []}}}, "src/m2py/analysis/for_analysis.py": {"executed_lines": [12, 14, 15, 16, 17, 25, 27, 31, 47, 48, 50, 51, 52, 53, 54, 55, 56, 57, 62, 63, 65, 66, 67, 69, 72, 95, 96, 99, 111, 112, 114, 117, 118, 120, 121, 122, 123, 124, 125, 132, 134, 139, 142, 145, 147, 149, 150, 151, 153, 154, 157, 158, 159, 162, 180, 181, 182, 183, 188, 190, 191, 192, 193, 194, 195, 201, 202, 204, 205, 206, 207, 208, 209, 212, 214, 215, 217, 218, 219, 220, 226, 227, 228, 229, 230, 231, 234, 235, 238, 239, 241, 244, 259, 260, 263, 264, 267, 268, 271, 274, 298, 300, 301, 302, 303, 304, 305, 307, 310, 313, 316, 317, 319, 320, 327, 328, 329, 333, 334, 339, 340, 341, 344, 347, 359, 360, 361, 364, 365, 366, 367, 368, 369, 376, 379, 396, 397, 402, 414, 415, 417, 418, 419, 420, 423, 425, 426, 430, 432, 433, 438, 439, 440, 443, 444], "summary": {"covered_lines": 155, "num_statements": 179, "percent_covered": 82.21574344023324, "percent_covered_display": "82", "missing_lines": 24, "excluded_lines": 0, "percent_statements_covered": 86.59217877094972, "percent_statements_covered_display": "87", "num_branches": 164, "num_partial_branches": 23, "covered_branches": 127, "missing_branches": 37, "percent_branches_covered": 77.4390243902439, "percent_branches_covered_display": "77"}, "missing_lines": [28, 59, 128, 129, 130, 155, 186, 196, 197, 198, 221, 222, 223, 232, 233, 269, 324, 332, 335, 338, 342, 370, 371, 445], "excluded_lines": [], "executed_branches": [[27, 31], [47, 48], [47, 50], [50, 51], [50, 62], [52, 53], [52, 54], [54, 55], [54, 56], [56, 57], [63, 65], [63, 69], [66, 67], [95, -72], [95, 96], [111, -99], [111, 112], [112, 114], [112, 149], [117, 118], [118, 120], [118, 145], [120, 121], [120, 123], [123, 124], [132, 134], [150, 151], [150, 153], [154, 157], [158, 111], [158, 159], [180, 181], [180, 182], [182, 183], [188, 190], [188, 241], [190, 191], [190, 201], [191, 192], [191, 226], [193, 194], [194, 191], [194, 195], [201, 202], [201, 212], [204, 205], [204, 226], [205, 206], [207, 208], [208, 204], [208, 209], [212, 214], [212, 226], [214, 215], [214, 217], [217, 218], [217, 226], [218, 219], [219, 217], [219, 220], [227, 228], [227, 230], [228, 229], [228, 230], [231, 234], [235, 188], [235, 238], [238, 188], [238, 239], [259, 260], [259, 263], [263, 264], [263, 267], [268, 271], [298, 300], [298, 344], [300, 301], [300, 327], [301, 302], [301, 327], [302, 301], [302, 303], [303, 304], [304, 302], [304, 305], [305, 302], [305, 307], [310, 313], [310, 316], [316, 317], [319, 302], [319, 320], [328, 329], [328, 333], [329, 333], [334, 339], [340, 298], [340, 341], [341, 298], [359, 360], [359, 376], [360, 361], [360, 364], [365, 366], [365, 368], [366, 367], [366, 368], [369, 359], [396, -379], [396, 397], [414, -402], [414, 415], [415, 417], [415, 423], [417, 418], [417, 419], [419, 420], [419, 438], [423, 425], [423, 430], [425, 426], [430, 432], [430, 438], [432, 433], [439, 440], [439, 443], [444, 414]], "missing_branches": [[27, 28], [56, 59], [66, 69], [117, 149], [123, 128], [132, 145], [154, 155], [182, 186], [193, 196], [196, 191], [196, 197], [197, 191], [197, 198], [205, 204], [207, 204], [218, 221], [221, 217], [221, 222], [222, 217], [222, 223], [231, 232], [232, 233], [232, 234], [268, 269], [303, 302], [316, 324], [329, 332], [334, 335], [335, 338], [335, 339], [341, 342], [369, 370], [370, 359], [370, 371], [425, 438], [432, 438], [444, 445]], "functions": {"_classify_for_loop_type": {"executed_lines": [47, 48, 50, 51, 52, 53, 54, 55, 56, 57, 62, 63, 65, 66, 67, 69], "summary": {"covered_lines": 16, "num_statements": 17, "percent_covered": 90.3225806451613, "percent_covered_display": "90", "missing_lines": 1, "excluded_lines": 0, "percent_statements_covered": 94.11764705882354, "percent_statements_covered_display": "94", "num_branches": 14, "num_partial_branches": 2, "covered_branches": 12, "missing_branches": 2, "percent_branches_covered": 85.71428571428571, "percent_branches_covered_display": "86"}, "missing_lines": [59], "excluded_lines": [], "start_line": 31, "executed_branches": [[47, 48], [47, 50], [50, 51], [50, 62], [52, 53], [52, 54], [54, 55], [54, 56], [56, 57], [63, 65], [63, 69], [66, 67]], "missing_branches": [[56, 59], [66, 69]]}, "analyze_for_loops": {"executed_lines": [95, 96], "summary": {"covered_lines": 2, "num_statements": 2, "percent_covered": 100.0, "percent_covered_display": "100", "missing_lines": 0, "excluded_lines": 0, "percent_statements_covered": 100.0, "percent_statements_covered_display": "100", "num_branches": 2, "num_partial_branches": 0, "covered_branches": 2, "missing_branches": 0, "percent_branches_covered": 100.0, "percent_branches_covered_display": "100"}, "missing_lines": [], "excluded_lines": [], "start_line": 72, "executed_branches": [[95, -72], [95, 96]], "missing_branches": []}, "_analyze_fors_in_scope": {"executed_lines": [111, 112, 114, 117, 118, 120, 121, 122, 123, 124, 125, 132, 134, 139, 142, 145, 147, 149, 150, 151, 153, 154, 157, 158, 159], "summary": {"covered_lines": 25, "num_statements": 29, "percent_covered": 83.6734693877551, "percent_covered_display": "84", "missing_lines": 4, "excluded_lines": 0, "percent_statements_covered": 86.20689655172414, "percent_statements_covered_display": "86", "num_branches": 20, "num_partial_branches": 4, "covered_branches": 16, "missing_branches": 4, "percent_branches_covered": 80.0, "percent_branches_covered_display": "80"}, "missing_lines": [128, 129, 130, 155], "excluded_lines": [], "start_line": 99, "executed_branches": [[111, -99], [111, 112], [112, 114], [112, 149], [117, 118], [118, 120], [118, 145], [120, 121], [120, 123], [123, 124], [132, 134], [150, 151], [150, 153], [154, 157], [158, 111], [158, 159]], "missing_branches": [[117, 149], [123, 128], [132, 145], [154, 155]]}, "_check_var_modified_in_scope": {"executed_lines": [180, 181, 182, 183, 188, 190, 191, 192, 193, 194, 195, 201, 202, 204, 205, 206, 207, 208, 209, 212, 214, 215, 217, 218, 219, 220, 226, 227, 228, 229, 230, 231, 234, 235, 238, 239, 241], "summary": {"covered_lines": 37, "num_statements": 46, "percent_covered": 75.0, "percent_covered_display": "75", "missing_lines": 9, "excluded_lines": 0, "percent_statements_covered": 80.43478260869566, "percent_statements_covered_display": "80", "num_branches": 54, "num_partial_branches": 6, "covered_branches": 38, "missing_branches": 16, "percent_branches_covered": 70.37037037037037, "percent_branches_covered_display": "70"}, "missing_lines": [186, 196, 197, 198, 221, 222, 223, 232, 233], "excluded_lines": [], "start_line": 162, "executed_branches": [[180, 181], [180, 182], [182, 183], [188, 190], [188, 241], [190, 191], [190, 201], [191, 192], [191, 226], [193, 194], [194, 191], [194, 195], [201, 202], [201, 212], [204, 205], [204, 226], [205, 206], [207, 208], [208, 204], [208, 209], [212, 214], [212, 226], [214, 215], [214, 217], [217, 218], [217, 226], [218, 219], [219, 217], [219, 220], [227, 228], [227, 230], [228, 229], [228, 230], [231, 234], [235, 188], [235, 238], [238, 188], [238, 239]], "missing_branches": [[182, 186], [193, 196], [196, 191], [196, 197], [197, 191], [197, 198], [205, 204], [207, 204], [218, 221], [221, 217], [221, 222], [222, 217], [222, 223], [231, 232], [232, 233], [232, 234]]}, "_get_callee_signature": {"executed_lines": [259, 260, 263, 264, 267, 268, 271], "summary": {"covered_lines": 7, "num_statements": 8, "percent_covered": 85.71428571428571, "percent_covered_display": "86", "missing_lines": 1, "excluded_lines": 0, "percent_statements_covered": 87.5, "percent_statements_covered_display": "88", "num_branches": 6, "num_partial_branches": 1, "covered_branches": 5, "missing_branches": 1, "percent_branches_covered": 83.33333333333333, "percent_branches_covered_display": "83"}, "missing_lines": [269], "excluded_lines": [], "start_line": 244, "executed_branches": [[259, 260], [259, 263], [263, 264], [263, 267], [268, 271]], "missing_branches": [[268, 269]]}, "_check_var_passed_byref_in_scope": {"executed_lines": [298, 300, 301, 302, 303, 304, 305, 307, 310, 313, 316, 317, 319, 320, 327, 328, 329, 333, 334, 339, 340, 341, 344], "summary": {"covered_lines": 23, "num_statements": 28, "percent_covered": 80.0, "percent_covered_display": "80", "missing_lines": 5, "excluded_lines": 0, "percent_statements_covered": 82.14285714285714, "percent_statements_covered_display": "82", "num_branches": 32, "num_partial_branches": 5, "covered_branches": 25, "missing_branches": 7, "percent_branches_covered": 78.125, "percent_branches_covered_display": "78"}, "missing_lines": [324, 332, 335, 338, 342], "excluded_lines": [], "start_line": 274, "executed_branches": [[298, 300], [298, 344], [300, 301], [300, 327], [301, 302], [301, 327], [302, 301], [302, 303], [303, 304], [304, 302], [304, 305], [305, 302], [305, 307], [310, 313], [310, 316], [316, 317], [319, 302], [319, 320], [328, 329], [328, 333], [329, 333], [334, 339], [340, 298], [340, 341], [341, 298]], "missing_branches": [[303, 302], [316, 324], [329, 332], [334, 335], [335, 338], [335, 339], [341, 342]]}, "_check_quit_in_scope": {"executed_lines": [359, 360, 361, 364, 365, 366, 367, 368, 369, 376], "summary": {"covered_lines": 10, "num_statements": 12, "percent_covered": 79.16666666666667, "percent_covered_display": "79", "missing_lines": 2, "excluded_lines": 0, "percent_statements_covered": 83.33333333333333, "percent_statements_covered_display": "83", "num_branches": 12, "num_partial_branches": 1, "covered_branches": 9, "missing_branches": 3, "percent_branches_covered": 75.0, "percent_branches_covered_display": "75"}, "missing_lines": [370, 371], "excluded_lines": [], "start_line": 347, "executed_branches": [[359, 360], [359, 376], [360, 361], [360, 364], [365, 366], [365, 368], [366, 367], [366, 368], [369, 359]], "missing_branches": [[369, 370], [370, 359], [370, 371]]}, "analyze_quit_context": {"executed_lines": [396, 397], "summary": {"covered_lines": 2, "num_statements": 2, "percent_covered": 100.0, "percent_covered_display": "100", "missing_lines": 0, "excluded_lines": 0, "percent_statements_covered": 100.0, "percent_statements_covered_display": "100", "num_branches": 2, "num_partial_branches": 0, "covered_branches": 2, "missing_branches": 0, "percent_branches_covered": 100.0, "percent_branches_covered_display": "100"}, "missing_lines": [], "excluded_lines": [], "start_line": 379, "executed_branches": [[396, -379], [396, 397]], "missing_branches": []}, "_analyze_quit_context_in_scope": {"executed_lines": [414, 415, 417, 418, 419, 420, 423, 425, 426, 430, 432, 433, 438, 439, 440, 443, 444], "summary": {"covered_lines": 17, "num_statements": 18, "percent_covered": 89.47368421052632, "percent_covered_display": "89", "missing_lines": 1, "excluded_lines": 0, "percent_statements_covered": 94.44444444444444, "percent_statements_covered_display": "94", "num_branches": 20, "num_partial_branches": 3, "covered_branches": 17, "missing_branches": 3, "percent_branches_covered": 85.0, "percent_branches_covered_display": "85"}, "missing_lines": [445], "excluded_lines": [], "start_line": 402, "executed_branches": [[414, -402], [414, 415], [415, 417], [415, 423], [417, 418], [417, 419], [419, 420], [419, 438], [423, 425], [423, 430], [425, 426], [430, 432], [430, 438], [432, 433], [439, 440], [439, 443], [444, 414]], "missing_branches": [[425, 438], [432, 438], [444, 445]]}, "": {"executed_lines": [12, 14, 15, 16, 17, 25, 27, 31, 72, 99, 162, 244, 274, 347, 379, 402], "summary": {"covered_lines": 16, "num_statements": 17, "percent_covered": 89.47368421052632, "percent_covered_display": "89", "missing_lines": 1, "excluded_lines": 0, "percent_statements_covered": 94.11764705882354, "percent_statements_covered_display": "94", "num_branches": 2, "num_partial_branches": 1, "covered_branches": 1, "missing_branches": 1, "percent_branches_covered": 50.0, "percent_branches_covered_display": "50"}, "missing_lines": [28], "excluded_lines": [], "start_line": 1, "executed_branches": [[27, 31]], "missing_branches": [[27, 28]]}}, "classes": {"": {"executed_lines": [12, 14, 15, 16, 17, 25, 27, 31, 47, 48, 50, 51, 52, 53, 54, 55, 56, 57, 62, 63, 65, 66, 67, 69, 72, 95, 96, 99, 111, 112, 114, 117, 118, 120, 121, 122, 123, 124, 125, 132, 134, 139, 142, 145, 147, 149, 150, 151, 153, 154, 157, 158, 159, 162, 180, 181, 182, 183, 188, 190, 191, 192, 193, 194, 195, 201, 202, 204, 205, 206, 207, 208, 209, 212, 214, 215, 217, 218, 219, 220, 226, 227, 228, 229, 230, 231, 234, 235, 238, 239, 241, 244, 259, 260, 263, 264, 267, 268, 271, 274, 298, 300, 301, 302, 303, 304, 305, 307, 310, 313, 316, 317, 319, 320, 327, 328, 329, 333, 334, 339, 340, 341, 344, 347, 359, 360, 361, 364, 365, 366, 367, 368, 369, 376, 379, 396, 397, 402, 414, 415, 417, 418, 419, 420, 423, 425, 426, 430, 432, 433, 438, 439, 440, 443, 444], "summary": {"covered_lines": 155, "num_statements": 179, "percent_covered": 82.21574344023324, "percent_covered_display": "82", "missing_lines": 24, "excluded_lines": 0, "percent_statements_covered": 86.59217877094972, "percent_statements_covered_display": "87", "num_branches": 164, "num_partial_branches": 23, "covered_branches": 127, "missing_branches": 37, "percent_branches_covered": 77.4390243902439, "percent_branches_covered_display": "77"}, "missing_lines": [28, 59, 128, 129, 130, 155, 186, 196, 197, 198, 221, 222, 223, 232, 233, 269, 324, 332, 335, 338, 342, 370, 371, 445], "excluded_lines": [], "start_line": 1, "executed_branches": [[27, 31], [47, 48], [47, 50], [50, 51], [50, 62], [52, 53], [52, 54], [54, 55], [54, 56], [56, 57], [63, 65], [63, 69], [66, 67], [95, -72], [95, 96], [111, -99], [111, 112], [112, 114], [112, 149], [117, 118], [118, 120], [118, 145], [120, 121], [120, 123], [123, 124], [132, 134], [150, 151], [150, 153], [154, 157], [158, 111], [158, 159], [180, 181], [180, 182], [182, 183], [188, 190], [188, 241], [190, 191], [190, 201], [191, 192], [191, 226], [193, 194], [194, 191], [194, 195], [201, 202], [201, 212], [204, 205], [204, 226], [205, 206], [207, 208], [208, 204], [208, 209], [212, 214], [212, 226], [214, 215], [214, 217], [217, 218], [217, 226], [218, 219], [219, 217], [219, 220], [227, 228], [227, 230], [228, 229], [228, 230], [231, 234], [235, 188], [235, 238], [238, 188], [238, 239], [259, 260], [259, 263], [263, 264], [263, 267], [268, 271], [298, 300], [298, 344], [300, 301], [300, 327], [301, 302], [301, 327], [302, 301], [302, 303], [303, 304], [304, 302], [304, 305], [305, 302], [305, 307], [310, 313], [310, 316], [316, 317], [319, 302], [319, 320], [328, 329], [328, 333], [329, 333], [334, 339], [340, 298], [340, 341], [341, 298], [359, 360], [359, 376], [360, 361], [360, 364], [365, 366], [365, 368], [366, 367], [366, 368], [369, 359], [396, -379], [396, 397], [414, -402], [414, 415], [415, 417], [415, 423], [417, 418], [417, 419], [419, 420], [419, 438], [423, 425], [423, 430], [425, 426], [430, 432], [430, 438], [432, 433], [439, 440], [439, 443], [444, 414]], "missing_branches": [[27, 28], [56, 59], [66, 69], [117, 149], [123, 128], [132, 145], [154, 155], [182, 186], [193, 196], [196, 191], [196, 197], [197, 191], [197, 198], [205, 204], [207, 204], [218, 221], [221, 217], [221, 222], [222, 217], [222, 223], [231, 232], [232, 233], [232, 234], [268, 269], [303, 302], [316, 324], [329, 332], [334, 335], [335, 338], [335, 339], [341, 342], [369, 370], [370, 359], [370, 371], [425, 438], [432, 438], [444, 445]]}}}, "src/m2py/analysis/goto_analysis.py": {"executed_lines": [12, 14, 15, 16, 23, 26, 41, 42, 43, 44, 47, 69, 70, 71, 74, 75, 84, 87, 91, 95, 98, 118, 119, 120, 129, 132, 133, 142, 144, 145, 156, 157, 167, 168, 178, 179, 180, 191, 217, 219, 221, 222, 223, 225, 227, 229, 230, 233, 234, 235, 238, 239, 242, 243, 247, 250, 255, 258, 259, 264, 266, 270, 272, 279, 280, 282, 284, 291, 292, 309, 310, 312, 315, 319, 320, 321, 322, 324, 325, 328, 329, 331, 332, 336, 339, 340, 343, 346, 347, 348, 350, 351, 352, 354, 355, 363, 364, 365, 367, 368, 371, 374, 386, 391, 392, 395, 396, 397, 399, 400, 401, 402, 404, 405, 407, 410, 413, 422, 423, 424, 425, 426, 427, 428, 431, 441, 442, 443, 444, 445, 446, 447, 450, 474, 475, 476, 477, 480, 481, 484, 485, 489, 490, 492, 495, 507, 508, 510, 511, 512, 513, 514, 517, 536, 537, 539, 540, 542, 543, 544, 547, 563, 564, 566, 568, 569, 570, 571, 573, 574, 575, 576, 577], "summary": {"covered_lines": 173, "num_statements": 183, "percent_covered": 92.53731343283582, "percent_covered_display": "93", "missing_lines": 10, "excluded_lines": 0, "percent_statements_covered": 94.53551912568307, "percent_statements_covered_display": "95", "num_branches": 152, "num_partial_branches": 15, "covered_branches": 137, "missing_branches": 15, "percent_branches_covered": 90.13157894736842, "percent_branches_covered_display": "90"}, "missing_lines": [158, 169, 244, 245, 297, 299, 305, 509, 538, 565], "excluded_lines": [], "executed_branches": [[41, 42], [41, 44], [42, 41], [42, 43], [70, 71], [70, 74], [74, 75], [74, 84], [118, -98], [118, 119], [119, 120], [119, 129], [129, 132], [129, 142], [132, 133], [142, 144], [142, 156], [144, 145], [157, 167], [168, 178], [179, 118], [179, 180], [217, 219], [217, 371], [219, 221], [219, 233], [221, 222], [221, 225], [225, 227], [225, 229], [233, 234], [233, 238], [238, 239], [238, 242], [243, 247], [250, 255], [250, 309], [259, 264], [259, 270], [272, 279], [282, 284], [310, 312], [310, 315], [319, 320], [319, 363], [320, 321], [320, 324], [328, 329], [328, 336], [331, 332], [336, 339], [336, 363], [339, 340], [339, 343], [346, 347], [346, 352], [350, 351], [352, 354], [354, 355], [363, 217], [363, 364], [364, 365], [364, 367], [391, 392], [391, 395], [395, 396], [395, 400], [396, 397], [396, 399], [400, 401], [400, 402], [402, 404], [402, 405], [405, 407], [405, 410], [423, 424], [423, 428], [424, 423], [424, 425], [425, 424], [425, 426], [426, 427], [442, 443], [442, 447], [443, 442], [443, 444], [444, 443], [444, 445], [445, 443], [445, 446], [474, 475], [474, 492], [475, 474], [475, 476], [476, 477], [476, 480], [480, 481], [480, 484], [484, 485], [484, 489], [489, 475], [489, 490], [507, 508], [507, 514], [508, 510], [510, 507], [510, 511], [511, 510], [511, 512], [512, 510], [512, 513], [536, 537], [536, 544], [537, 539], [539, 536], [539, 540], [540, 539], [540, 542], [542, 539], [542, 543], [563, 564], [563, 577], [564, 566], [566, 563], [566, 568], [568, 569], [568, 573], [569, 566], [569, 570], [570, 569], [570, 571], [573, 566], [573, 574], [574, 566], [574, 575], [575, 574], [575, 576]], "missing_branches": [[132, 118], [144, 118], [157, 158], [168, 169], [243, 244], [272, 305], [282, 297], [331, 328], [350, 363], [352, 363], [354, 363], [426, 424], [508, 509], [537, 538], [564, 565]], "functions": {"_find_stmt_index_for_line": {"executed_lines": [41, 42, 43, 44], "summary": {"covered_lines": 4, "num_statements": 4, "percent_covered": 100.0, "percent_covered_display": "100", "missing_lines": 0, "excluded_lines": 0, "percent_statements_covered": 100.0, "percent_statements_covered_display": "100", "num_branches": 4, "num_partial_branches": 0, "covered_branches": 4, "missing_branches": 0, "percent_branches_covered": 100.0, "percent_branches_covered_display": "100"}, "missing_lines": [], "excluded_lines": [], "start_line": 26, "executed_branches": [[41, 42], [41, 44], [42, 41], [42, 43]], "missing_branches": []}, "classify_gotos": {"executed_lines": [69, 70, 71, 74, 75, 84, 87, 91, 95], "summary": {"covered_lines": 9, "num_statements": 9, "percent_covered": 100.0, "percent_covered_display": "100", "missing_lines": 0, "excluded_lines": 0, "percent_statements_covered": 100.0, "percent_statements_covered_display": "100", "num_branches": 4, "num_partial_branches": 0, "covered_branches": 4, "missing_branches": 0, "percent_branches_covered": 100.0, "percent_branches_covered_display": "100"}, "missing_lines": [], "excluded_lines": [], "start_line": 47, "executed_branches": [[70, 71], [70, 74], [74, 75], [74, 84]], "missing_branches": []}, "_classify_gotos_in_scope": {"executed_lines": [118, 119, 120, 129, 132, 133, 142, 144, 145, 156, 157, 167, 168, 178, 179, 180], "summary": {"covered_lines": 16, "num_statements": 18, "percent_covered": 83.33333333333333, "percent_covered_display": "83", "missing_lines": 2, "excluded_lines": 0, "percent_statements_covered": 88.88888888888889, "percent_statements_covered_display": "89", "num_branches": 18, "num_partial_branches": 4, "covered_branches": 14, "missing_branches": 4, "percent_branches_covered": 77.77777777777777, "percent_branches_covered_display": "78"}, "missing_lines": [158, 169], "excluded_lines": [], "start_line": 98, "executed_branches": [[118, -98], [118, 119], [119, 120], [119, 129], [129, 132], [129, 142], [132, 133], [142, 144], [142, 156], [144, 145], [157, 167], [168, 178], [179, 118], [179, 180]], "missing_branches": [[132, 118], [144, 118], [157, 158], [168, 169]]}, "_classify_single_goto": {"executed_lines": [217, 219, 221, 222, 223, 225, 227, 229, 230, 233, 234, 235, 238, 239, 242, 243, 247, 250, 255, 258, 259, 264, 266, 270, 272, 279, 280, 282, 284, 291, 292, 309, 310, 312, 315, 319, 320, 321, 322, 324, 325, 328, 329, 331, 332, 336, 339, 340, 343, 346, 347, 348, 350, 351, 352, 354, 355, 363, 364, 365, 367, 368, 371], "summary": {"covered_lines": 63, "num_statements": 68, "percent_covered": 89.65517241379311, "percent_covered_display": "90", "missing_lines": 5, "excluded_lines": 0, "percent_statements_covered": 92.6470588235294, "percent_statements_covered_display": "93", "num_branches": 48, "num_partial_branches": 7, "covered_branches": 41, "missing_branches": 7, "percent_branches_covered": 85.41666666666667, "percent_branches_covered_display": "85"}, "missing_lines": [244, 245, 297, 299, 305], "excluded_lines": [], "start_line": 191, "executed_branches": [[217, 219], [217, 371], [219, 221], [219, 233], [221, 222], [221, 225], [225, 227], [225, 229], [233, 234], [233, 238], [238, 239], [238, 242], [243, 247], [250, 255], [250, 309], [259, 264], [259, 270], [272, 279], [282, 284], [310, 312], [310, 315], [319, 320], [319, 363], [320, 321], [320, 324], [328, 329], [328, 336], [331, 332], [336, 339], [336, 363], [339, 340], [339, 343], [346, 347], [346, 352], [350, 351], [352, 354], [354, 355], [363, 217], [363, 364], [364, 365], [364, 367]], "missing_branches": [[243, 244], [272, 305], [282, 297], [331, 328], [350, 363], [352, 363], [354, 363]]}, "_compute_codegen_fields": {"executed_lines": [386, 391, 392, 395, 396, 397, 399, 400, 401, 402, 404, 405, 407, 410], "summary": {"covered_lines": 14, "num_statements": 14, "percent_covered": 100.0, "percent_covered_display": "100", "missing_lines": 0, "excluded_lines": 0, "percent_statements_covered": 100.0, "percent_statements_covered_display": "100", "num_branches": 12, "num_partial_branches": 0, "covered_branches": 12, "missing_branches": 0, "percent_branches_covered": 100.0, "percent_branches_covered_display": "100"}, "missing_lines": [], "excluded_lines": [], "start_line": 374, "executed_branches": [[391, 392], [391, 395], [395, 396], [395, 400], [396, 397], [396, 399], [400, 401], [400, 402], [402, 404], [402, 405], [405, 407], [405, 410]], "missing_branches": []}, "get_loop_exiting_gotos": {"executed_lines": [422, 423, 424, 425, 426, 427, 428], "summary": {"covered_lines": 7, "num_statements": 7, "percent_covered": 93.33333333333333, "percent_covered_display": "93", "missing_lines": 0, "excluded_lines": 0, "percent_statements_covered": 100.0, "percent_statements_covered_display": "100", "num_branches": 8, "num_partial_branches": 1, "covered_branches": 7, "missing_branches": 1, "percent_branches_covered": 87.5, "percent_branches_covered_display": "88"}, "missing_lines": [], "excluded_lines": [], "start_line": 413, "executed_branches": [[423, 424], [423, 428], [424, 423], [424, 425], [425, 424], [425, 426], [426, 427]], "missing_branches": [[426, 424]]}, "get_gotos_by_type": {"executed_lines": [441, 442, 443, 444, 445, 446, 447], "summary": {"covered_lines": 7, "num_statements": 7, "percent_covered": 100.0, "percent_covered_display": "100", "missing_lines": 0, "excluded_lines": 0, "percent_statements_covered": 100.0, "percent_statements_covered_display": "100", "num_branches": 8, "num_partial_branches": 0, "covered_branches": 8, "missing_branches": 0, "percent_branches_covered": 100.0, "percent_branches_covered_display": "100"}, "missing_lines": [], "excluded_lines": [], "start_line": 431, "executed_branches": [[442, 443], [442, 447], [443, 442], [443, 444], [444, 443], [444, 445], [445, 443], [445, 446]], "missing_branches": []}, "_has_unstructured_gotos": {"executed_lines": [474, 475, 476, 477, 480, 481, 484, 485, 489, 490, 492], "summary": {"covered_lines": 11, "num_statements": 11, "percent_covered": 100.0, "percent_covered_display": "100", "missing_lines": 0, "excluded_lines": 0, "percent_statements_covered": 100.0, "percent_statements_covered_display": "100", "num_branches": 12, "num_partial_branches": 0, "covered_branches": 12, "missing_branches": 0, "percent_branches_covered": 100.0, "percent_branches_covered_display": "100"}, "missing_lines": [], "excluded_lines": [], "start_line": 450, "executed_branches": [[474, 475], [474, 492], [475, 474], [475, 476], [476, 477], [476, 480], [480, 481], [480, 484], [484, 485], [484, 489], [489, 475], [489, 490]], "missing_branches": []}, "_needs_loop_exit_exception": {"executed_lines": [507, 508, 510, 511, 512, 513, 514], "summary": {"covered_lines": 7, "num_statements": 8, "percent_covered": 88.88888888888889, "percent_covered_display": "89", "missing_lines": 1, "excluded_lines": 0, "percent_statements_covered": 87.5, "percent_statements_covered_display": "88", "num_branches": 10, "num_partial_branches": 1, "covered_branches": 9, "missing_branches": 1, "percent_branches_covered": 90.0, "percent_branches_covered_display": "90"}, "missing_lines": [509], "excluded_lines": [], "start_line": 495, "executed_branches": [[507, 508], [507, 514], [508, 510], [510, 507], [510, 511], [511, 510], [511, 512], [512, 510], [512, 513]], "missing_branches": [[508, 509]]}, "_detect_cross_label_gotos": {"executed_lines": [536, 537, 539, 540, 542, 543, 544], "summary": {"covered_lines": 7, "num_statements": 8, "percent_covered": 88.88888888888889, "percent_covered_display": "89", "missing_lines": 1, "excluded_lines": 0, "percent_statements_covered": 87.5, "percent_statements_covered_display": "88", "num_branches": 10, "num_partial_branches": 1, "covered_branches": 9, "missing_branches": 1, "percent_branches_covered": 90.0, "percent_branches_covered_display": "90"}, "missing_lines": [538], "excluded_lines": [], "start_line": 517, "executed_branches": [[536, 537], [536, 544], [537, 539], [539, 536], [539, 540], [540, 539], [540, 542], [542, 539], [542, 543]], "missing_branches": [[537, 538]]}, "_detect_offset_calls": {"executed_lines": [563, 564, 566, 568, 569, 570, 571, 573, 574, 575, 576, 577], "summary": {"covered_lines": 12, "num_statements": 13, "percent_covered": 93.54838709677419, "percent_covered_display": "94", "missing_lines": 1, "excluded_lines": 0, "percent_statements_covered": 92.3076923076923, "percent_statements_covered_display": "92", "num_branches": 18, "num_partial_branches": 1, "covered_branches": 17, "missing_branches": 1, "percent_branches_covered": 94.44444444444444, "percent_branches_covered_display": "94"}, "missing_lines": [565], "excluded_lines": [], "start_line": 547, "executed_branches": [[563, 564], [563, 577], [564, 566], [566, 563], [566, 568], [568, 569], [568, 573], [569, 566], [569, 570], [570, 569], [570, 571], [573, 566], [573, 574], [574, 566], [574, 575], [575, 574], [575, 576]], "missing_branches": [[564, 565]]}, "": {"executed_lines": [12, 14, 15, 16, 23, 26, 47, 98, 191, 374, 413, 431, 450, 495, 517, 547], "summary": {"covered_lines": 16, "num_statements": 16, "percent_covered": 100.0, "percent_covered_display": "100", "missing_lines": 0, "excluded_lines": 0, "percent_statements_covered": 100.0, "percent_statements_covered_display": "100", "num_branches": 0, "num_partial_branches": 0, "covered_branches": 0, "missing_branches": 0, "percent_branches_covered": 100.0, "percent_branches_covered_display": "100"}, "missing_lines": [], "excluded_lines": [], "start_line": 1, "executed_branches": [], "missing_branches": []}}, "classes": {"": {"executed_lines": [12, 14, 15, 16, 23, 26, 41, 42, 43, 44, 47, 69, 70, 71, 74, 75, 84, 87, 91, 95, 98, 118, 119, 120, 129, 132, 133, 142, 144, 145, 156, 157, 167, 168, 178, 179, 180, 191, 217, 219, 221, 222, 223, 225, 227, 229, 230, 233, 234, 235, 238, 239, 242, 243, 247, 250, 255, 258, 259, 264, 266, 270, 272, 279, 280, 282, 284, 291, 292, 309, 310, 312, 315, 319, 320, 321, 322, 324, 325, 328, 329, 331, 332, 336, 339, 340, 343, 346, 347, 348, 350, 351, 352, 354, 355, 363, 364, 365, 367, 368, 371, 374, 386, 391, 392, 395, 396, 397, 399, 400, 401, 402, 404, 405, 407, 410, 413, 422, 423, 424, 425, 426, 427, 428, 431, 441, 442, 443, 444, 445, 446, 447, 450, 474, 475, 476, 477, 480, 481, 484, 485, 489, 490, 492, 495, 507, 508, 510, 511, 512, 513, 514, 517, 536, 537, 539, 540, 542, 543, 544, 547, 563, 564, 566, 568, 569, 570, 571, 573, 574, 575, 576, 577], "summary": {"covered_lines": 173, "num_statements": 183, "percent_covered": 92.53731343283582, "percent_covered_display": "93", "missing_lines": 10, "excluded_lines": 0, "percent_statements_covered": 94.53551912568307, "percent_statements_covered_display": "95", "num_branches": 152, "num_partial_branches": 15, "covered_branches": 137, "missing_branches": 15, "percent_branches_covered": 90.13157894736842, "percent_branches_covered_display": "90"}, "missing_lines": [158, 169, 244, 245, 297, 299, 305, 509, 538, 565], "excluded_lines": [], "start_line": 1, "executed_branches": [[41, 42], [41, 44], [42, 41], [42, 43], [70, 71], [70, 74], [74, 75], [74, 84], [118, -98], [118, 119], [119, 120], [119, 129], [129, 132], [129, 142], [132, 133], [142, 144], [142, 156], [144, 145], [157, 167], [168, 178], [179, 118], [179, 180], [217, 219], [217, 371], [219, 221], [219, 233], [221, 222], [221, 225], [225, 227], [225, 229], [233, 234], [233, 238], [238, 239], [238, 242], [243, 247], [250, 255], [250, 309], [259, 264], [259, 270], [272, 279], [282, 284], [310, 312], [310, 315], [319, 320], [319, 363], [320, 321], [320, 324], [328, 329], [328, 336], [331, 332], [336, 339], [336, 363], [339, 340], [339, 343], [346, 347], [346, 352], [350, 351], [352, 354], [354, 355], [363, 217], [363, 364], [364, 365], [364, 367], [391, 392], [391, 395], [395, 396], [395, 400], [396, 397], [396, 399], [400, 401], [400, 402], [402, 404], [402, 405], [405, 407], [405, 410], [423, 424], [423, 428], [424, 423], [424, 425], [425, 424], [425, 426], [426, 427], [442, 443], [442, 447], [443, 442], [443, 444], [444, 443], [444, 445], [445, 443], [445, 446], [474, 475], [474, 492], [475, 474], [475, 476], [476, 477], [476, 480], [480, 481], [480, 484], [484, 485], [484, 489], [489, 475], [489, 490], [507, 508], [507, 514], [508, 510], [510, 507], [510, 511], [511, 510], [511, 512], [512, 510], [512, 513], [536, 537], [536, 544], [537, 539], [539, 536], [539, 540], [540, 539], [540, 542], [542, 539], [542, 543], [563, 564], [563, 577], [564, 566], [566, 563], [566, 568], [568, 569], [568, 573], [569, 566], [569, 570], [570, 569], [570, 571], [573, 566], [573, 574], [574, 566], [574, 575], [575, 574], [575, 576]], "missing_branches": [[132, 118], [144, 118], [157, 158], [168, 169], [243, 244], [272, 305], [282, 297], [331, 328], [350, 363], [352, 363], [354, 363], [426, 424], [508, 509], [537, 538], [564, 565]]}}}, "src/m2py/analysis/pattern_compiler.py": {"executed_lines": [35, 36, 40, 52, 63, 70, 74, 75, 76, 77, 79, 82, 85, 88, 91, 111, 112, 114, 115, 117, 119, 120, 121, 123, 126, 132, 135, 137, 143, 145, 147, 148, 149, 151, 152, 153, 156, 157, 158, 159, 161, 162, 165, 167, 172, 174, 177, 192, 193, 194, 195, 198, 199, 202, 203, 204, 205, 208, 210, 211, 213, 214, 216, 219, 220, 222, 223, 226, 229, 235, 238, 239, 241, 242, 244, 245, 246, 249, 250, 252, 253, 255, 258, 264, 267, 268, 269, 271, 272, 273, 275, 276, 277, 278, 279, 280, 282, 283, 284, 285, 286, 288, 289, 290, 291, 293, 294, 295, 296, 297, 299, 300, 301, 302, 303, 305, 313, 314, 315, 317, 318, 322, 324, 325, 327, 330, 343, 345, 346, 348, 349, 352, 354, 355, 357, 358, 360, 361, 363, 366], "summary": {"covered_lines": 140, "num_statements": 150, "percent_covered": 91.10169491525424, "percent_covered_display": "91", "missing_lines": 10, "excluded_lines": 0, "percent_statements_covered": 93.33333333333333, "percent_statements_covered_display": "93", "num_branches": 86, "num_partial_branches": 11, "covered_branches": 75, "missing_branches": 11, "percent_branches_covered": 87.20930232558139, "percent_branches_covered_display": "87"}, "missing_lines": [71, 80, 138, 236, 265, 311, 312, 320, 323, 351], "excluded_lines": [], "executed_branches": [[70, 74], [75, 76], [75, 79], [76, 77], [79, 82], [111, 112], [111, 114], [117, 119], [117, 123], [137, 143], [145, 147], [145, 149], [149, 151], [149, 153], [153, 156], [153, 167], [157, 158], [157, 161], [161, 162], [161, 165], [193, 194], [193, 198], [198, 199], [198, 220], [203, 204], [203, 208], [208, 210], [208, 211], [211, 213], [211, 214], [214, 216], [214, 219], [220, 222], [220, 226], [235, 238], [241, 242], [241, 255], [242, 244], [242, 252], [244, 245], [244, 249], [264, 267], [272, 273], [275, 276], [275, 279], [279, 280], [279, 291], [280, 282], [280, 288], [282, 283], [282, 285], [291, 293], [291, 297], [297, 299], [297, 317], [301, 302], [301, 313], [305, 301], [313, 314], [322, 324], [324, 325], [324, 327], [343, 345], [343, 346], [346, 348], [346, 349], [349, 352], [352, 354], [352, 355], [355, 357], [355, 358], [358, 360], [358, 361], [361, 363], [361, 366]], "missing_branches": [[70, 71], [76, 75], [79, 80], [137, 138], [235, 236], [264, 265], [272, 320], [305, 311], [313, 272], [322, 323], [349, 351]], "functions": {"_combine_patcodes": {"executed_lines": [70, 74, 75, 76, 77, 79, 82], "summary": {"covered_lines": 7, "num_statements": 9, "percent_covered": 70.58823529411765, "percent_covered_display": "71", "missing_lines": 2, "excluded_lines": 0, "percent_statements_covered": 77.77777777777777, "percent_statements_covered_display": "78", "num_branches": 8, "num_partial_branches": 3, "covered_branches": 5, "missing_branches": 3, "percent_branches_covered": 62.5, "percent_branches_covered_display": "62"}, "missing_lines": [71, 80], "excluded_lines": [], "start_line": 63, "executed_branches": [[70, 74], [75, 76], [75, 79], [76, 77], [79, 82]], "missing_branches": [[70, 71], [76, 75], [79, 80]]}, "compile_pattern_to_regex": {"executed_lines": [111, 112, 114, 115, 117, 119, 120, 121, 123], "summary": {"covered_lines": 9, "num_statements": 9, "percent_covered": 100.0, "percent_covered_display": "100", "missing_lines": 0, "excluded_lines": 0, "percent_statements_covered": 100.0, "percent_statements_covered_display": "100", "num_branches": 4, "num_partial_branches": 0, "covered_branches": 4, "missing_branches": 0, "percent_branches_covered": 100.0, "percent_branches_covered_display": "100"}, "missing_lines": [], "excluded_lines": [], "start_line": 91, "executed_branches": [[111, 112], [111, 114], [117, 119], [117, 123]], "missing_branches": []}, "_parse_pattern_atom": {"executed_lines": [132, 135, 137, 143, 145, 147, 148, 149, 151, 152, 153, 156, 157, 158, 159, 161, 162, 165, 167, 172, 174], "summary": {"covered_lines": 21, "num_statements": 22, "percent_covered": 94.11764705882354, "percent_covered_display": "94", "missing_lines": 1, "excluded_lines": 0, "percent_statements_covered": 95.45454545454545, "percent_statements_covered_display": "95", "num_branches": 12, "num_partial_branches": 1, "covered_branches": 11, "missing_branches": 1, "percent_branches_covered": 91.66666666666667, "percent_branches_covered_display": "92"}, "missing_lines": [138], "excluded_lines": [], "start_line": 126, "executed_branches": [[137, 143], [145, 147], [145, 149], [149, 151], [149, 153], [153, 156], [153, 167], [157, 158], [157, 161], [161, 162], [161, 165]], "missing_branches": [[137, 138]]}, "_parse_repeat_count": {"executed_lines": [192, 193, 194, 195, 198, 199, 202, 203, 204, 205, 208, 210, 211, 213, 214, 216, 219, 220, 222, 223, 226], "summary": {"covered_lines": 21, "num_statements": 21, "percent_covered": 100.0, "percent_covered_display": "100", "missing_lines": 0, "excluded_lines": 0, "percent_statements_covered": 100.0, "percent_statements_covered_display": "100", "num_branches": 14, "num_partial_branches": 0, "covered_branches": 14, "missing_branches": 0, "percent_branches_covered": 100.0, "percent_branches_covered_display": "100"}, "missing_lines": [], "excluded_lines": [], "start_line": 177, "executed_branches": [[193, 194], [193, 198], [198, 199], [198, 220], [203, 204], [203, 208], [208, 210], [208, 211], [211, 213], [211, 214], [214, 216], [214, 219], [220, 222], [220, 226]], "missing_branches": []}, "_parse_string_literal": {"executed_lines": [235, 238, 239, 241, 242, 244, 245, 246, 249, 250, 252, 253, 255], "summary": {"covered_lines": 13, "num_statements": 14, "percent_covered": 90.9090909090909, "percent_covered_display": "91", "missing_lines": 1, "excluded_lines": 0, "percent_statements_covered": 92.85714285714286, "percent_statements_covered_display": "93", "num_branches": 8, "num_partial_branches": 1, "covered_branches": 7, "missing_branches": 1, "percent_branches_covered": 87.5, "percent_branches_covered_display": "88"}, "missing_lines": [236], "excluded_lines": [], "start_line": 229, "executed_branches": [[235, 238], [241, 242], [241, 255], [242, 244], [242, 252], [244, 245], [244, 249]], "missing_branches": [[235, 236]]}, "_parse_alternation": {"executed_lines": [264, 267, 268, 269, 271, 272, 273, 275, 276, 277, 278, 279, 280, 282, 283, 284, 285, 286, 288, 289, 290, 291, 293, 294, 295, 296, 297, 299, 300, 301, 302, 303, 305, 313, 314, 315, 317, 318, 322, 324, 325, 327], "summary": {"covered_lines": 42, "num_statements": 47, "percent_covered": 86.3013698630137, "percent_covered_display": "86", "missing_lines": 5, "excluded_lines": 0, "percent_statements_covered": 89.36170212765957, "percent_statements_covered_display": "89", "num_branches": 26, "num_partial_branches": 5, "covered_branches": 21, "missing_branches": 5, "percent_branches_covered": 80.76923076923077, "percent_branches_covered_display": "81"}, "missing_lines": [265, 311, 312, 320, 323], "excluded_lines": [], "start_line": 258, "executed_branches": [[264, 267], [272, 273], [275, 276], [275, 279], [279, 280], [279, 291], [280, 282], [280, 288], [282, 283], [282, 285], [291, 293], [291, 297], [297, 299], [297, 317], [301, 302], [301, 313], [305, 301], [313, 314], [322, 324], [324, 325], [324, 327]], "missing_branches": [[264, 265], [272, 320], [305, 311], [313, 272], [322, 323]]}, "_apply_quantifier": {"executed_lines": [343, 345, 346, 348, 349, 352, 354, 355, 357, 358, 360, 361, 363, 366], "summary": {"covered_lines": 14, "num_statements": 15, "percent_covered": 93.10344827586206, "percent_covered_display": "93", "missing_lines": 1, "excluded_lines": 0, "percent_statements_covered": 93.33333333333333, "percent_statements_covered_display": "93", "num_branches": 14, "num_partial_branches": 1, "covered_branches": 13, "missing_branches": 1, "percent_branches_covered": 92.85714285714286, "percent_branches_covered_display": "93"}, "missing_lines": [351], "excluded_lines": [], "start_line": 330, "executed_branches": [[343, 345], [343, 346], [346, 348], [346, 349], [349, 352], [352, 354], [352, 355], [355, 357], [355, 358], [358, 360], [358, 361], [361, 363], [361, 366]], "missing_branches": [[349, 351]]}, "": {"executed_lines": [35, 36, 40, 52, 63, 85, 88, 91, 126, 177, 229, 258, 330], "summary": {"covered_lines": 13, "num_statements": 13, "percent_covered": 100.0, "percent_covered_display": "100", "missing_lines": 0, "excluded_lines": 0, "percent_statements_covered": 100.0, "percent_statements_covered_display": "100", "num_branches": 0, "num_partial_branches": 0, "covered_branches": 0, "missing_branches": 0, "percent_branches_covered": 100.0, "percent_branches_covered_display": "100"}, "missing_lines": [], "excluded_lines": [], "start_line": 1, "executed_branches": [], "missing_branches": []}}, "classes": {"PatternCompileError": {"executed_lines": [], "summary": {"covered_lines": 0, "num_statements": 0, "percent_covered": 100.0, "percent_covered_display": "100", "missing_lines": 0, "excluded_lines": 0, "percent_statements_covered": 100.0, "percent_statements_covered_display": "100", "num_branches": 0, "num_partial_branches": 0, "covered_branches": 0, "missing_branches": 0, "percent_branches_covered": 100.0, "percent_branches_covered_display": "100"}, "missing_lines": [], "excluded_lines": [], "start_line": 85, "executed_branches": [], "missing_branches": []}, "": {"executed_lines": [35, 36, 40, 52, 63, 70, 74, 75, 76, 77, 79, 82, 85, 88, 91, 111, 112, 114, 115, 117, 119, 120, 121, 123, 126, 132, 135, 137, 143, 145, 147, 148, 149, 151, 152, 153, 156, 157, 158, 159, 161, 162, 165, 167, 172, 174, 177, 192, 193, 194, 195, 198, 199, 202, 203, 204, 205, 208, 210, 211, 213, 214, 216, 219, 220, 222, 223, 226, 229, 235, 238, 239, 241, 242, 244, 245, 246, 249, 250, 252, 253, 255, 258, 264, 267, 268, 269, 271, 272, 273, 275, 276, 277, 278, 279, 280, 282, 283, 284, 285, 286, 288, 289, 290, 291, 293, 294, 295, 296, 297, 299, 300, 301, 302, 303, 305, 313, 314, 315, 317, 318, 322, 324, 325, 327, 330, 343, 345, 346, 348, 349, 352, 354, 355, 357, 358, 360, 361, 363, 366], "summary": {"covered_lines": 140, "num_statements": 150, "percent_covered": 91.10169491525424, "percent_covered_display": "91", "missing_lines": 10, "excluded_lines": 0, "percent_statements_covered": 93.33333333333333, "percent_statements_covered_display": "93", "num_branches": 86, "num_partial_branches": 11, "covered_branches": 75, "missing_branches": 11, "percent_branches_covered": 87.20930232558139, "percent_branches_covered_display": "87"}, "missing_lines": [71, 80, 138, 236, 265, 311, 312, 320, 323, 351], "excluded_lines": [], "start_line": 1, "executed_branches": [[70, 74], [75, 76], [75, 79], [76, 77], [79, 82], [111, 112], [111, 114], [117, 119], [117, 123], [137, 143], [145, 147], [145, 149], [149, 151], [149, 153], [153, 156], [153, 167], [157, 158], [157, 161], [161, 162], [161, 165], [193, 194], [193, 198], [198, 199], [198, 220], [203, 204], [203, 208], [208, 210], [208, 211], [211, 213], [211, 214], [214, 216], [214, 219], [220, 222], [220, 226], [235, 238], [241, 242], [241, 255], [242, 244], [242, 252], [244, 245], [244, 249], [264, 267], [272, 273], [275, 276], [275, 279], [279, 280], [279, 291], [280, 282], [280, 288], [282, 283], [282, 285], [291, 293], [291, 297], [297, 299], [297, 317], [301, 302], [301, 313], [305, 301], [313, 314], [322, 324], [324, 325], [324, 327], [343, 345], [343, 346], [346, 348], [346, 349], [349, 352], [352, 354], [352, 355], [355, 357], [355, 358], [358, 360], [358, 361], [361, 363], [361, 366]], "missing_branches": [[70, 71], [76, 75], [79, 80], [137, 138], [235, 236], [264, 265], [272, 320], [305, 311], [313, 272], [322, 323], [349, 351]]}}}, "src/m2py/analysis/resolver.py": {"executed_lines": [14, 15, 16, 17, 18, 21, 42, 45, 46, 49, 52, 61, 62, 63, 64, 67, 77, 78, 79, 80, 81, 84, 94, 95, 98, 108, 109, 112, 132, 138, 140, 141, 142, 145, 146, 147, 148, 149, 154, 155, 157, 161, 162, 165, 176, 178, 179, 180, 181, 182, 183, 189, 192, 201, 203, 204, 205, 206, 207, 208, 214, 217, 230, 231, 233, 234, 235, 237, 240, 251, 255, 256, 257, 258, 261, 262, 263, 264, 267, 271, 272, 273, 274, 275, 276, 277, 278, 279, 280, 281, 282], "summary": {"covered_lines": 91, "num_statements": 104, "percent_covered": 82.79569892473118, "percent_covered_display": "83", "missing_lines": 13, "excluded_lines": 0, "percent_statements_covered": 87.5, "percent_statements_covered_display": "88", "num_branches": 82, "num_partial_branches": 7, "covered_branches": 63, "missing_branches": 19, "percent_branches_covered": 76.82926829268293, "percent_branches_covered_display": "77"}, "missing_lines": [133, 134, 135, 184, 185, 186, 187, 209, 210, 211, 212, 252, 268], "excluded_lines": [], "executed_branches": [[45, 46], [45, 49], [62, 63], [62, 64], [77, -67], [77, 78], [78, 79], [78, 80], [80, 77], [80, 81], [94, -84], [94, 95], [108, -98], [108, 109], [132, 138], [138, 140], [138, 145], [146, 147], [146, 161], [154, 155], [154, 157], [178, 179], [178, 189], [179, 178], [179, 180], [180, 181], [181, 179], [181, 182], [182, 181], [182, 183], [203, 204], [203, 214], [204, 203], [204, 205], [205, 206], [206, 204], [206, 207], [207, 208], [233, 234], [233, 237], [234, 233], [234, 235], [251, 255], [256, 257], [256, 258], [261, 262], [261, 267], [262, 263], [267, 271], [271, -240], [271, 272], [272, -240], [272, 273], [273, 274], [273, 275], [276, 277], [276, 278], [278, 279], [278, 281], [279, 272], [279, 280], [281, 272], [281, 282]], "missing_branches": [[132, 133], [180, 184], [184, 179], [184, 185], [185, 179], [185, 186], [186, 185], [186, 187], [205, 209], [207, 206], [209, 204], [209, 210], [210, 204], [210, 211], [211, 210], [211, 212], [251, 252], [262, 264], [267, 268]], "functions": {"resolve_references": {"executed_lines": [42, 45, 46, 49], "summary": {"covered_lines": 4, "num_statements": 4, "percent_covered": 100.0, "percent_covered_display": "100", "missing_lines": 0, "excluded_lines": 0, "percent_statements_covered": 100.0, "percent_statements_covered_display": "100", "num_branches": 2, "num_partial_branches": 0, "covered_branches": 2, "missing_branches": 0, "percent_branches_covered": 100.0, "percent_branches_covered_display": "100"}, "missing_lines": [], "excluded_lines": [], "start_line": 21, "executed_branches": [[45, 46], [45, 49]], "missing_branches": []}, "_build_label_map": {"executed_lines": [61, 62, 63, 64], "summary": {"covered_lines": 4, "num_statements": 4, "percent_covered": 100.0, "percent_covered_display": "100", "missing_lines": 0, "excluded_lines": 0, "percent_statements_covered": 100.0, "percent_statements_covered_display": "100", "num_branches": 2, "num_partial_branches": 0, "covered_branches": 2, "missing_branches": 0, "percent_branches_covered": 100.0, "percent_branches_covered_display": "100"}, "missing_lines": [], "excluded_lines": [], "start_line": 52, "executed_branches": [[62, 63], [62, 64]], "missing_branches": []}, "_resolve_scope_references": {"executed_lines": [77, 78, 79, 80, 81], "summary": {"covered_lines": 5, "num_statements": 5, "percent_covered": 100.0, "percent_covered_display": "100", "missing_lines": 0, "excluded_lines": 0, "percent_statements_covered": 100.0, "percent_statements_covered_display": "100", "num_branches": 6, "num_partial_branches": 0, "covered_branches": 6, "missing_branches": 0, "percent_branches_covered": 100.0, "percent_branches_covered_display": "100"}, "missing_lines": [], "excluded_lines": [], "start_line": 67, "executed_branches": [[77, -67], [77, 78], [78, 79], [78, 80], [80, 77], [80, 81]], "missing_branches": []}, "_resolve_goto_targets": {"executed_lines": [94, 95], "summary": {"covered_lines": 2, "num_statements": 2, "percent_covered": 100.0, "percent_covered_display": "100", "missing_lines": 0, "excluded_lines": 0, "percent_statements_covered": 100.0, "percent_statements_covered_display": "100", "num_branches": 2, "num_partial_branches": 0, "covered_branches": 2, "missing_branches": 0, "percent_branches_covered": 100.0, "percent_branches_covered_display": "100"}, "missing_lines": [], "excluded_lines": [], "start_line": 84, "executed_branches": [[94, -84], [94, 95]], "missing_branches": []}, "_resolve_do_targets": {"executed_lines": [108, 109], "summary": {"covered_lines": 2, "num_statements": 2, "percent_covered": 100.0, "percent_covered_display": "100", "missing_lines": 0, "excluded_lines": 0, "percent_statements_covered": 100.0, "percent_statements_covered_display": "100", "num_branches": 2, "num_partial_branches": 0, "covered_branches": 2, "missing_branches": 0, "percent_branches_covered": 100.0, "percent_branches_covered_display": "100"}, "missing_lines": [], "excluded_lines": [], "start_line": 98, "executed_branches": [[108, -98], [108, 109]], "missing_branches": []}, "_resolve_call": {"executed_lines": [132, 138, 140, 141, 142, 145, 146, 147, 148, 149, 154, 155, 157, 161, 162], "summary": {"covered_lines": 15, "num_statements": 18, "percent_covered": 84.61538461538461, "percent_covered_display": "85", "missing_lines": 3, "excluded_lines": 0, "percent_statements_covered": 83.33333333333333, "percent_statements_covered_display": "83", "num_branches": 8, "num_partial_branches": 1, "covered_branches": 7, "missing_branches": 1, "percent_branches_covered": 87.5, "percent_branches_covered_display": "88"}, "missing_lines": [133, 134, 135], "excluded_lines": [], "start_line": 112, "executed_branches": [[132, 138], [138, 140], [138, 145], [146, 147], [146, 161], [154, 155], [154, 157]], "missing_branches": [[132, 133]]}, "get_unresolved_calls": {"executed_lines": [176, 178, 179, 180, 181, 182, 183, 189], "summary": {"covered_lines": 8, "num_statements": 12, "percent_covered": 60.714285714285715, "percent_covered_display": "61", "missing_lines": 4, "excluded_lines": 0, "percent_statements_covered": 66.66666666666667, "percent_statements_covered_display": "67", "num_branches": 16, "num_partial_branches": 1, "covered_branches": 9, "missing_branches": 7, "percent_branches_covered": 56.25, "percent_branches_covered_display": "56"}, "missing_lines": [184, 185, 186, 187], "excluded_lines": [], "start_line": 165, "executed_branches": [[178, 179], [178, 189], [179, 178], [179, 180], [180, 181], [181, 179], [181, 182], [182, 181], [182, 183]], "missing_branches": [[180, 184], [184, 179], [184, 185], [185, 179], [185, 186], [186, 185], [186, 187]]}, "get_external_calls": {"executed_lines": [201, 203, 204, 205, 206, 207, 208, 214], "summary": {"covered_lines": 8, "num_statements": 12, "percent_covered": 57.142857142857146, "percent_covered_display": "57", "missing_lines": 4, "excluded_lines": 0, "percent_statements_covered": 66.66666666666667, "percent_statements_covered_display": "67", "num_branches": 16, "num_partial_branches": 2, "covered_branches": 8, "missing_branches": 8, "percent_branches_covered": 50.0, "percent_branches_covered_display": "50"}, "missing_lines": [209, 210, 211, 212], "excluded_lines": [], "start_line": 192, "executed_branches": [[203, 204], [203, 214], [204, 203], [204, 205], [205, 206], [206, 204], [206, 207], [207, 208]], "missing_branches": [[205, 209], [207, 206], [209, 204], [209, 210], [210, 204], [210, 211], [211, 210], [211, 212]]}, "_collect_global_refs": {"executed_lines": [230, 231, 233, 234, 235, 237], "summary": {"covered_lines": 6, "num_statements": 6, "percent_covered": 100.0, "percent_covered_display": "100", "missing_lines": 0, "excluded_lines": 0, "percent_statements_covered": 100.0, "percent_statements_covered_display": "100", "num_branches": 4, "num_partial_branches": 0, "covered_branches": 4, "missing_branches": 0, "percent_branches_covered": 100.0, "percent_branches_covered_display": "100"}, "missing_lines": [], "excluded_lines": [], "start_line": 217, "executed_branches": [[233, 234], [233, 237], [234, 233], [234, 235]], "missing_branches": []}, "_collect_globals_from_node": {"executed_lines": [251, 255, 256, 257, 258, 261, 262, 263, 264, 267, 271, 272, 273, 274, 275, 276, 277, 278, 279, 280, 281, 282], "summary": {"covered_lines": 22, "num_statements": 24, "percent_covered": 89.58333333333333, "percent_covered_display": "90", "missing_lines": 2, "excluded_lines": 0, "percent_statements_covered": 91.66666666666667, "percent_statements_covered_display": "92", "num_branches": 24, "num_partial_branches": 3, "covered_branches": 21, "missing_branches": 3, "percent_branches_covered": 87.5, "percent_branches_covered_display": "88"}, "missing_lines": [252, 268], "excluded_lines": [], "start_line": 240, "executed_branches": [[251, 255], [256, 257], [256, 258], [261, 262], [261, 267], [262, 263], [267, 271], [271, -240], [271, 272], [272, -240], [272, 273], [273, 274], [273, 275], [276, 277], [276, 278], [278, 279], [278, 281], [279, 272], [279, 280], [281, 272], [281, 282]], "missing_branches": [[251, 252], [262, 264], [267, 268]]}, "": {"executed_lines": [14, 15, 16, 17, 18, 21, 52, 67, 84, 98, 112, 165, 192, 217, 240], "summary": {"covered_lines": 15, "num_statements": 15, "percent_covered": 100.0, "percent_covered_display": "100", "missing_lines": 0, "excluded_lines": 0, "percent_statements_covered": 100.0, "percent_statements_covered_display": "100", "num_branches": 0, "num_partial_branches": 0, "covered_branches": 0, "missing_branches": 0, "percent_branches_covered": 100.0, "percent_branches_covered_display": "100"}, "missing_lines": [], "excluded_lines": [], "start_line": 1, "executed_branches": [], "missing_branches": []}}, "classes": {"": {"executed_lines": [14, 15, 16, 17, 18, 21, 42, 45, 46, 49, 52, 61, 62, 63, 64, 67, 77, 78, 79, 80, 81, 84, 94, 95, 98, 108, 109, 112, 132, 138, 140, 141, 142, 145, 146, 147, 148, 149, 154, 155, 157, 161, 162, 165, 176, 178, 179, 180, 181, 182, 183, 189, 192, 201, 203, 204, 205, 206, 207, 208, 214, 217, 230, 231, 233, 234, 235, 237, 240, 251, 255, 256, 257, 258, 261, 262, 263, 264, 267, 271, 272, 273, 274, 275, 276, 277, 278, 279, 280, 281, 282], "summary": {"covered_lines": 91, "num_statements": 104, "percent_covered": 82.79569892473118, "percent_covered_display": "83", "missing_lines": 13, "excluded_lines": 0, "percent_statements_covered": 87.5, "percent_statements_covered_display": "88", "num_branches": 82, "num_partial_branches": 7, "covered_branches": 63, "missing_branches": 19, "percent_branches_covered": 76.82926829268293, "percent_branches_covered_display": "77"}, "missing_lines": [133, 134, 135, 184, 185, 186, 187, 209, 210, 211, 212, 252, 268], "excluded_lines": [], "start_line": 1, "executed_branches": [[45, 46], [45, 49], [62, 63], [62, 64], [77, -67], [77, 78], [78, 79], [78, 80], [80, 77], [80, 81], [94, -84], [94, 95], [108, -98], [108, 109], [132, 138], [138, 140], [138, 145], [146, 147], [146, 161], [154, 155], [154, 157], [178, 179], [178, 189], [179, 178], [179, 180], [180, 181], [181, 179], [181, 182], [182, 181], [182, 183], [203, 204], [203, 214], [204, 203], [204, 205], [205, 206], [206, 204], [206, 207], [207, 208], [233, 234], [233, 237], [234, 233], [234, 235], [251, 255], [256, 257], [256, 258], [261, 262], [261, 267], [262, 263], [267, 271], [271, -240], [271, 272], [272, -240], [272, 273], [273, 274], [273, 275], [276, 277], [276, 278], [278, 279], [278, 281], [279, 272], [279, 280], [281, 272], [281, 282]], "missing_branches": [[132, 133], [180, 184], [184, 179], [184, 185], [185, 179], [185, 186], [186, 185], [186, 187], [205, 209], [207, 206], [209, 204], [209, 210], [210, 204], [210, 211], [211, 210], [211, 212], [251, 252], [262, 264], [267, 268]]}}}, "src/m2py/analysis/semantic_analyzer.py": {"executed_lines": [23, 24, 26, 43, 115, 116, 124, 132, 133, 139, 140, 141, 142, 145, 146, 147, 148, 151, 152, 155, 156, 157, 158, 159, 160, 161, 171, 185, 186, 187, 188, 190, 196, 199, 202, 203, 204, 207, 208, 215, 218, 221, 222, 224, 225, 226, 227, 229, 230, 231, 232, 233, 234, 236, 237, 238, 239, 240, 242, 243, 244, 245, 246, 247, 248, 250, 251, 252, 253, 254, 256, 260, 263, 264, 266, 270, 271, 275, 277, 279, 281, 282, 283, 285, 287, 304, 305, 307, 315, 316, 317, 319, 320, 327, 328, 329, 336, 342, 354, 355, 356, 358, 370, 371, 374, 375, 379, 380, 382, 391, 394, 395, 396, 398, 401, 402, 403, 404, 405, 406, 407, 409, 410, 411, 413, 415, 429, 430, 433, 434, 435, 438, 447, 449, 450, 452, 453, 454, 457, 462, 465, 468, 472, 473, 476, 477, 478, 479, 485, 486, 487, 489, 493, 494, 496, 497, 498, 500, 501, 503, 504, 505, 507, 509, 516, 521, 524, 525, 526, 527, 528, 530, 532, 534, 537, 538, 540, 541, 543, 544, 545, 546, 548, 555, 556, 561, 562, 563, 564, 565, 567, 570, 573, 575, 584, 585, 586, 589, 590, 591, 592, 593, 594, 596, 597, 599, 605, 607, 615, 632, 651, 658, 660, 661, 662, 664, 665, 666, 668, 670, 678, 681, 682, 685, 686, 689, 690, 695, 700, 702, 711, 713, 714, 715, 717, 723, 725, 726, 727, 728, 730, 732, 733, 734, 735, 737, 739, 740, 741, 742, 743, 744, 746, 748, 749, 750, 751, 752, 753, 759, 761, 762, 763, 765, 766, 768, 769, 770, 773, 774, 776, 778, 779, 780, 781, 783, 784, 785, 788, 789, 790, 791, 793, 794, 796, 798, 800, 802, 803, 804, 806, 807, 808, 809, 811, 813, 829, 830, 831, 833, 834, 836, 839, 842, 843, 844, 847, 850, 851, 852, 858, 859, 864, 865, 866, 869, 870, 871, 874, 880, 883, 884, 887, 888, 889, 891, 892, 893, 900, 902, 908, 909, 912, 913, 917, 919, 920, 922, 924, 926, 927, 928, 930, 932, 933, 936, 940, 943, 944, 947, 948, 950, 951, 952, 954, 955, 957, 958, 959, 960, 961, 963, 965, 966, 968, 971, 974, 975, 978, 979, 982, 983, 984, 985, 987, 989, 998, 1001, 1011, 1013, 1019, 1020, 1022, 1024, 1033, 1034, 1035, 1038, 1039, 1042, 1045, 1051, 1052, 1053, 1054, 1056, 1058, 1059, 1061, 1063, 1064, 1066, 1067, 1068, 1069, 1071, 1073, 1075, 1076, 1077, 1079, 1080, 1081, 1083, 1084, 1087, 1088, 1089, 1090, 1093, 1094, 1097, 1098, 1101, 1105, 1107, 1117, 1118, 1119, 1122, 1123, 1124, 1128, 1131, 1132, 1134, 1135, 1137, 1139, 1141, 1143, 1145, 1146, 1147, 1149, 1150, 1151, 1153, 1154, 1157, 1158, 1159, 1160, 1163, 1164, 1167, 1168, 1171, 1172, 1175, 1177, 1181, 1184, 1185, 1188, 1193, 1194, 1195, 1198, 1199, 1200, 1204, 1207, 1208, 1210, 1211, 1213, 1215, 1216, 1218, 1220, 1222, 1236, 1242, 1243, 1246, 1247, 1248, 1252, 1253, 1254, 1256, 1257, 1269, 1270, 1271, 1273, 1275, 1277, 1278, 1279, 1281, 1282, 1284, 1286, 1296, 1297, 1298, 1300, 1301, 1302, 1303, 1304, 1306, 1307, 1308, 1309, 1315, 1316, 1317, 1318, 1322, 1324, 1325, 1326, 1327, 1328, 1329, 1333, 1335, 1345, 1346, 1347, 1350, 1351, 1352, 1354, 1356, 1358, 1361, 1362, 1363, 1365, 1368, 1369, 1370, 1373, 1374, 1377, 1378, 1379, 1380, 1383, 1385, 1387, 1400, 1401, 1402, 1404, 1405, 1406, 1408, 1409, 1410, 1413, 1414, 1415, 1416, 1418, 1419, 1420, 1421, 1422, 1429, 1431, 1433, 1444, 1445, 1446, 1448, 1449, 1450, 1452, 1453, 1454, 1457, 1458, 1459, 1460, 1462, 1463, 1464, 1465, 1466, 1468, 1469, 1470, 1471, 1473, 1475, 1477, 1479, 1480, 1481, 1484, 1485, 1486, 1487, 1488, 1490, 1491, 1498, 1500, 1502, 1503, 1504, 1506, 1508, 1510, 1511, 1512, 1514, 1516, 1518, 1519, 1520, 1522, 1523, 1524, 1525, 1530, 1531, 1532, 1533, 1534, 1536, 1537, 1539, 1540, 1541, 1543, 1545, 1559, 1560, 1561, 1564, 1565, 1567, 1568, 1570, 1571, 1572, 1573, 1574, 1575, 1578, 1579, 1580, 1581, 1585, 1586, 1587, 1588, 1590, 1592, 1603, 1606, 1609, 1612, 1613, 1616, 1617, 1618, 1620, 1621, 1623, 1625, 1634, 1637, 1638, 1640, 1643, 1647, 1648, 1651, 1652, 1653, 1655, 1656, 1659, 1660, 1662, 1664, 1670, 1671, 1672, 1674, 1675, 1676, 1677, 1678, 1679, 1680, 1681, 1683, 1685, 1691, 1692, 1693, 1697, 1698, 1699, 1700, 1703, 1704, 1706, 1707, 1709, 1710, 1712, 1714, 1716, 1727, 1728, 1729, 1732, 1733, 1734, 1735, 1737, 1738, 1740, 1741, 1745, 1746, 1749, 1751, 1753, 1762, 1764, 1766, 1769, 1771, 1772, 1773, 1774, 1776, 1777, 1781, 1792, 1793, 1794, 1797, 1798, 1799, 1800, 1802, 1803, 1805, 1806, 1810, 1811, 1814, 1816, 1818, 1833, 1834, 1835, 1838, 1839, 1840, 1842, 1846, 1847, 1848, 1849, 1852, 1853, 1856, 1857, 1860, 1864, 1865, 1866, 1877, 1882, 1883, 1884, 1887, 1888, 1889, 1899, 1902, 1904, 1905, 1908, 1911, 1912, 1917, 1918, 1920, 1922, 1924, 1926, 1927, 1928, 1932, 1933, 1934, 1936, 1938, 1949, 1950, 1954, 1960, 1967, 1968, 1969, 1972, 1973, 1975, 1976, 1977, 1978, 1979, 1981, 1986, 1987, 1988, 1989, 1991, 1993, 1994, 1998, 1999, 2001, 2003, 2005, 2007, 2009, 2011, 2018, 2026, 2035, 2036, 2040, 2041, 2042, 2043, 2045, 2047, 2048, 2049, 2050, 2051, 2053, 2057, 2063, 2064, 2065, 2066, 2068, 2074, 2075, 2076, 2077, 2079, 2085, 2086, 2087, 2090, 2091, 2093, 2095, 2102, 2103, 2111, 2112, 2113, 2114, 2116, 2122, 2123, 2124, 2125, 2127, 2133, 2134, 2135, 2138, 2141, 2147, 2153, 2154, 2155, 2157, 2158, 2159, 2160, 2161, 2162, 2163, 2164, 2166, 2168, 2174, 2175, 2176, 2178, 2179, 2180, 2181, 2182, 2183, 2185, 2187, 2195, 2197, 2205, 2206, 2207, 2208, 2209, 2211, 2218, 2219, 2220, 2221, 2222, 2223, 2225, 2231, 2232, 2233, 2235, 2236, 2237, 2238, 2239, 2240, 2241, 2242, 2244, 2246, 2248, 2265, 2271, 2272, 2273, 2275, 2276, 2277, 2278, 2279, 2280, 2281, 2282, 2284, 2286, 2288, 2294, 2295, 2296, 2298, 2299, 2300, 2301, 2302, 2304, 2306, 2312, 2313, 2314, 2316, 2317, 2318, 2319, 2320, 2322, 2324, 2330, 2331, 2332, 2334, 2335, 2337, 2339, 2345, 2346, 2347, 2349, 2350, 2351, 2352, 2354, 2355, 2357, 2358, 2360, 2362, 2364, 2371, 2372, 2373, 2376, 2388, 2389, 2390, 2392, 2393, 2395, 2397, 2406, 2407, 2408, 2411, 2421, 2422, 2423, 2425, 2426, 2428, 2430, 2437, 2438, 2439, 2441, 2442, 2443, 2444, 2445, 2447, 2449, 2455, 2456, 2457, 2459, 2460, 2461, 2462, 2463, 2465, 2467, 2494, 2500, 2501, 2502, 2504, 2505, 2506, 2507, 2508, 2510, 2512, 2530, 2536, 2537, 2538, 2540, 2541, 2542, 2543, 2544, 2546, 2548, 2566, 2572, 2573, 2574, 2576, 2577, 2578, 2579, 2580, 2582, 2584, 2599, 2610, 2616, 2622, 2625, 2626, 2628, 2629, 2630, 2631, 2632, 2634, 2637, 2639, 2650, 2655, 2663, 2666, 2667, 2670, 2674, 2675, 2676, 2677, 2680, 2681, 2682, 2685, 2686, 2688, 2690, 2711, 2730, 2737, 2746, 2747, 2762, 2764, 2767, 2769, 2773, 2782, 2783, 2791, 2793, 2794, 2797, 2807, 2808, 2811, 2834, 2835, 2838, 2844, 2845, 2848, 2849, 2853, 2856, 2862, 2863, 2866, 2867, 2870, 2872, 2873, 2874, 2875, 2880, 2881, 2882, 2883, 2884], "summary": {"covered_lines": 1149, "num_statements": 1382, "percent_covered": 77.69953051643192, "percent_covered_display": "78", "missing_lines": 233, "excluded_lines": 1, "percent_statements_covered": 83.14037626628075, "percent_statements_covered_display": "83", "num_branches": 748, "num_partial_branches": 146, "covered_branches": 506, "missing_branches": 242, "percent_branches_covered": 67.6470588235294, "percent_branches_covered_display": "68"}, "missing_lines": [197, 213, 257, 258, 261, 267, 268, 308, 309, 482, 483, 514, 522, 549, 552, 613, 626, 646, 647, 648, 649, 696, 896, 897, 898, 938, 939, 1002, 1003, 1004, 1006, 1007, 1008, 1014, 1015, 1036, 1046, 1047, 1048, 1049, 1102, 1106, 1111, 1114, 1115, 1176, 1189, 1228, 1231, 1232, 1234, 1255, 1258, 1260, 1263, 1265, 1310, 1312, 1314, 1320, 1321, 1331, 1424, 1425, 1426, 1427, 1493, 1494, 1495, 1496, 1527, 1569, 1607, 1644, 1779, 1843, 1861, 1870, 1873, 1874, 1878, 1893, 1896, 1897, 1900, 1952, 1956, 1957, 1958, 1980, 2006, 2014, 2016, 2029, 2030, 2031, 2032, 2033, 2034, 2038, 2055, 2105, 2106, 2107, 2108, 2139, 2243, 2254, 2255, 2256, 2258, 2259, 2260, 2261, 2263, 2283, 2377, 2379, 2380, 2381, 2382, 2383, 2384, 2385, 2412, 2414, 2415, 2416, 2417, 2418, 2473, 2474, 2475, 2477, 2478, 2479, 2480, 2481, 2482, 2483, 2484, 2485, 2486, 2487, 2488, 2489, 2490, 2492, 2518, 2519, 2520, 2522, 2523, 2524, 2525, 2526, 2528, 2554, 2555, 2556, 2558, 2559, 2560, 2561, 2562, 2564, 2590, 2591, 2592, 2593, 2601, 2602, 2603, 2604, 2605, 2606, 2607, 2608, 2614, 2618, 2619, 2620, 2633, 2635, 2641, 2642, 2643, 2644, 2645, 2646, 2647, 2648, 2653, 2671, 2692, 2693, 2694, 2695, 2696, 2697, 2698, 2699, 2700, 2701, 2702, 2703, 2704, 2705, 2718, 2727, 2728, 2732, 2733, 2734, 2735, 2749, 2750, 2754, 2755, 2756, 2757, 2758, 2759, 2760, 2765, 2770, 2771, 2840, 2850, 2877, 2887, 2888, 2890], "excluded_lines": [627], "executed_branches": [[196, 199], [203, 204], [203, 207], [207, 208], [221, 222], [221, 229], [225, 226], [225, 227], [229, 230], [229, 236], [232, 233], [232, 234], [236, 237], [236, 242], [238, 239], [238, 240], [242, 243], [242, 250], [244, 245], [244, 246], [247, 248], [250, 251], [250, 256], [252, 253], [252, 254], [256, 260], [260, 263], [263, 264], [263, 279], [266, 270], [270, 271], [270, 277], [279, 281], [279, 285], [281, 282], [304, 305], [304, 327], [307, 315], [315, 316], [327, 328], [327, 336], [354, 355], [354, 356], [370, 371], [375, -358], [375, 379], [395, 396], [395, 398], [398, 401], [398, 413], [402, 403], [402, 411], [429, 430], [433, 434], [433, 509], [434, 435], [434, 507], [447, 449], [447, 489], [457, 462], [457, 472], [476, 477], [489, 493], [521, 524], [525, 526], [526, 527], [526, 530], [537, 538], [537, 555], [541, 543], [541, 546], [546, 548], [555, 556], [555, 561], [561, 562], [561, 563], [563, 564], [563, 567], [590, 591], [591, 592], [592, 593], [592, 594], [660, 661], [664, 665], [681, 682], [681, 700], [685, 686], [685, 689], [689, 690], [689, 695], [695, 700], [713, 714], [713, 717], [742, 743], [751, 752], [765, 766], [766, 768], [766, 798], [768, 769], [770, 773], [770, 788], [774, 776], [778, 766], [778, 779], [783, 784], [790, 791], [790, 793], [793, 794], [806, 807], [807, 808], [807, 811], [808, 809], [833, 834], [834, 836], [834, 900], [842, 843], [842, 887], [850, 851], [850, 858], [865, 866], [865, 869], [870, 871], [870, 874], [883, 884], [887, 888], [887, 891], [891, 892], [912, 913], [912, 922], [919, 920], [919, 922], [936, 940], [940, 943], [940, 950], [943, 944], [943, 947], [950, 951], [950, 971], [951, 952], [951, 971], [954, 955], [957, 958], [957, 965], [959, 960], [959, 963], [974, 975], [974, 978], [978, 979], [978, 987], [979, 978], [979, 982], [983, 978], [983, 984], [1001, 1011], [1013, 1019], [1034, 1035], [1034, 1045], [1035, 1038], [1038, 1039], [1038, 1042], [1045, 1051], [1058, 1059], [1058, 1061], [1063, 1064], [1063, 1066], [1066, 1067], [1066, 1068], [1068, 1069], [1068, 1071], [1079, 1080], [1080, 1081], [1080, 1141], [1083, 1084], [1083, 1087], [1087, 1088], [1087, 1117], [1093, 1094], [1101, 1105], [1105, 1107], [1107, 1139], [1117, 1118], [1122, 1123], [1122, 1124], [1124, 1128], [1124, 1134], [1134, 1135], [1134, 1137], [1149, 1150], [1149, 1220], [1150, 1151], [1150, 1220], [1153, 1154], [1153, 1157], [1157, 1158], [1157, 1193], [1163, 1164], [1171, 1172], [1171, 1175], [1175, 1177], [1177, 1181], [1177, 1188], [1188, 1215], [1193, 1194], [1198, 1199], [1198, 1200], [1200, 1204], [1200, 1210], [1210, 1211], [1210, 1213], [1215, 1216], [1215, 1218], [1246, 1247], [1246, 1252], [1252, 1253], [1252, 1254], [1254, 1256], [1256, 1257], [1269, 1270], [1269, 1273], [1281, 1282], [1281, 1284], [1300, 1301], [1300, 1316], [1304, 1306], [1307, 1308], [1307, 1315], [1308, 1309], [1316, 1317], [1316, 1333], [1317, 1318], [1317, 1333], [1318, 1322], [1322, 1324], [1322, 1326], [1326, 1327], [1350, 1351], [1350, 1385], [1354, 1356], [1354, 1368], [1356, 1358], [1356, 1363], [1361, 1362], [1363, 1365], [1368, 1369], [1368, 1383], [1373, 1374], [1373, 1377], [1378, 1379], [1378, 1380], [1404, 1405], [1404, 1431], [1408, 1409], [1408, 1418], [1409, 1410], [1409, 1415], [1413, 1414], [1415, 1416], [1418, 1419], [1418, 1429], [1421, 1422], [1448, 1449], [1448, 1475], [1452, 1453], [1452, 1462], [1453, 1454], [1453, 1459], [1457, 1458], [1459, 1460], [1462, 1463], [1462, 1473], [1465, 1466], [1465, 1468], [1469, 1470], [1469, 1471], [1484, 1485], [1485, 1486], [1485, 1490], [1487, 1488], [1490, 1491], [1522, 1523], [1523, 1524], [1523, 1530], [1524, 1525], [1532, 1533], [1532, 1539], [1533, 1534], [1533, 1536], [1539, 1540], [1539, 1543], [1564, 1565], [1564, 1578], [1568, 1570], [1570, 1571], [1571, 1572], [1571, 1574], [1574, 1575], [1574, 1578], [1578, 1579], [1578, 1585], [1579, 1580], [1579, 1585], [1585, 1586], [1585, 1590], [1587, 1588], [1606, 1609], [1612, 1613], [1612, 1620], [1620, 1621], [1637, 1638], [1637, 1640], [1643, 1647], [1647, 1648], [1647, 1655], [1655, 1656], [1659, 1660], [1659, 1662], [1674, 1675], [1675, 1676], [1675, 1683], [1677, 1678], [1679, 1680], [1697, 1698], [1699, 1700], [1699, 1714], [1703, 1704], [1706, 1707], [1706, 1709], [1709, 1710], [1709, 1712], [1732, 1733], [1734, 1735], [1734, 1751], [1737, 1738], [1740, 1741], [1740, 1745], [1745, 1746], [1745, 1749], [1762, 1764], [1762, 1776], [1764, 1766], [1764, 1769], [1776, 1777], [1797, 1798], [1799, 1800], [1799, 1816], [1802, 1803], [1805, 1806], [1805, 1810], [1810, 1811], [1810, 1814], [1838, 1839], [1839, 1840], [1839, 1922], [1842, 1846], [1846, 1847], [1846, 1882], [1852, 1853], [1860, 1864], [1864, 1865], [1864, 1866], [1866, 1877], [1877, 1904], [1882, 1883], [1887, 1888], [1887, 1889], [1889, 1899], [1899, 1902], [1904, 1905], [1904, 1908], [1911, 1912], [1911, 1917], [1917, 1918], [1917, 1920], [1932, 1933], [1949, 1950], [1972, 1973], [1972, 1986], [1975, 1976], [1975, 1977], [1977, 1978], [1977, 1986], [1979, 1981], [1986, 1987], [1986, 2001], [1989, 1991], [1989, 1999], [1991, 1993], [1991, 1998], [1993, 1989], [1993, 1994], [2005, 2007], [2007, 2009], [2026, 2035], [2035, 2036], [2041, 2042], [2041, 2043], [2049, 2050], [2049, 2051], [2090, 2091], [2090, 2093], [2103, 2111], [2138, 2141], [2157, 2158], [2158, 2159], [2158, 2166], [2160, 2161], [2162, 2163], [2162, 2164], [2178, 2179], [2178, 2185], [2179, 2180], [2179, 2185], [2181, 2182], [2205, 2206], [2205, 2207], [2207, 2208], [2207, 2209], [2218, 2219], [2218, 2223], [2220, 2221], [2220, 2222], [2235, 2236], [2236, 2237], [2236, 2246], [2238, 2239], [2240, 2241], [2240, 2242], [2242, 2244], [2275, 2276], [2276, 2277], [2276, 2286], [2278, 2279], [2280, 2281], [2280, 2282], [2282, 2284], [2298, 2299], [2299, 2300], [2299, 2304], [2301, 2302], [2316, 2317], [2317, 2318], [2317, 2322], [2319, 2320], [2334, 2335], [2334, 2337], [2349, 2350], [2349, 2362], [2350, 2351], [2350, 2362], [2354, 2355], [2357, 2358], [2357, 2360], [2376, 2388], [2388, 2389], [2389, 2390], [2389, 2395], [2411, 2421], [2421, 2422], [2422, 2423], [2422, 2428], [2441, 2442], [2442, 2443], [2442, 2447], [2444, 2445], [2459, 2460], [2460, 2461], [2460, 2465], [2462, 2463], [2504, 2505], [2505, 2506], [2505, 2510], [2507, 2508], [2540, 2541], [2541, 2542], [2541, 2546], [2543, 2544], [2576, 2577], [2577, 2578], [2577, 2582], [2579, 2580], [2628, 2629], [2630, 2631], [2632, 2634], [2634, 2637], [2666, 2667], [2670, 2674], [2674, 2675], [2674, 2676], [2676, 2677], [2685, 2686], [2746, 2747], [2764, -2762], [2769, -2767], [2782, -2773], [2782, 2783], [2838, 2844], [2849, 2853], [2862, 2863], [2862, 2866], [2866, 2867], [2866, 2870], [2870, 2872], [2870, 2880], [2874, 2875], [2880, 2881], [2883, 2884]], "missing_branches": [[196, 197], [207, 213], [247, 285], [256, 257], [260, 261], [266, 267], [281, 285], [307, 308], [315, 327], [370, 374], [429, 514], [476, 485], [489, 434], [521, 522], [525, 530], [546, 549], [549, 552], [549, 555], [590, 594], [591, 594], [660, 664], [664, 668], [695, 696], [742, 744], [751, 753], [765, 798], [768, 766], [774, 778], [783, 785], [793, 796], [806, 811], [808, 807], [833, 900], [883, 834], [891, 896], [897, 834], [897, 898], [936, 938], [954, 957], [1001, 1002], [1002, 1003], [1002, 1006], [1013, 1014], [1035, 1036], [1045, 1046], [1079, 1141], [1093, 1101], [1101, 1102], [1105, 1106], [1107, 1111], [1117, 1139], [1163, 1171], [1175, 1176], [1188, 1189], [1193, 1215], [1254, 1255], [1256, 1258], [1258, 1260], [1258, 1265], [1304, 1333], [1308, 1310], [1310, 1312], [1310, 1314], [1318, 1320], [1326, 1331], [1361, 1354], [1363, 1354], [1413, 1408], [1415, 1408], [1421, 1424], [1425, 1426], [1425, 1427], [1457, 1452], [1459, 1452], [1484, 1493], [1487, 1485], [1490, 1498], [1493, 1494], [1493, 1498], [1495, 1496], [1495, 1498], [1522, 1530], [1524, 1527], [1568, 1569], [1570, 1574], [1587, 1590], [1606, 1607], [1620, 1623], [1643, 1644], [1655, 1659], [1674, 1683], [1677, 1679], [1679, 1681], [1697, 1714], [1703, 1706], [1732, 1751], [1737, 1740], [1776, 1779], [1797, 1816], [1802, 1805], [1838, 1922], [1842, 1843], [1852, 1860], [1860, 1861], [1866, 1870], [1877, 1878], [1882, 1904], [1889, 1893], [1899, 1900], [1932, 1936], [1949, 1952], [1956, 1957], [1956, 1958], [1979, 1980], [2005, 2006], [2007, 2014], [2026, 2029], [2032, 2033], [2032, 2034], [2035, 2038], [2103, 2105], [2138, 2139], [2157, 2166], [2160, 2162], [2181, 2183], [2235, 2246], [2238, 2240], [2242, 2243], [2258, 2259], [2258, 2260], [2260, 2261], [2260, 2263], [2275, 2286], [2278, 2280], [2282, 2283], [2298, 2304], [2301, 2299], [2316, 2322], [2319, 2317], [2354, 2357], [2376, 2377], [2380, 2381], [2380, 2384], [2381, 2382], [2381, 2384], [2384, 2385], [2384, 2388], [2388, 2395], [2411, 2412], [2415, 2416], [2415, 2421], [2416, 2417], [2416, 2421], [2421, 2428], [2441, 2447], [2444, 2442], [2459, 2465], [2462, 2460], [2477, 2478], [2477, 2492], [2478, 2479], [2478, 2492], [2480, 2481], [2480, 2482], [2482, 2483], [2482, 2484], [2484, 2485], [2484, 2486], [2486, 2487], [2486, 2488], [2488, 2489], [2488, 2490], [2504, 2510], [2507, 2505], [2522, 2523], [2522, 2528], [2523, 2524], [2523, 2528], [2525, 2523], [2525, 2526], [2540, 2546], [2543, 2541], [2558, 2559], [2558, 2564], [2559, 2560], [2559, 2564], [2561, 2559], [2561, 2562], [2576, 2582], [2579, 2577], [2602, 2603], [2602, 2604], [2604, 2605], [2604, 2606], [2606, 2607], [2606, 2608], [2628, 2630], [2630, 2632], [2632, 2633], [2634, 2635], [2642, 2643], [2642, 2644], [2644, 2645], [2644, 2646], [2646, 2647], [2646, 2648], [2666, 2670], [2670, 2671], [2676, 2685], [2685, 2688], [2693, 2694], [2693, 2695], [2695, 2696], [2695, 2697], [2697, 2698], [2697, 2699], [2699, 2700], [2699, 2701], [2701, 2702], [2701, 2703], [2703, 2704], [2703, 2705], [2733, 2734], [2733, 2735], [2746, 2749], [2749, 2750], [2749, 2754], [2755, 2756], [2755, 2757], [2757, 2758], [2757, 2759], [2759, -2737], [2759, 2760], [2764, 2765], [2769, 2770], [2838, 2840], [2849, 2850], [2874, 2877], [2880, 2887], [2883, 2887], [2887, 2888], [2887, 2890]], "functions": {"SemanticAnalyzer.__init__": {"executed_lines": [186, 187, 188], "summary": {"covered_lines": 3, "num_statements": 3, "percent_covered": 100.0, "percent_covered_display": "100", "missing_lines": 0, "excluded_lines": 0, "percent_statements_covered": 100.0, "percent_statements_covered_display": "100", "num_branches": 0, "num_partial_branches": 0, "covered_branches": 0, "missing_branches": 0, "percent_branches_covered": 100.0, "percent_branches_covered_display": "100"}, "missing_lines": [], "excluded_lines": [], "start_line": 185, "executed_branches": [], "missing_branches": []}, "SemanticAnalyzer.analyze": {"executed_lines": [196, 199, 202, 203, 204, 207, 208], "summary": {"covered_lines": 7, "num_statements": 9, "percent_covered": 73.33333333333333, "percent_covered_display": "73", "missing_lines": 2, "excluded_lines": 0, "percent_statements_covered": 77.77777777777777, "percent_statements_covered_display": "78", "num_branches": 6, "num_partial_branches": 2, "covered_branches": 4, "missing_branches": 2, "percent_branches_covered": 66.66666666666667, "percent_branches_covered_display": "67"}, "missing_lines": [197, 213], "excluded_lines": [], "start_line": 190, "executed_branches": [[196, 199], [203, 204], [203, 207], [207, 208]], "missing_branches": [[196, 197], [207, 213]]}, "SemanticAnalyzer._analyze_expression": {"executed_lines": [218, 221, 222, 224, 225, 226, 227, 229, 230, 231, 232, 233, 234, 236, 237, 238, 239, 240, 242, 243, 244, 245, 246, 247, 248, 250, 251, 252, 253, 254, 256, 260, 263, 264, 266, 270, 271, 275, 277, 279, 281, 282, 283, 285], "summary": {"covered_lines": 44, "num_statements": 49, "percent_covered": 88.23529411764706, "percent_covered_display": "88", "missing_lines": 5, "excluded_lines": 0, "percent_statements_covered": 89.79591836734694, "percent_statements_covered_display": "90", "num_branches": 36, "num_partial_branches": 5, "covered_branches": 31, "missing_branches": 5, "percent_branches_covered": 86.11111111111111, "percent_branches_covered_display": "86"}, "missing_lines": [257, 258, 261, 267, 268], "excluded_lines": [], "start_line": 215, "executed_branches": [[221, 222], [221, 229], [225, 226], [225, 227], [229, 230], [229, 236], [232, 233], [232, 234], [236, 237], [236, 242], [238, 239], [238, 240], [242, 243], [242, 250], [244, 245], [244, 246], [247, 248], [250, 251], [250, 256], [252, 253], [252, 254], [256, 260], [260, 263], [263, 264], [263, 279], [266, 270], [270, 271], [270, 277], [279, 281], [279, 285], [281, 282]], "missing_branches": [[247, 285], [256, 257], [260, 261], [266, 267], [281, 285]]}, "SemanticAnalyzer._analyze_function_arg": {"executed_lines": [304, 305, 307, 315, 316, 317, 319, 320, 327, 328, 329, 336], "summary": {"covered_lines": 12, "num_statements": 14, "percent_covered": 81.81818181818181, "percent_covered_display": "82", "
[...]
: [], "missing_branches": []}, "MUMPSRuntime.clear": {"executed_lines": [791], "summary": {"covered_lines": 1, "num_statements": 1, "percent_covered": 100.0, "percent_covered_display": "100", "missing_lines": 0, "excluded_lines": 0, "percent_statements_covered": 100.0, "percent_statements_covered_display": "100", "num_branches": 0, "num_partial_branches": 0, "covered_branches": 0, "missing_branches": 0, "percent_branches_covered": 100.0, "percent_branches_covered_display": "100"}, "missing_lines": [], "excluded_lines": [], "start_line": 789, "executed_branches": [], "missing_branches": []}, "MUMPSRuntime.get_var": {"executed_lines": [828, 829, 832, 835, 836, 842, 843, 846], "summary": {"covered_lines": 8, "num_statements": 8, "percent_covered": 100.0, "percent_covered_display": "100", "missing_lines": 0, "excluded_lines": 0, "percent_statements_covered": 100.0, "percent_statements_covered_display": "100", "num_branches": 6, "num_partial_branches": 0, "covered_branches": 6, "missing_branches": 0, "percent_branches_covered": 100.0, "percent_branches_covered_display": "100"}, "missing_lines": [], "excluded_lines": [], "start_line": 797, "executed_branches": [[828, 829], [828, 832], [835, 836], [835, 842], [842, 843], [842, 846]], "missing_branches": []}, "MUMPSRuntime._get_local_var": {"executed_lines": [861, 863, 864, 867, 868], "summary": {"covered_lines": 5, "num_statements": 8, "percent_covered": 57.142857142857146, "percent_covered_display": "57", "missing_lines": 3, "excluded_lines": 0, "percent_statements_covered": 62.5, "percent_statements_covered_display": "62", "num_branches": 6, "num_partial_branches": 1, "covered_branches": 3, "missing_branches": 3, "percent_branches_covered": 50.0, "percent_branches_covered_display": "50"}, "missing_lines": [869, 871, 874], "excluded_lines": [], "start_line": 848, "executed_branches": [[863, 864], [863, 867], [867, 868]], "missing_branches": [[867, 869], [869, 871], [869, 874]]}, "MUMPSRuntime._get_global_var": {"executed_lines": [887, 888, 891, 893, 894, 896, 897, 898, 899], "summary": {"covered_lines": 9, "num_statements": 9, "percent_covered": 100.0, "percent_covered_display": "100", "missing_lines": 0, "excluded_lines": 0, "percent_statements_covered": 100.0, "percent_statements_covered_display": "100", "num_branches": 6, "num_partial_branches": 0, "covered_branches": 6, "missing_branches": 0, "percent_branches_covered": 100.0, "percent_branches_covered_display": "100"}, "missing_lines": [], "excluded_lines": [], "start_line": 876, "executed_branches": [[887, 888], [887, 891], [893, 894], [893, 896], [897, 898], [897, 899]], "missing_branches": []}, "MUMPSRuntime.set_var": {"executed_lines": [930, 931, 934, 937, 938, 944, 945, 946, 949], "summary": {"covered_lines": 9, "num_statements": 9, "percent_covered": 100.0, "percent_covered_display": "100", "missing_lines": 0, "excluded_lines": 0, "percent_statements_covered": 100.0, "percent_statements_covered_display": "100", "num_branches": 6, "num_partial_branches": 0, "covered_branches": 6, "missing_branches": 0, "percent_branches_covered": 100.0, "percent_branches_covered_display": "100"}, "missing_lines": [], "excluded_lines": [], "start_line": 901, "executed_branches": [[930, 931], [930, 934], [937, 938], [937, 944], [944, 945], [944, 949]], "missing_branches": []}, "MUMPSRuntime._set_local_var": {"executed_lines": [966, 968, 969, 972, 973, 976], "summary": {"covered_lines": 6, "num_statements": 6, "percent_covered": 100.0, "percent_covered_display": "100", "missing_lines": 0, "excluded_lines": 0, "percent_statements_covered": 100.0, "percent_statements_covered_display": "100", "num_branches": 4, "num_partial_branches": 0, "covered_branches": 4, "missing_branches": 0, "percent_branches_covered": 100.0, "percent_branches_covered_display": "100"}, "missing_lines": [], "excluded_lines": [], "start_line": 951, "executed_branches": [[966, 968], [966, 972], [972, 973], [972, 976]], "missing_branches": []}, "MUMPSRuntime._set_global_var": {"executed_lines": [989, 990, 993, 996, 997, 999, 1000, 1002], "summary": {"covered_lines": 8, "num_statements": 8, "percent_covered": 85.71428571428571, "percent_covered_display": "86", "missing_lines": 0, "excluded_lines": 0, "percent_statements_covered": 100.0, "percent_statements_covered_display": "100", "num_branches": 6, "num_partial_branches": 2, "covered_branches": 4, "missing_branches": 2, "percent_branches_covered": 66.66666666666667, "percent_branches_covered_display": "67"}, "missing_lines": [], "excluded_lines": [], "start_line": 978, "executed_branches": [[989, 990], [996, 997], [999, 1000], [999, 1002]], "missing_branches": [[989, 993], [996, 999]]}, "MUMPSRuntime.resolve_indirection": {"executed_lines": [1039, 1040, 1044, 1051, 1053, 1054, 1067, 1068, 1075, 1078, 1081, 1090, 1094, 1095, 1106, 1107, 1113], "summary": {"covered_lines": 17, "num_statements": 29, "percent_covered": 54.716981132075475, "percent_covered_display": "55", "missing_lines": 12, "excluded_lines": 0, "percent_statements_covered": 58.62068965517241, "percent_statements_covered_display": "59", "num_branches": 24, "num_partial_branches": 4, "covered_branches": 12, "missing_branches": 12, "percent_branches_covered": 50.0, "percent_branches_covered_display": "50"}, "missing_lines": [1056, 1057, 1058, 1059, 1060, 1079, 1082, 1096, 1097, 1098, 1099, 1100], "excluded_lines": [], "start_line": 1004, "executed_branches": [[1039, 1040], [1039, 1044], [1051, 1053], [1051, 1094], [1054, 1067], [1067, 1068], [1067, 1075], [1078, 1081], [1081, 1090], [1095, 1106], [1106, 1107], [1106, 1113]], "missing_branches": [[1054, 1056], [1056, 1057], [1056, 1058], [1059, 1060], [1059, 1075], [1078, 1079], [1081, 1082], [1095, 1096], [1096, 1097], [1096, 1098], [1099, 1100], [1099, 1113]]}, "MUMPSRuntime.parse_call_target": {"executed_lines": [1144, 1145, 1147, 1150, 1151, 1152, 1153, 1154, 1155, 1158, 1165, 1166, 1169, 1170, 1172, 1173, 1174, 1175, 1176, 1177, 1178, 1183, 1186, 1192], "summary": {"covered_lines": 24, "num_statements": 27, "percent_covered": 85.36585365853658, "percent_covered_display": "85", "missing_lines": 3, "excluded_lines": 0, "percent_statements_covered": 88.88888888888889, "percent_statements_covered_display": "89", "num_branches": 14, "num_partial_branches": 3, "covered_branches": 11, "missing_branches": 3, "percent_branches_covered": 78.57142857142857, "percent_branches_covered_display": "79"}, "missing_lines": [1156, 1159, 1187], "excluded_lines": [], "start_line": 1115, "executed_branches": [[1144, 1145], [1144, 1147], [1151, 1152], [1151, 1165], [1155, 1158], [1158, 1165], [1165, 1166], [1165, 1169], [1172, 1173], [1172, 1183], [1186, 1192]], "missing_branches": [[1155, 1156], [1158, 1159], [1186, 1187]]}, "MUMPSRuntime.execute_mumps": {"executed_lines": [1233, 1234, 1238, 1239], "summary": {"covered_lines": 4, "num_statements": 25, "percent_covered": 15.151515151515152, "percent_covered_display": "15", "missing_lines": 21, "excluded_lines": 0, "percent_statements_covered": 16.0, "percent_statements_covered_display": "16", "num_branches": 8, "num_partial_branches": 1, "covered_branches": 1, "missing_branches": 7, "percent_branches_covered": 12.5, "percent_branches_covered_display": "12"}, "missing_lines": [1242, 1243, 1246, 1248, 1251, 1254, 1255, 1256, 1257, 1260, 1272, 1274, 1276, 1279, 1280, 1282, 1285, 1286, 1291, 1293, 1295], "excluded_lines": [], "start_line": 1194, "executed_branches": [[1238, 1239]], "missing_branches": [[1238, 1242], [1246, 1248], [1246, 1251], [1279, 1280], [1279, 1282], [1285, 1286], [1285, 1291]]}, "MUMPSRuntime.execute": {"executed_lines": [1319, 1320, 1323, 1326, 1328, 1329, 1330, 1332, 1334, 1338, 1341, 1343, 1347, 1348, 1349, 1350, 1353, 1355, 1362, 1363], "summary": {"covered_lines": 20, "num_statements": 20, "percent_covered": 92.85714285714286, "percent_covered_display": "93", "missing_lines": 0, "excluded_lines": 0, "percent_statements_covered": 100.0, "percent_statements_covered_display": "100", "num_branches": 8, "num_partial_branches": 2, "covered_branches": 6, "missing_branches": 2, "percent_branches_covered": 75.0, "percent_branches_covered_display": "75"}, "missing_lines": [], "excluded_lines": [], "start_line": 1297, "executed_branches": [[1319, 1320], [1319, 1323], [1341, 1343], [1341, 1347], [1347, 1348], [1349, 1350]], "missing_branches": [[1347, 1353], [1349, 1353]]}, "MUMPSRuntime._find_first_function": {"executed_lines": [1383, 1384, 1386, 1387], "summary": {"covered_lines": 4, "num_statements": 5, "percent_covered": 77.77777777777777, "percent_covered_display": "78", "missing_lines": 1, "excluded_lines": 0, "percent_statements_covered": 80.0, "percent_statements_covered_display": "80", "num_branches": 4, "num_partial_branches": 1, "covered_branches": 3, "missing_branches": 1, "percent_branches_covered": 75.0, "percent_branches_covered_display": "75"}, "missing_lines": [1388], "excluded_lines": [], "start_line": 1370, "executed_branches": [[1383, 1384], [1386, 1383], [1386, 1387]], "missing_branches": [[1383, 1388]]}, "": {"executed_lines": [7, 9, 10, 11, 12, 14, 25, 26, 29, 73, 121, 174, 210, 223, 236, 246, 259, 260, 261, 264, 296, 305, 306, 313, 314, 318, 341, 362, 386, 409, 445, 465, 519, 533, 549, 558, 567, 666, 667, 678, 679, 680, 681, 682, 685, 698, 706, 766, 781, 789, 797, 848, 876, 901, 951, 978, 1004, 1115, 1194, 1297, 1370, 1391], "summary": {"covered_lines": 62, "num_statements": 63, "percent_covered": 96.92307692307692, "percent_covered_display": "97", "missing_lines": 1, "excluded_lines": 1, "percent_statements_covered": 98.41269841269842, "percent_statements_covered_display": "98", "num_branches": 2, "num_partial_branches": 1, "covered_branches": 1, "missing_branches": 1, "percent_branches_covered": 50.0, "percent_branches_covered_display": "50"}, "missing_lines": [15], "excluded_lines": [504], "start_line": 1, "executed_branches": [[14, 25]], "missing_branches": [[14, 15]]}}, "classes": {"IndirectionError": {"executed_lines": [230, 231, 232, 233, 234, 237, 238, 239, 240, 242, 243], "summary": {"covered_lines": 11, "num_statements": 12, "percent_covered": 87.5, "percent_covered_display": "88", "missing_lines": 1, "excluded_lines": 0, "percent_statements_covered": 91.66666666666667, "percent_statements_covered_display": "92", "num_branches": 4, "num_partial_branches": 1, "covered_branches": 3, "missing_branches": 1, "percent_branches_covered": 75.0, "percent_branches_covered_display": "75"}, "missing_lines": [241], "excluded_lines": [], "start_line": 210, "executed_branches": [[238, 239], [238, 243], [240, 242]], "missing_branches": [[240, 241]]}, "CallTarget": {"executed_lines": [], "summary": {"covered_lines": 0, "num_statements": 0, "percent_covered": 100.0, "percent_covered_display": "100", "missing_lines": 0, "excluded_lines": 0, "percent_statements_covered": 100.0, "percent_statements_covered_display": "100", "num_branches": 0, "num_partial_branches": 0, "covered_branches": 0, "missing_branches": 0, "percent_branches_covered": 100.0, "percent_branches_covered_display": "100"}, "missing_lines": [], "excluded_lines": [], "start_line": 246, "executed_branches": [], "missing_branches": []}, "MArray": {"executed_lines": [302, 303, 311, 316, 331, 332, 333, 334, 335, 337, 338, 339, 352, 353, 354, 355, 356, 358, 359, 360, 376, 379, 380, 381, 382, 383, 384, 401, 402, 404, 405, 407, 424, 425, 427, 428, 429, 430, 431, 433, 434, 436, 437, 438, 439, 440, 441, 443, 451, 452, 453, 455, 456, 457, 459, 461, 462, 463, 478, 479, 481, 482, 483, 485, 486, 489, 491, 492, 494, 495, 496], "summary": {"covered_lines": 71, "num_statements": 79, "percent_covered": 87.96992481203007, "percent_covered_display": "88", "missing_lines": 8, "excluded_lines": 7, "percent_statements_covered": 89.87341772151899, "percent_statements_covered_display": "90", "num_branches": 54, "num_partial_branches": 4, "covered_branches": 46, "missing_branches": 8, "percent_branches_covered": 85.18518518518519, "percent_branches_covered_display": "85"}, "missing_lines": [377, 458, 484, 497, 499, 500, 501, 502], "excluded_lines": [505, 506, 507, 508, 509, 510, 511], "start_line": 264, "executed_branches": [[331, 332], [331, 337], [333, 334], [333, 335], [337, 338], [337, 339], [352, 353], [352, 358], [354, 355], [354, 356], [358, 359], [376, 379], [380, 381], [380, 384], [381, 382], [381, 383], [401, 402], [401, 404], [404, 405], [404, 407], [424, 425], [424, 427], [428, 429], [428, 433], [429, 430], [429, 431], [436, 437], [436, 438], [438, 439], [438, 440], [440, 441], [440, 443], [451, 452], [451, 455], [456, 457], [456, 461], [457, 459], [462, -445], [462, 463], [478, 479], [478, 481], [482, 483], [482, 486], [483, 485], [491, 492], [491, 494]], "missing_branches": [[358, 360], [376, 377], [457, 458], [483, 484], [499, 500], [499, 502], [500, 499], [500, 501]]}, "GotoExternal": {"executed_lines": [540, 541, 542, 543, 544, 545, 546], "summary": {"covered_lines": 7, "num_statements": 7, "percent_covered": 100.0, "percent_covered_display": "100", "missing_lines": 0, "excluded_lines": 0, "percent_statements_covered": 100.0, "percent_statements_covered_display": "100", "num_branches": 0, "num_partial_branches": 0, "covered_branches": 0, "missing_branches": 0, "percent_branches_covered": 100.0, "percent_branches_covered_display": "100"}, "missing_lines": [], "excluded_lines": [], "start_line": 519, "executed_branches": [], "missing_branches": []}, "LabelNotFoundError": {"executed_lines": [561, 562, 563, 564], "summary": {"covered_lines": 4, "num_statements": 4, "percent_covered": 100.0, "percent_covered_display": "100", "missing_lines": 0, "excluded_lines": 0, "percent_statements_covered": 100.0, "percent_statements_covered_display": "100", "num_branches": 0, "num_partial_branches": 0, "covered_branches": 0, "missing_branches": 0, "percent_branches_covered": 100.0, "percent_branches_covered_display": "100"}, "missing_lines": [], "excluded_lines": [], "start_line": 549, "executed_branches": [], "missing_branches": []}, "ExecutionResult": {"executed_lines": [], "summary": {"covered_lines": 0, "num_statements": 0, "percent_covered": 100.0, "percent_covered_display": "100", "missing_lines": 0, "excluded_lines": 0, "percent_statements_covered": 100.0, "percent_statements_covered_display": "100", "num_branches": 0, "num_partial_branches": 0, "covered_branches": 0, "missing_branches": 0, "percent_branches_covered": 100.0, "percent_branches_covered_display": "100"}, "missing_lines": [], "excluded_lines": [], "start_line": 667, "executed_branches": [], "missing_branches": []}, "MUMPSRuntime": {"executed_lines": [700, 702, 703, 704, 776, 777, 779, 787, 791, 828, 829, 832, 835, 836, 842, 843, 846, 861, 863, 864, 867, 868, 887, 888, 891, 893, 894, 896, 897, 898, 899, 930, 931, 934, 937, 938, 944, 945, 946, 949, 966, 968, 969, 972, 973, 976, 989, 990, 993, 996, 997, 999, 1000, 1002, 1039, 1040, 1044, 1051, 1053, 1054, 1067, 1068, 1075, 1078, 1081, 1090, 1094, 1095, 1106, 1107, 1113, 1144, 1145, 1147, 1150, 1151, 1152, 1153, 1154, 1155, 1158, 1165, 1166, 1169, 1170, 1172, 1173, 1174, 1175, 1176, 1177, 1178, 1183, 1186, 1192, 1233, 1234, 1238, 1239, 1319, 1320, 1323, 1326, 1328, 1329, 1330, 1332, 1334, 1338, 1341, 1343, 1347, 1348, 1349, 1350, 1353, 1355, 1362, 1363, 1383, 1384, 1386, 1387], "summary": {"covered_lines": 123, "num_statements": 183, "percent_covered": 64.26116838487972, "percent_covered_display": "64", "missing_lines": 60, "excluded_lines": 0, "percent_statements_covered": 67.21311475409836, "percent_statements_covered_display": "67", "num_branches": 108, "num_partial_branches": 14, "covered_branches": 64, "missing_branches": 44, "percent_branches_covered": 59.25925925925926, "percent_branches_covered_display": "59"}, "missing_lines": [734, 735, 736, 737, 740, 741, 744, 745, 746, 748, 749, 752, 753, 754, 755, 756, 759, 762, 763, 764, 869, 871, 874, 1056, 1057, 1058, 1059, 1060, 1079, 1082, 1096, 1097, 1098, 1099, 1100, 1156, 1159, 1187, 1242, 1243, 1246, 1248, 1251, 1254, 1255, 1256, 1257, 1260, 1272, 1274, 1276, 1279, 1280, 1282, 1285, 1286, 1291, 1293, 1295, 1388], "excluded_lines": [], "start_line": 685, "executed_branches": [[776, 777], [776, 779], [828, 829], [828, 832], [835, 836], [835, 842], [842, 843], [842, 846], [863, 864], [863, 867], [867, 868], [887, 888], [887, 891], [893, 894], [893, 896], [897, 898], [897, 899], [930, 931], [930, 934], [937, 938], [937, 944], [944, 945], [944, 949], [966, 968], [966, 972], [972, 973], [972, 976], [989, 990], [996, 997], [999, 1000], [999, 1002], [1039, 1040], [1039, 1044], [1051, 1053], [1051, 1094], [1054, 1067], [1067, 1068], [1067, 1075], [1078, 1081], [1081, 1090], [1095, 1106], [1106, 1107], [1106, 1113], [1144, 1145], [1144, 1147], [1151, 1152], [1151, 1165], [1155, 1158], [1158, 1165], [1165, 1166], [1165, 1169], [1172, 1173], [1172, 1183], [1186, 1192], [1238, 1239], [1319, 1320], [1319, 1323], [1341, 1343], [1341, 1347], [1347, 1348], [1349, 1350], [1383, 1384], [1386, 1383], [1386, 1387]], "missing_branches": [[734, 735], [734, 740], [735, 736], [735, 737], [740, 741], [740, 744], [744, 745], [744, 748], [752, 753], [752, 759], [754, 755], [754, 756], [762, 763], [762, 764], [867, 869], [869, 871], [869, 874], [989, 993], [996, 999], [1054, 1056], [1056, 1057], [1056, 1058], [1059, 1060], [1059, 1075], [1078, 1079], [1081, 1082], [1095, 1096], [1096, 1097], [1096, 1098], [1099, 1100], [1099, 1113], [1155, 1156], [1158, 1159], [1186, 1187], [1238, 1242], [1246, 1248], [1246, 1251], [1279, 1280], [1279, 1282], [1285, 1286], [1285, 1291], [1347, 1353], [1349, 1353], [1383, 1388]]}, "": {"executed_lines": [7, 9, 10, 11, 12, 14, 25, 26, 29, 65, 66, 68, 69, 70, 73, 100, 101, 102, 104, 107, 112, 113, 117, 118, 121, 140, 141, 142, 143, 144, 146, 147, 151, 155, 158, 161, 162, 163, 165, 168, 169, 171, 174, 184, 188, 189, 191, 210, 223, 236, 246, 259, 260, 261, 264, 296, 305, 306, 313, 314, 318, 341, 362, 386, 409, 445, 465, 519, 533, 549, 558, 567, 597, 598, 600, 601, 602, 603, 604, 605, 607, 608, 609, 611, 614, 647, 649, 650, 651, 656, 659, 660, 663, 666, 667, 678, 679, 680, 681, 682, 685, 698, 706, 766, 781, 789, 797, 848, 876, 901, 951, 978, 1004, 1115, 1194, 1297, 1370, 1391], "summary": {"covered_lines": 118, "num_statements": 151, "percent_covered": 71.92118226600985, "percent_covered_display": "72", "missing_lines": 33, "excluded_lines": 1, "percent_statements_covered": 78.1456953642384, "percent_statements_covered_display": "78", "num_branches": 52, "num_partial_branches": 12, "covered_branches": 28, "missing_branches": 24, "percent_branches_covered": 53.84615384615385, "percent_branches_covered_display": "54"}, "missing_lines": [15, 108, 114, 148, 149, 150, 152, 153, 154, 156, 157, 159, 160, 185, 190, 192, 193, 196, 199, 202, 616, 618, 619, 624, 627, 630, 632, 633, 634, 637, 640, 646, 662], "excluded_lines": [504], "start_line": 1, "executed_branches": [[14, 25], [65, 66], [65, 68], [68, 69], [68, 70], [101, 102], [101, 104], [107, 112], [113, 117], [146, 147], [146, 168], [147, 151], [151, 155], [155, 158], [158, 161], [161, 162], [161, 165], [168, 169], [184, 188], [189, 191], [597, 598], [597, 600], [614, 647], [647, 649], [647, 659], [650, 651], [650, 656], [660, 663]], "missing_branches": [[14, 15], [107, 108], [113, 114], [147, 148], [149, 146], [149, 150], [151, 152], [155, 156], [158, 159], [168, 171], [184, 185], [189, 190], [196, 199], [196, 202], [614, 616], [616, 618], [616, 627], [618, 619], [618, 624], [630, 632], [630, 640], [633, 634], [633, 637], [660, 662]]}}}}, "totals": {"covered_lines": 5162, "num_statements": 5874, "percent_covered": 84.03532608695652, "percent_covered_display": "84", "missing_lines": 712, "excluded_lines": 42, "percent_statements_covered": 87.87878787878788, "percent_statements_covered_display": "88", "num_branches": 2958, "num_partial_branches": 442, "covered_branches": 2260, "missing_branches": 698, "percent_branches_covered": 76.40297498309668, "percent_branches_covered_display": "76"}}